#
# There is insufficient memory for the Java Runtime Environment to continue.
# Native memory allocation (malloc) failed to allocate 1048576 bytes. Error detail: AllocateHeap
# Possible reasons:
#   The system is out of physical RAM or swap space
#   This process is running with CompressedOops enabled, and the Java Heap may be blocking the growth of the native heap
# Possible solutions:
#   Reduce memory load on the system
#   Increase physical memory or swap space
#   Check if swap backing store is full
#   Decrease Java heap size (-Xmx/-Xms)
#   Decrease number of Java threads
#   Decrease Java thread stack sizes (-Xss)
#   Set larger code cache with -XX:ReservedCodeCacheSize=
#   JVM is running with Unscaled Compressed Oops mode in which the Java heap is
#     placed in the first 4GB address space. The Java Heap base address is the
#     maximum limit for the native heap growth. Please use -XX:HeapBaseMinAddress
#     to set the Java Heap base and to place the Java Heap above 4GB virtual address.
# This output file may be truncated or incomplete.
#
#  Out of Memory Error (allocation.cpp:44), pid=26604, tid=21472
#
# JRE version:  (17.0.14+1) (build )
# Java VM: OpenJDK 64-Bit Server VM (17.0.14+1-b1367.22, mixed mode, sharing, tiered, compressed oops, compressed class ptrs, g1 gc, windows-amd64)
# No core dump will be written. Minidumps are not enabled by default on client versions of Windows
#

---------------  S U M M A R Y ------------

Command Line: -Dfile.encoding=IBM850 --module-path=C:\Users\tu\.m2\repository\org\openjfx\javafx-base\21\javafx-base-21-win.jar;C:\Users\tu\.m2\repository\org\openjfx\javafx-base\21\javafx-base-21.jar;C:\Users\tu\.m2\repository\org\openjfx\javafx-controls\21\javafx-controls-21-win.jar;C:\Users\tu\.m2\repository\org\openjfx\javafx-controls\21\javafx-controls-21.jar;C:\Users\tu\.m2\repository\org\openjfx\javafx-fxml\21\javafx-fxml-21-win.jar;C:\Users\tu\.m2\repository\org\openjfx\javafx-fxml\21\javafx-fxml-21.jar;C:\Users\tu\.m2\repository\org\openjfx\javafx-graphics\21\javafx-graphics-21-win.jar;C:\Users\tu\.m2\repository\org\openjfx\javafx-graphics\21\javafx-graphics-21.jar --add-modules=javafx.base,javafx.controls,javafx.fxml,javafx.graphics utilies.MainApp

Host: 13th Gen Intel(R) Core(TM) i7-1355U, 12 cores, 15G,  Windows 11 , 64 bit Build 26100 (10.0.26100.8246)
Time: Fri May  1 22:31:44 2026 Afr. centrale Ouest elapsed time: 0.013909 seconds (0d 0h 0m 0s)

---------------  T H R E A D  ---------------

Current thread (0x000001aa5b5c9510):  JavaThread "Unknown thread" [_thread_in_vm, id=21472, stack(0x00000091fa200000,0x00000091fa300000)]

Stack: [0x00000091fa200000,0x00000091fa300000]
Native frames: (J=compiled Java code, j=interpreted, Vv=VM code, C=native code)
V  [jvm.dll+0x68b969]
V  [jvm.dll+0x84572a]
V  [jvm.dll+0x8473ae]
V  [jvm.dll+0x847a13]
V  [jvm.dll+0x24a83f]
V  [jvm.dll+0xa7103]
V  [jvm.dll+0x2dd464]
V  [jvm.dll+0x815fbf]
V  [jvm.dll+0x370e88]
V  [jvm.dll+0x7f4875]
V  [jvm.dll+0x3f54ef]
V  [jvm.dll+0x3f70c1]
C  [jli.dll+0x52ab]  JavaMain+0x113  (java.c:413)
C  [ucrtbase.dll+0x37b0]
C  [KERNEL32.DLL+0x2e8d7]
C  [ntdll.dll+0x8c3fc]


---------------  P R O C E S S  ---------------

Threads class SMR info:
_java_thread_list=0x00007ffa17bd9018, length=0, elements={
}

Java Threads: ( => current thread )

Other Threads:

=>0x000001aa5b5c9510 (exited) JavaThread "Unknown thread" [_thread_in_vm, id=21472, stack(0x00000091fa200000,0x00000091fa300000)]

Threads with active compile tasks:

VM state: not at safepoint (not fully initialized)

VM Mutex/Monitor currently owned by a thread: None

Heap address: 0x0000000000000000, size: 0 MB, Compressed Oops mode: 32-bit

CDS archive(s) mapped at: [0x0000000000000000-0x0000000000000000-0x0000000000000000), size 0, SharedBaseAddress: 0x0000000800000000, ArchiveRelocationMode: 1.
Narrow klass base: 0x0000000000000000, Narrow klass shift: 0, Narrow klass range: 0x0

GC Precious Log:
<Empty>

GC Heap History (0 events):
No events

Dll operation events (1 events):
Event: 0.010 Loaded shared library C:\Users\tu\.jdks\jbr-17.0.14\bin\java.dll

Deoptimization events (0 events):
No events

Classes loaded (0 events):
No events

Classes unloaded (0 events):
No events

Classes redefined (0 events):
No events

Internal exceptions (0 events):
No events

VM Operations (0 events):
No events

Memory protections (0 events):
No events

Nmethod flushes (0 events):
No events

Events (0 events):
No events


Dynamic libraries:
0x00007ff7d9400000 - 0x00007ff7d940a000 	C:\Users\tu\.jdks\jbr-17.0.14\bin\java.exe
0x00007ffb03680000 - 0x00007ffb038e7000 	C:\WINDOWS\SYSTEM32\ntdll.dll
0x00007ffb016e0000 - 0x00007ffb017a9000 	C:\WINDOWS\System32\KERNEL32.DLL
0x00007ffafff50000 - 0x00007ffb00344000 	C:\WINDOWS\System32\KERNELBASE.dll
0x00007ffb004a0000 - 0x00007ffb005eb000 	C:\WINDOWS\System32\ucrtbase.dll
0x00007ffae09d0000 - 0x00007ffae09e7000 	C:\Users\tu\.jdks\jbr-17.0.14\bin\jli.dll
0x00007ffaddb70000 - 0x00007ffaddb8b000 	C:\Users\tu\.jdks\jbr-17.0.14\bin\VCRUNTIME140.dll
0x00007ffb02da0000 - 0x00007ffb02f65000 	C:\WINDOWS\System32\USER32.dll
0x00007ffb01330000 - 0x00007ffb01357000 	C:\WINDOWS\System32\win32u.dll
0x00007ffadc270000 - 0x00007ffadc503000 	C:\WINDOWS\WinSxS\amd64_microsoft.windows.common-controls_6595b64144ccf1df_6.0.26100.8115_none_3e075c82e3354f9c\COMCTL32.dll
0x00007ffb02d70000 - 0x00007ffb02d9b000 	C:\WINDOWS\System32\GDI32.dll
0x00007ffb02aa0000 - 0x00007ffb02b49000 	C:\WINDOWS\System32\msvcrt.dll
0x00007ffb01080000 - 0x00007ffb011ab000 	C:\WINDOWS\System32\gdi32full.dll
0x00007ffb00760000 - 0x00007ffb00803000 	C:\WINDOWS\System32\msvcp_win.dll
0x00007ffb02060000 - 0x00007ffb02092000 	C:\WINDOWS\System32\IMM32.DLL
0x00007ffaef840000 - 0x00007ffaef84c000 	C:\Users\tu\.jdks\jbr-17.0.14\bin\vcruntime140_1.dll
0x00007ffad6050000 - 0x00007ffad60dd000 	C:\Users\tu\.jdks\jbr-17.0.14\bin\msvcp140.dll
0x00007ffa17090000 - 0x00007ffa17d1e000 	C:\Users\tu\.jdks\jbr-17.0.14\bin\server\jvm.dll
0x00007ffb02f70000 - 0x00007ffb03026000 	C:\WINDOWS\System32\ADVAPI32.dll
0x00007ffb017b0000 - 0x00007ffb01857000 	C:\WINDOWS\System32\sechost.dll
0x00007ffb028f0000 - 0x00007ffb02a08000 	C:\WINDOWS\System32\RPCRT4.dll
0x00007ffb01fd0000 - 0x00007ffb02050000 	C:\WINDOWS\System32\WS2_32.dll
0x00007ffaffdb0000 - 0x00007ffaffe0e000 	C:\WINDOWS\SYSTEM32\POWRPROF.dll
0x00007ffaece10000 - 0x00007ffaece1b000 	C:\WINDOWS\SYSTEM32\VERSION.dll
0x00007ffafcac0000 - 0x00007ffafcaf6000 	C:\WINDOWS\SYSTEM32\WINMM.dll
0x00007ffaffd90000 - 0x00007ffaffda4000 	C:\WINDOWS\SYSTEM32\UMPDC.dll
0x00007ffafeca0000 - 0x00007ffafecbb000 	C:\WINDOWS\SYSTEM32\kernel.appcore.dll
0x00007ffaef7c0000 - 0x00007ffaef7ca000 	C:\Users\tu\.jdks\jbr-17.0.14\bin\jimage.dll
0x00007ffafdf40000 - 0x00007ffafe182000 	C:\WINDOWS\SYSTEM32\DBGHELP.DLL
0x00007ffb03290000 - 0x00007ffb03612000 	C:\WINDOWS\System32\combase.dll
0x00007ffb02310000 - 0x00007ffb023e8000 	C:\WINDOWS\System32\OLEAUT32.dll
0x00007ffadb610000 - 0x00007ffadb64b000 	C:\WINDOWS\SYSTEM32\dbgcore.DLL
0x00007ffb01360000 - 0x00007ffb01405000 	C:\WINDOWS\System32\bcryptPrimitives.dll
0x00007ffadc960000 - 0x00007ffadc985000 	C:\Users\tu\.jdks\jbr-17.0.14\bin\java.dll

dbghelp: loaded successfully - version: 4.0.5 - missing functions: none
symbol engine: initialized successfully - sym options: 0x614 - pdb path: .;C:\Users\tu\.jdks\jbr-17.0.14\bin;C:\WINDOWS\SYSTEM32;C:\WINDOWS\WinSxS\amd64_microsoft.windows.common-controls_6595b64144ccf1df_6.0.26100.8115_none_3e075c82e3354f9c;C:\Users\tu\.jdks\jbr-17.0.14\bin\server

VM Arguments:
jvm_args: -Dfile.encoding=IBM850 --module-path=C:\Users\tu\.m2\repository\org\openjfx\javafx-base\21\javafx-base-21-win.jar;C:\Users\tu\.m2\repository\org\openjfx\javafx-base\21\javafx-base-21.jar;C:\Users\tu\.m2\repository\org\openjfx\javafx-controls\21\javafx-controls-21-win.jar;C:\Users\tu\.m2\repository\org\openjfx\javafx-controls\21\javafx-controls-21.jar;C:\Users\tu\.m2\repository\org\openjfx\javafx-fxml\21\javafx-fxml-21-win.jar;C:\Users\tu\.m2\repository\org\openjfx\javafx-fxml\21\javafx-fxml-21.jar;C:\Users\tu\.m2\repository\org\openjfx\javafx-graphics\21\javafx-graphics-21-win.jar;C:\Users\tu\.m2\repository\org\openjfx\javafx-graphics\21\javafx-graphics-21.jar --add-modules=javafx.base,javafx.controls,javafx.fxml,javafx.graphics 
java_command: utilies.MainApp
java_class_path (initial): C:\monjava\smoka_user\target\classes;C:\Users\tu\.m2\repository\com\google\protobuf\protobuf-java\3.25.1\protobuf-java-3.25.1.jar;C:\Users\tu\.m2\repository\com\mysql\mysql-connector-j\8.3.0\mysql-connector-j-8.3.0.jar
Launcher Type: SUN_STANDARD

[Global flags]
     intx CICompilerCount                          = 4                                         {product} {ergonomic}
     uint ConcGCThreads                            = 3                                         {product} {ergonomic}
     uint G1ConcRefinementThreads                  = 10                                        {product} {ergonomic}
   size_t G1HeapRegionSize                         = 2097152                                   {product} {ergonomic}
    uintx GCDrainStackTargetSize                   = 64                                        {product} {ergonomic}
   size_t InitialHeapSize                          = 264241152                                 {product} {ergonomic}
   size_t MarkStackSize                            = 4194304                                   {product} {ergonomic}
   size_t MaxHeapSize                              = 4202692608                                {product} {ergonomic}
   size_t MinHeapDeltaBytes                        = 2097152                                   {product} {ergonomic}
   size_t MinHeapSize                              = 8388608                                   {product} {ergonomic}
    uintx NonNMethodCodeHeapSize                   = 5839372                                {pd product} {ergonomic}
    uintx NonProfiledCodeHeapSize                  = 122909434                              {pd product} {ergonomic}
    uintx ProfiledCodeHeapSize                     = 122909434                              {pd product} {ergonomic}
    uintx ReservedCodeCacheSize                    = 251658240                              {pd product} {ergonomic}
     bool SegmentedCodeCache                       = true                                      {product} {ergonomic}
   size_t SoftMaxHeapSize                          = 4202692608                             {manageable} {ergonomic}
     bool UseCompressedClassPointers               = true                           {product lp64_product} {ergonomic}
     bool UseCompressedOops                        = true                           {product lp64_product} {ergonomic}
     bool UseG1GC                                  = true                                      {product} {ergonomic}
     bool UseLargePagesIndividualAllocation        = false                                  {pd product} {ergonomic}

Logging:
Log output configuration:
 #0: stdout all=warning uptime,level,tags
 #1: stderr all=off uptime,level,tags

Environment Variables:
JAVA_HOME=C:\Users\tu\.jdks\jbr-17.0.14
JAVA_TOOL_OPTIONS=-Dfile.encoding=IBM850
PATH=C:\oraclexe\app\oracle\product\11.2.0\server\bin;;C:\Program Files (x86)\Common Files\Oracle\Java\javapath;C:\Program Files (x86)\VMware\VMware Workstation\bin\;C:\WINDOWS\system32;C:\WINDOWS;C:\WINDOWS\System32\Wbem;C:\WINDOWS\System32\WindowsPowerShell\v1.0\;C:\WINDOWS\System32\OpenSSH\;C:\Program Files (x86)\Microsoft SQL Server\160\Tools\Binn\;C:\Program Files\Microsoft SQL Server\160\Tools\Binn\;C:\Program Files\Microsoft SQL Server\Client SDK\ODBC\170\Tools\Binn\;C:\Program Files\Microsoft SQL Server\160\DTS\Binn\;C:\Program Files (x86)\Windows Kits\8.1\Windows Performance Toolkit\;C:\Program Files (x86)\Microchip\MPLAB C32 Suite\bin;C:\Program Files\Git\cmd;C:\Users\tu\AppData\Local\Microsoft\WindowsApps;C:\Users\tu\AppData\Local\Programs\Microsoft VS Code\bin;C:\Users\tu\AppData\Local\Programs\Windsurf\bin
USERNAME=tu
OS=Windows_NT
PROCESSOR_IDENTIFIER=Intel64 Family 6 Model 186 Stepping 3, GenuineIntel
TMP=C:\Users\tu\AppData\Local\Temp
TEMP=C:\Users\tu\AppData\Local\Temp



Periodic native trim disabled

JNI global refs:
JNI global refs: 0, weak refs: 0

JNI global refs memory usage: 0, weak refs: 0

Process memory usage:
Resident Set Size: 14064K (0% of 16412432K total physical memory with 2021072K free physical memory)

OOME stack traces (most recent first):
Classloader memory used:


---------------  S Y S T E M  ---------------

OS:
 Windows 11 , 64 bit Build 26100 (10.0.26100.8246)
OS uptime: 0 days 4:30 hours
Hyper-V role detected

CPU: total 12 (initial active 12) (6 cores per cpu, 2 threads per core) family 6 model 186 stepping 3 microcode 0x4121, cx8, cmov, fxsr, ht, mmx, 3dnowpref, sse, sse2, sse3, ssse3, sse4.1, sse4.2, popcnt, lzcnt, tsc, tscinvbit, avx, avx2, aes, erms, clmul, bmi1, bmi2, adx, sha, fma, vzeroupper, clflush, clflushopt, clwb, hv
Processor Information for processor 0
  Max Mhz: 1700, Current Mhz: 1457, Mhz Limit: 1700
Processor Information for processor 1
  Max Mhz: 1700, Current Mhz: 1700, Mhz Limit: 1700
Processor Information for processor 2
  Max Mhz: 1700, Current Mhz: 1700, Mhz Limit: 1700
Processor Information for processor 3
  Max Mhz: 1700, Current Mhz: 1700, Mhz Limit: 1700
Processor Information for processor 4
  Max Mhz: 1700, Current Mhz: 1200, Mhz Limit: 1190
Processor Information for processor 5
  Max Mhz: 1700, Current Mhz: 1200, Mhz Limit: 1190
Processor Information for processor 6
  Max Mhz: 1700, Current Mhz: 1200, Mhz Limit: 1190
Processor Information for processor 7
  Max Mhz: 1700, Current Mhz: 1200, Mhz Limit: 1190
Processor Information for processor 8
  Max Mhz: 1700, Current Mhz: 1200, Mhz Limit: 1190
Processor Information for processor 9
  Max Mhz: 1700, Current Mhz: 1200, Mhz Limit: 1190
Processor Information for processor 10
  Max Mhz: 1700, Current Mhz: 1200, Mhz Limit: 1190
Processor Information for processor 11
  Max Mhz: 1700, Current Mhz: 1200, Mhz Limit: 1190

Memory: 4k page, system-wide physical 16027M (1973M free)
TotalPageFile size 20867M (AvailPageFile size 6M)
current process WorkingSet (physical memory assigned to process): 13M, peak: 13M
current process commit charge ("private bytes"): 12M, peak: 14M

vm_info: OpenJDK 64-Bit Server VM (17.0.14+1-b1367.22) for windows-amd64 JRE (17.0.14+1-b1367.22), built on 2025-01-30 by "builduser" with MS VC++ 16.10 / 16.11 (VS2019)

END.
