#
# There is insufficient memory for the Java Runtime Environment to continue.
# Native memory allocation (malloc) failed to allocate 1977616 bytes. Error detail: Chunk::new
# Possible reasons:
#   The system is out of physical RAM or swap space
#   This process is running with CompressedOops enabled, and the Java Heap may be blocking the growth of the native heap
# Possible solutions:
#   Reduce memory load on the system
#   Increase physical memory or swap space
#   Check if swap backing store is full
#   Decrease Java heap size (-Xmx/-Xms)
#   Decrease number of Java threads
#   Decrease Java thread stack sizes (-Xss)
#   Set larger code cache with -XX:ReservedCodeCacheSize=
#   JVM is running with Zero Based Compressed Oops mode in which the Java heap is
#     placed in the first 32GB address space. The Java Heap base address is the
#     maximum limit for the native heap growth. Please use -XX:HeapBaseMinAddress
#     to set the Java Heap base and to place the Java Heap above 32GB virtual address.
# This output file may be truncated or incomplete.
#
#  Out of Memory Error (arena.cpp:191), pid=12068, tid=22744
#
# JRE version: OpenJDK Runtime Environment JBR-17.0.14+1-1367.22-nomod (17.0.14+1) (build 17.0.14+1-b1367.22)
# Java VM: OpenJDK 64-Bit Server VM JBR-17.0.14+1-1367.22-nomod (17.0.14+1-b1367.22, mixed mode, sharing, tiered, compressed oops, compressed class ptrs, g1 gc, windows-amd64)
# No core dump will be written. Minidumps are not enabled by default on client versions of Windows
#

---------------  S U M M A R Y ------------

Command Line: -Dfile.encoding=IBM850 --enable-native-access=ALL-UNNAMED -Dclassworlds.conf=C:\Program Files\JetBrains\IntelliJ IDEA 2025.3.1.1\plugins\maven\lib\maven3\bin\m2.conf -Dmaven.home=C:\Program Files\JetBrains\IntelliJ IDEA 2025.3.1.1\plugins\maven\lib\maven3 -Dlibrary.jansi.path=C:\Program Files\JetBrains\IntelliJ IDEA 2025.3.1.1\plugins\maven\lib\maven3\lib\jansi-native -Dmaven.multiModuleProjectDirectory=C:\monjava\smoka_user org.codehaus.plexus.classworlds.launcher.Launcher -Didea.version=2025.3.1.1 -Dmaven.ext.class.path=C:\Program Files\JetBrains\IntelliJ IDEA 2025.3.1.1\plugins\maven\lib\maven-event-listener.jar -Djansi.passthrough=true -Dstyle.color=always -Dmaven.repo.local=C:\Users\tu\.m2\repository javafx:run -f pom.xml

Host: 13th Gen Intel(R) Core(TM) i7-1355U, 12 cores, 15G,  Windows 11 , 64 bit Build 26100 (10.0.26100.8246)
Time: Fri May  1 22:20:21 2026 Afr. centrale Ouest elapsed time: 3.519684 seconds (0d 0h 0m 3s)

---------------  T H R E A D  ---------------

Current thread (0x000001e3c7667020):  JavaThread "C2 CompilerThread2" daemon [_thread_in_native, id=22744, stack(0x000000a6eb400000,0x000000a6eb500000)]


Current CompileTask:
C2:   3519 6726   !   4       com.google.inject.spi.InjectionPoint::getInjectionPoints (489 bytes)

Stack: [0x000000a6eb400000,0x000000a6eb500000]
Native frames: (J=compiled Java code, j=interpreted, Vv=VM code, C=native code)
V  [jvm.dll+0x68b969]  os::platform_print_native_stack+0xd9  (os_windows_x86.cpp:235)
V  [jvm.dll+0x84572a]  VMError::report+0xc6a  (vmError.cpp:868)
V  [jvm.dll+0x8473ae]  VMError::report_and_die+0x78e  (vmError.cpp:1766)
V  [jvm.dll+0x847a13]  VMError::report_and_die+0x43  (vmError.cpp:1552)
V  [jvm.dll+0x24a83f]  report_vm_out_of_memory+0x8f  (debug.cpp:321)
V  [jvm.dll+0xaca04]  Chunk::operator new+0xb4  (arena.cpp:191)
V  [jvm.dll+0xad04c]  Arena::grow+0x3c  (arena.cpp:352)
V  [jvm.dll+0x36af12]  PhaseIFG::init+0xa2  (ifg.cpp:50)
V  [jvm.dll+0x3352ca]  PhaseCFG::global_code_motion+0x44a  (gcm.cpp:1591)
V  [jvm.dll+0x33476a]  PhaseCFG::do_global_code_motion+0x3a  (gcm.cpp:1658)
V  [jvm.dll+0x21c231]  Compile::Code_Gen+0x261  (compile.cpp:2738)
V  [jvm.dll+0x21b671]  Compile::Compile+0xe61  (compile.cpp:836)
V  [jvm.dll+0x1a6acd]  C2Compiler::compile_method+0xad  (c2compiler.cpp:112)
V  [jvm.dll+0x22b58e]  CompileBroker::invoke_compiler_on_method+0x82e  (compileBroker.cpp:2366)
V  [jvm.dll+0x2296d5]  CompileBroker::compiler_thread_loop+0x405  (compileBroker.cpp:2027)
V  [jvm.dll+0x7f9637]  JavaThread::run+0x147  (thread.cpp:1299)
V  [jvm.dll+0x7f3a1c]  Thread::call_run+0x8c  (thread.cpp:405)
V  [jvm.dll+0x68a7c7]  thread_native_entry+0x77  (os_windows.cpp:551)
C  [ucrtbase.dll+0x37b0]
C  [KERNEL32.DLL+0x2e8d7]
C  [ntdll.dll+0x8c3fc]


---------------  P R O C E S S  ---------------

Threads class SMR info:
_java_thread_list=0x000001e3c7634c10, length=15, elements={
0x000001e3e04fb7b0, 0x000001e3ff324f80, 0x000001e3ff325a50, 0x000001e3ff342240,
0x000001e3ff343b20, 0x000001e3ff3443f0, 0x000001e3ff344cc0, 0x000001e3ff3458c0,
0x000001e3ff3461d0, 0x000001e3ff346ae0, 0x000001e3ff512b40, 0x000001e3ff518010,
0x000001e3c7634090, 0x000001e3c7667020, 0x000001e3c7c84a50
}

Java Threads: ( => current thread )
  0x000001e3e04fb7b0 JavaThread "main" [_thread_blocked, id=3288, stack(0x000000a6ea000000,0x000000a6ea100000)]
  0x000001e3ff324f80 JavaThread "Reference Handler" daemon [_thread_blocked, id=24740, stack(0x000000a6ea700000,0x000000a6ea800000)]
  0x000001e3ff325a50 JavaThread "Finalizer" daemon [_thread_blocked, id=3948, stack(0x000000a6ea800000,0x000000a6ea900000)]
  0x000001e3ff342240 JavaThread "Signal Dispatcher" daemon [_thread_blocked, id=8264, stack(0x000000a6ea900000,0x000000a6eaa00000)]
  0x000001e3ff343b20 JavaThread "Attach Listener" daemon [_thread_blocked, id=10048, stack(0x000000a6eaa00000,0x000000a6eab00000)]
  0x000001e3ff3443f0 JavaThread "Service Thread" daemon [_thread_blocked, id=6200, stack(0x000000a6eab00000,0x000000a6eac00000)]
  0x000001e3ff344cc0 JavaThread "Monitor Deflation Thread" daemon [_thread_blocked, id=6636, stack(0x000000a6eac00000,0x000000a6ead00000)]
  0x000001e3ff3458c0 JavaThread "C2 CompilerThread0" daemon [_thread_blocked, id=27336, stack(0x000000a6ead00000,0x000000a6eae00000)]
  0x000001e3ff3461d0 JavaThread "C1 CompilerThread0" daemon [_thread_blocked, id=24816, stack(0x000000a6eae00000,0x000000a6eaf00000)]
  0x000001e3ff346ae0 JavaThread "Sweeper thread" daemon [_thread_blocked, id=11552, stack(0x000000a6eaf00000,0x000000a6eb000000)]
  0x000001e3ff512b40 JavaThread "Notification Thread" daemon [_thread_blocked, id=22572, stack(0x000000a6eb000000,0x000000a6eb100000)]
  0x000001e3ff518010 JavaThread "Common-Cleaner" daemon [_thread_blocked, id=4368, stack(0x000000a6eb200000,0x000000a6eb300000)]
  0x000001e3c7634090 JavaThread "C2 CompilerThread1" daemon [_thread_blocked, id=12928, stack(0x000000a6eb300000,0x000000a6eb400000)]
=>0x000001e3c7667020 JavaThread "C2 CompilerThread2" daemon [_thread_in_native, id=22744, stack(0x000000a6eb400000,0x000000a6eb500000)]
  0x000001e3c7c84a50 JavaThread "Thread-1" daemon [_thread_blocked, id=20624, stack(0x000000a6ebd00000,0x000000a6ebe00000)]

Other Threads:
  0x000001e3ff31fb30 VMThread "VM Thread" [stack: 0x000000a6ea600000,0x000000a6ea700000] [id=25732]
  0x000001e3ff515030 WatcherThread [stack: 0x000000a6eb100000,0x000000a6eb200000] [id=8928]
  0x000001e3e0568da0 GCTaskThread "GC Thread#0" [stack: 0x000000a6ea100000,0x000000a6ea200000] [id=27568]
  0x000001e3ff535f40 GCTaskThread "GC Thread#1" [stack: 0x000000a6eb500000,0x000000a6eb600000] [id=15060]
  0x000001e3ff534c00 GCTaskThread "GC Thread#2" [stack: 0x000000a6eb600000,0x000000a6eb700000] [id=21524]
  0x000001e3ff535440 GCTaskThread "GC Thread#3" [stack: 0x000000a6eb700000,0x000000a6eb800000] [id=26836]
  0x000001e3ff535180 GCTaskThread "GC Thread#4" [stack: 0x000000a6eb800000,0x000000a6eb900000] [id=26760]
  0x000001e3ff5343c0 GCTaskThread "GC Thread#5" [stack: 0x000000a6eb900000,0x000000a6eba00000] [id=13968]
  0x000001e3ff535700 GCTaskThread "GC Thread#6" [stack: 0x000000a6eba00000,0x000000a6ebb00000] [id=7416]
  0x000001e3ff534940 GCTaskThread "GC Thread#7" [stack: 0x000000a6ebb00000,0x000000a6ebc00000] [id=3932]
  0x000001e3ff534680 GCTaskThread "GC Thread#8" [stack: 0x000000a6ebc00000,0x000000a6ebd00000] [id=2172]
  0x000001e3c81975e0 GCTaskThread "GC Thread#9" [stack: 0x000000a6ebe00000,0x000000a6ebf00000] [id=25336]
  0x000001e3e0579680 ConcurrentGCThread "G1 Main Marker" [stack: 0x000000a6ea200000,0x000000a6ea300000] [id=26860]
  0x000001e3e057a110 ConcurrentGCThread "G1 Conc#0" [stack: 0x000000a6ea300000,0x000000a6ea400000] [id=22948]
  0x000001e3c8196da0 ConcurrentGCThread "G1 Conc#1" [stack: 0x000000a6ebf00000,0x000000a6ec000000] [id=6332]
  0x000001e3c8196560 ConcurrentGCThread "G1 Conc#2" [stack: 0x000000a6ec000000,0x000000a6ec100000] [id=24808]
  0x000001e3ff259a10 ConcurrentGCThread "G1 Refine#0" [stack: 0x000000a6ea400000,0x000000a6ea500000] [id=7568]
  0x000001e3ff25e220 ConcurrentGCThread "G1 Service" [stack: 0x000000a6ea500000,0x000000a6ea600000] [id=9664]

Threads with active compile tasks:
C2 CompilerThread2     3639 6726   !   4       com.google.inject.spi.InjectionPoint::getInjectionPoints (489 bytes)

VM state: not at safepoint (normal execution)

VM Mutex/Monitor currently owned by a thread: None

Heap address: 0x0000000705800000, size: 4008 MB, Compressed Oops mode: Zero based, Oop shift amount: 3

CDS archive(s) mapped at: [0x000001e382000000-0x000001e382c00000-0x000001e382c00000), size 12582912, SharedBaseAddress: 0x000001e382000000, ArchiveRelocationMode: 1.
Compressed class space mapped at: 0x000001e383000000-0x000001e3c3000000, reserved size: 1073741824
Narrow klass base: 0x000001e382000000, Narrow klass shift: 0, Narrow klass range: 0x100000000

GC Precious Log:
 CPUs: 12 total, 12 available
 Memory: 16027M
 Large Page Support: Disabled
 NUMA Support: Disabled
 Compressed Oops: Enabled (Zero based)
 Heap Region Size: 2M
 Heap Min Capacity: 8M
 Heap Initial Capacity: 252M
 Heap Max Capacity: 4008M
 Pre-touch: Disabled
 Parallel Workers: 10
 Concurrent Workers: 3
 Concurrent Refinement Workers: 10
 Periodic GC: Disabled

Heap:
 garbage-first heap   total 157696K, used 34072K [0x0000000705800000, 0x0000000800000000)
  region size 2048K, 10 young (20480K), 5 survivors (10240K)
 Metaspace       used 30120K, committed 30464K, reserved 1114112K
  class space    used 3653K, committed 3840K, reserved 1048576K

Heap Regions: E=young(eden), S=young(survivor), O=old, HS=humongous(starts), HC=humongous(continues), CS=collection set, F=free, OA=open archive, CA=closed archive, TAMS=top-at-mark-start (previous, next)
|   0|0x0000000705800000, 0x0000000705a00000, 0x0000000705a00000|100%| O|  |TAMS 0x0000000705a00000, 0x0000000705800000| Untracked 
|   1|0x0000000705a00000, 0x0000000705a00000, 0x0000000705c00000|  0%| F|  |TAMS 0x0000000705a00000, 0x0000000705a00000| Untracked 
|   2|0x0000000705c00000, 0x0000000705e00000, 0x0000000705e00000|100%| O|  |TAMS 0x0000000705c00000, 0x0000000705c00000| Untracked 
|   3|0x0000000705e00000, 0x0000000706000000, 0x0000000706000000|100%| O|  |TAMS 0x0000000705e00000, 0x0000000705e00000| Untracked 
|   4|0x0000000706000000, 0x0000000706000000, 0x0000000706200000|  0%| F|  |TAMS 0x0000000706000000, 0x0000000706000000| Untracked 
|   5|0x0000000706200000, 0x0000000706200000, 0x0000000706400000|  0%| F|  |TAMS 0x0000000706200000, 0x0000000706200000| Untracked 
|   6|0x0000000706400000, 0x0000000706600000, 0x0000000706600000|100%| O|  |TAMS 0x0000000706400000, 0x0000000706400000| Untracked 
|   7|0x0000000706600000, 0x0000000706800000, 0x0000000706800000|100%| O|  |TAMS 0x0000000706600000, 0x0000000706600000| Untracked 
|   8|0x0000000706800000, 0x00000007069f1e00, 0x0000000706a00000| 97%| O|  |TAMS 0x0000000706800000, 0x0000000706800000| Untracked 
|   9|0x0000000706a00000, 0x0000000706a00000, 0x0000000706c00000|  0%| F|  |TAMS 0x0000000706a00000, 0x0000000706a00000| Untracked 
|  10|0x0000000706c00000, 0x0000000706c00000, 0x0000000706e00000|  0%| F|  |TAMS 0x0000000706c00000, 0x0000000706c00000| Untracked 
|  11|0x0000000706e00000, 0x0000000706e00000, 0x0000000707000000|  0%| F|  |TAMS 0x0000000706e00000, 0x0000000706e00000| Untracked 
|  12|0x0000000707000000, 0x0000000707000000, 0x0000000707200000|  0%| F|  |TAMS 0x0000000707000000, 0x0000000707000000| Untracked 
|  13|0x0000000707200000, 0x0000000707200000, 0x0000000707400000|  0%| F|  |TAMS 0x0000000707200000, 0x0000000707200000| Untracked 
|  14|0x0000000707400000, 0x0000000707400000, 0x0000000707600000|  0%| F|  |TAMS 0x0000000707400000, 0x0000000707400000| Untracked 
|  15|0x0000000707600000, 0x0000000707600000, 0x0000000707800000|  0%| F|  |TAMS 0x0000000707600000, 0x0000000707600000| Untracked 
|  16|0x0000000707800000, 0x0000000707800000, 0x0000000707a00000|  0%| F|  |TAMS 0x0000000707800000, 0x0000000707800000| Untracked 
|  17|0x0000000707a00000, 0x0000000707a00000, 0x0000000707c00000|  0%| F|  |TAMS 0x0000000707a00000, 0x0000000707a00000| Untracked 
|  18|0x0000000707c00000, 0x0000000707c00000, 0x0000000707e00000|  0%| F|  |TAMS 0x0000000707c00000, 0x0000000707c00000| Untracked 
|  19|0x0000000707e00000, 0x0000000707e00000, 0x0000000708000000|  0%| F|  |TAMS 0x0000000707e00000, 0x0000000707e00000| Untracked 
|  20|0x0000000708000000, 0x0000000708000000, 0x0000000708200000|  0%| F|  |TAMS 0x0000000708000000, 0x0000000708000000| Untracked 
|  21|0x0000000708200000, 0x0000000708200000, 0x0000000708400000|  0%| F|  |TAMS 0x0000000708200000, 0x0000000708200000| Untracked 
|  22|0x0000000708400000, 0x0000000708400000, 0x0000000708600000|  0%| F|  |TAMS 0x0000000708400000, 0x0000000708400000| Untracked 
|  23|0x0000000708600000, 0x0000000708600000, 0x0000000708800000|  0%| F|  |TAMS 0x0000000708600000, 0x0000000708600000| Untracked 
|  24|0x0000000708800000, 0x0000000708954398, 0x0000000708a00000| 66%| S|CS|TAMS 0x0000000708800000, 0x0000000708800000| Complete 
|  25|0x0000000708a00000, 0x0000000708c00000, 0x0000000708c00000|100%| S|CS|TAMS 0x0000000708a00000, 0x0000000708a00000| Complete 
|  26|0x0000000708c00000, 0x0000000708e00000, 0x0000000708e00000|100%| S|CS|TAMS 0x0000000708c00000, 0x0000000708c00000| Complete 
|  27|0x0000000708e00000, 0x0000000709000000, 0x0000000709000000|100%| S|CS|TAMS 0x0000000708e00000, 0x0000000708e00000| Complete 
|  28|0x0000000709000000, 0x0000000709200000, 0x0000000709200000|100%| S|CS|TAMS 0x0000000709000000, 0x0000000709000000| Complete 
|  29|0x0000000709200000, 0x0000000709200000, 0x0000000709400000|  0%| F|  |TAMS 0x0000000709200000, 0x0000000709200000| Untracked 
|  30|0x0000000709400000, 0x0000000709400000, 0x0000000709600000|  0%| F|  |TAMS 0x0000000709400000, 0x0000000709400000| Untracked 
|  31|0x0000000709600000, 0x0000000709600000, 0x0000000709800000|  0%| F|  |TAMS 0x0000000709600000, 0x0000000709600000| Untracked 
|  32|0x0000000709800000, 0x0000000709800000, 0x0000000709a00000|  0%| F|  |TAMS 0x0000000709800000, 0x0000000709800000| Untracked 
|  33|0x0000000709a00000, 0x0000000709a00000, 0x0000000709c00000|  0%| F|  |TAMS 0x0000000709a00000, 0x0000000709a00000| Untracked 
|  34|0x0000000709c00000, 0x0000000709c00000, 0x0000000709e00000|  0%| F|  |TAMS 0x0000000709c00000, 0x0000000709c00000| Untracked 
|  35|0x0000000709e00000, 0x0000000709e00000, 0x000000070a000000|  0%| F|  |TAMS 0x0000000709e00000, 0x0000000709e00000| Untracked 
|  36|0x000000070a000000, 0x000000070a000000, 0x000000070a200000|  0%| F|  |TAMS 0x000000070a000000, 0x000000070a000000| Untracked 
|  37|0x000000070a200000, 0x000000070a200000, 0x000000070a400000|  0%| F|  |TAMS 0x000000070a200000, 0x000000070a200000| Untracked 
|  38|0x000000070a400000, 0x000000070a400000, 0x000000070a600000|  0%| F|  |TAMS 0x000000070a400000, 0x000000070a400000| Untracked 
|  39|0x000000070a600000, 0x000000070a600000, 0x000000070a800000|  0%| F|  |TAMS 0x000000070a600000, 0x000000070a600000| Untracked 
|  40|0x000000070a800000, 0x000000070a800000, 0x000000070aa00000|  0%| F|  |TAMS 0x000000070a800000, 0x000000070a800000| Untracked 
|  41|0x000000070aa00000, 0x000000070aa00000, 0x000000070ac00000|  0%| F|  |TAMS 0x000000070aa00000, 0x000000070aa00000| Untracked 
|  42|0x000000070ac00000, 0x000000070ac00000, 0x000000070ae00000|  0%| F|  |TAMS 0x000000070ac00000, 0x000000070ac00000| Untracked 
|  43|0x000000070ae00000, 0x000000070ae00000, 0x000000070b000000|  0%| F|  |TAMS 0x000000070ae00000, 0x000000070ae00000| Untracked 
|  44|0x000000070b000000, 0x000000070b000000, 0x000000070b200000|  0%| F|  |TAMS 0x000000070b000000, 0x000000070b000000| Untracked 
|  45|0x000000070b200000, 0x000000070b200000, 0x000000070b400000|  0%| F|  |TAMS 0x000000070b200000, 0x000000070b200000| Untracked 
|  46|0x000000070b400000, 0x000000070b400000, 0x000000070b600000|  0%| F|  |TAMS 0x000000070b400000, 0x000000070b400000| Untracked 
|  47|0x000000070b600000, 0x000000070b600000, 0x000000070b800000|  0%| F|  |TAMS 0x000000070b600000, 0x000000070b600000| Untracked 
|  48|0x000000070b800000, 0x000000070b800000, 0x000000070ba00000|  0%| F|  |TAMS 0x000000070b800000, 0x000000070b800000| Untracked 
|  49|0x000000070ba00000, 0x000000070ba00000, 0x000000070bc00000|  0%| F|  |TAMS 0x000000070ba00000, 0x000000070ba00000| Untracked 
|  50|0x000000070bc00000, 0x000000070bc00000, 0x000000070be00000|  0%| F|  |TAMS 0x000000070bc00000, 0x000000070bc00000| Untracked 
|  51|0x000000070be00000, 0x000000070be00000, 0x000000070c000000|  0%| F|  |TAMS 0x000000070be00000, 0x000000070be00000| Untracked 
|  52|0x000000070c000000, 0x000000070c000000, 0x000000070c200000|  0%| F|  |TAMS 0x000000070c000000, 0x000000070c000000| Untracked 
|  53|0x000000070c200000, 0x000000070c200000, 0x000000070c400000|  0%| F|  |TAMS 0x000000070c200000, 0x000000070c200000| Untracked 
|  54|0x000000070c400000, 0x000000070c400000, 0x000000070c600000|  0%| F|  |TAMS 0x000000070c400000, 0x000000070c400000| Untracked 
|  55|0x000000070c600000, 0x000000070c600000, 0x000000070c800000|  0%| F|  |TAMS 0x000000070c600000, 0x000000070c600000| Untracked 
|  56|0x000000070c800000, 0x000000070c800000, 0x000000070ca00000|  0%| F|  |TAMS 0x000000070c800000, 0x000000070c800000| Untracked 
|  57|0x000000070ca00000, 0x000000070ca00000, 0x000000070cc00000|  0%| F|  |TAMS 0x000000070ca00000, 0x000000070ca00000| Untracked 
|  58|0x000000070cc00000, 0x000000070cc00000, 0x000000070ce00000|  0%| F|  |TAMS 0x000000070cc00000, 0x000000070cc00000| Untracked 
|  59|0x000000070ce00000, 0x000000070ce00000, 0x000000070d000000|  0%| F|  |TAMS 0x000000070ce00000, 0x000000070ce00000| Untracked 
|  60|0x000000070d000000, 0x000000070d000000, 0x000000070d200000|  0%| F|  |TAMS 0x000000070d000000, 0x000000070d000000| Untracked 
|  61|0x000000070d200000, 0x000000070d200000, 0x000000070d400000|  0%| F|  |TAMS 0x000000070d200000, 0x000000070d200000| Untracked 
|  62|0x000000070d400000, 0x000000070d400000, 0x000000070d600000|  0%| F|  |TAMS 0x000000070d400000, 0x000000070d400000| Untracked 
|  63|0x000000070d600000, 0x000000070d600000, 0x000000070d800000|  0%| F|  |TAMS 0x000000070d600000, 0x000000070d600000| Untracked 
|  64|0x000000070d800000, 0x000000070d800000, 0x000000070da00000|  0%| F|  |TAMS 0x000000070d800000, 0x000000070d800000| Untracked 
|  65|0x000000070da00000, 0x000000070da00000, 0x000000070dc00000|  0%| F|  |TAMS 0x000000070da00000, 0x000000070da00000| Untracked 
|  66|0x000000070dc00000, 0x000000070dc00000, 0x000000070de00000|  0%| F|  |TAMS 0x000000070dc00000, 0x000000070dc00000| Untracked 
|  67|0x000000070de00000, 0x000000070de00000, 0x000000070e000000|  0%| F|  |TAMS 0x000000070de00000, 0x000000070de00000| Untracked 
|  68|0x000000070e000000, 0x000000070e000000, 0x000000070e200000|  0%| F|  |TAMS 0x000000070e000000, 0x000000070e000000| Untracked 
|  69|0x000000070e200000, 0x000000070e200000, 0x000000070e400000|  0%| F|  |TAMS 0x000000070e200000, 0x000000070e200000| Untracked 
|  79|0x000000070f600000, 0x000000070f6d1ef0, 0x000000070f800000| 41%| E|  |TAMS 0x000000070f600000, 0x000000070f600000| Complete 
|  80|0x000000070f800000, 0x000000070fa00000, 0x000000070fa00000|100%| E|CS|TAMS 0x000000070f800000, 0x000000070f800000| Complete 
|  81|0x000000070fa00000, 0x000000070fc00000, 0x000000070fc00000|100%| E|CS|TAMS 0x000000070fa00000, 0x000000070fa00000| Complete 
|  82|0x000000070fc00000, 0x000000070fe00000, 0x000000070fe00000|100%| E|CS|TAMS 0x000000070fc00000, 0x000000070fc00000| Complete 
| 125|0x0000000715200000, 0x0000000715400000, 0x0000000715400000|100%| E|CS|TAMS 0x0000000715200000, 0x0000000715200000| Complete 
|2002|0x00000007ffc00000, 0x00000007ffe00000, 0x00000007ffe00000|100%| O|  |TAMS 0x00000007ffc00000, 0x00000007ffc00000| Untracked 
|2003|0x00000007ffe00000, 0x0000000800000000, 0x0000000800000000|100%| O|  |TAMS 0x00000007ffe00000, 0x00000007ffe00000| Untracked 

Card table byte_map: [0x000001e3f5920000,0x000001e3f6100000] _byte_map_base: 0x000001e3f20f4000

Marking Bits (Prev, Next): (CMBitMap*) 0x000001e3e0569310, (CMBitMap*) 0x000001e3e05692d0
 Prev Bits: [0x000001e3fa780000, 0x000001e3fe620000)
 Next Bits: [0x000001e3f68e0000, 0x000001e3fa780000)

Polling page: 0x000001e3e5490000

Metaspace:

Usage:
  Non-class:     25.85 MB used.
      Class:      3.57 MB used.
       Both:     29.41 MB used.

Virtual space:
  Non-class space:       64.00 MB reserved,      26.00 MB ( 41%) committed,  1 nodes.
      Class space:        1.00 GB reserved,       3.75 MB ( <1%) committed,  1 nodes.
             Both:        1.06 GB reserved,      29.75 MB (  3%) committed. 

Chunk freelists:
   Non-Class:  5.95 MB
       Class:  12.24 MB
        Both:  18.20 MB

MaxMetaspaceSize: unlimited
CompressedClassSpaceSize: 1.00 GB
Initial GC threshold: 21.00 MB
Current GC threshold: 35.31 MB
CDS: on
MetaspaceReclaimPolicy: balanced
 - commit_granule_bytes: 65536.
 - commit_granule_words: 8192.
 - virtual_space_node_default_size: 8388608.
 - enlarge_chunks_in_place: 1.
 - new_chunks_are_fully_committed: 0.
 - uncommit_free_chunks: 1.
 - use_allocation_guard: 0.
 - handle_deallocations: 1.


Internal statistics:

num_allocs_failed_limit: 3.
num_arena_births: 188.
num_arena_deaths: 0.
num_vsnodes_births: 2.
num_vsnodes_deaths: 0.
num_space_committed: 476.
num_space_uncommitted: 0.
num_chunks_returned_to_freelist: 3.
num_chunks_taken_from_freelist: 1267.
num_chunk_merges: 3.
num_chunk_splits: 893.
num_chunks_enlarged: 720.
num_inconsistent_stats: 0.

CodeHeap 'non-profiled nmethods': size=120000Kb used=3031Kb max_used=3031Kb free=116968Kb
 bounds [0x000001e3ecf80000, 0x000001e3ed280000, 0x000001e3f44b0000]
CodeHeap 'profiled nmethods': size=120000Kb used=13118Kb max_used=13766Kb free=106881Kb
 bounds [0x000001e3e54b0000, 0x000001e3e6230000, 0x000001e3ec9e0000]
CodeHeap 'non-nmethods': size=5760Kb used=1208Kb max_used=1264Kb free=4551Kb
 bounds [0x000001e3ec9e0000, 0x000001e3ecc50000, 0x000001e3ecf80000]
 total_blobs=6474 nmethods=5965 adapters=421
 compilation: enabled
              stopped_count=0, restarted_count=0
 full_count=0

Compilation events (20 events):
Event: 3.461 Thread 0x000001e3ff3461d0 6847       3       java.lang.invoke.DelegatingMethodHandle::<init> (10 bytes)
Event: 3.461 Thread 0x000001e3ff3461d0 nmethod 6847 0x000001e3e5d2d290 code [0x000001e3e5d2d460, 0x000001e3e5d2d838]
Event: 3.461 Thread 0x000001e3ff3461d0 6848       3       java.lang.invoke.DelegatingMethodHandle::chooseDelegatingForm (24 bytes)
Event: 3.462 Thread 0x000001e3ff3461d0 nmethod 6848 0x000001e3e5d2cc90 code [0x000001e3e5d2ce40, 0x000001e3e5d2d188]
Event: 3.464 Thread 0x000001e3ff3461d0 6850       3       java.net.URLClassLoader::isSealed (72 bytes)
Event: 3.466 Thread 0x000001e3ff3461d0 nmethod 6850 0x000001e3e5ebe510 code [0x000001e3e5ebe940, 0x000001e3e5ec06d8]
Event: 3.466 Thread 0x000001e3ff3461d0 6851       3       java.lang.ProcessEnvironment$CheckedEntry::getKey (5 bytes)
Event: 3.466 Thread 0x000001e3c7634090 6853       4       java.lang.CharacterDataLatin1::getType (11 bytes)
Event: 3.466 Thread 0x000001e3ff3461d0 nmethod 6851 0x000001e3e5d2c690 code [0x000001e3e5d2c840, 0x000001e3e5d2cb88]
Event: 3.466 Thread 0x000001e3ff3461d0 6852       3       java.lang.ProcessEnvironment$CheckedEntry::getKey (13 bytes)
Event: 3.466 Thread 0x000001e3ff3461d0 nmethod 6852 0x000001e3e5d2c110 code [0x000001e3e5d2c2c0, 0x000001e3e5d2c588]
Event: 3.466 Thread 0x000001e3c7634090 nmethod 6853 0x000001e3ed270d90 code [0x000001e3ed270f00, 0x000001e3ed270fb8]
Event: 3.472 Thread 0x000001e3ff3461d0 6856       3       jdk.internal.org.objectweb.asm.Frame::execute (2305 bytes)
Event: 3.474 Thread 0x000001e3c7634090 6859       4       jdk.internal.org.objectweb.asm.SymbolTable::addConstantUtf8Reference (101 bytes)
Event: 3.476 Thread 0x000001e3ff3461d0 nmethod 6856 0x000001e3e5639910 code [0x000001e3e563a840, 0x000001e3e56410b8]
Event: 3.476 Thread 0x000001e3ff3461d0 6861       3       jdk.internal.org.objectweb.asm.MethodWriter::computeAllFrames (510 bytes)
Event: 3.477 Thread 0x000001e3ff3461d0 nmethod 6861 0x000001e3e5efdd10 code [0x000001e3e5efe060, 0x000001e3e5eff548]
Event: 3.477 Thread 0x000001e3ff3461d0 6857       3       java.lang.invoke.InvokerBytecodeGenerator::emitPushArgument (150 bytes)
Event: 3.479 Thread 0x000001e3ff3461d0 nmethod 6857 0x000001e3e5d42210 code [0x000001e3e5d424e0, 0x000001e3e5d433a8]
Event: 3.494 Thread 0x000001e3c7634090 nmethod 6859 0x000001e3ed271c90 code [0x000001e3ed271e80, 0x000001e3ed272e48]

GC Heap History (12 events):
Event: 0.361 GC heap before
{Heap before GC invocations=0 (full 0):
 garbage-first heap   total 258048K, used 22528K [0x0000000705800000, 0x0000000800000000)
  region size 2048K, 11 young (22528K), 0 survivors (0K)
 Metaspace       used 5583K, committed 5760K, reserved 1114112K
  class space    used 696K, committed 768K, reserved 1048576K
}
Event: 0.366 GC heap after
{Heap after GC invocations=1 (full 0):
 garbage-first heap   total 258048K, used 3750K [0x0000000705800000, 0x0000000800000000)
  region size 2048K, 2 young (4096K), 2 survivors (4096K)
 Metaspace       used 5583K, committed 5760K, reserved 1114112K
  class space    used 696K, committed 768K, reserved 1048576K
}
Event: 0.662 GC heap before
{Heap before GC invocations=1 (full 0):
 garbage-first heap   total 258048K, used 34470K [0x0000000705800000, 0x0000000800000000)
  region size 2048K, 17 young (34816K), 2 survivors (4096K)
 Metaspace       used 9208K, committed 9344K, reserved 1114112K
  class space    used 1157K, committed 1216K, reserved 1048576K
}
Event: 0.666 GC heap after
{Heap after GC invocations=2 (full 0):
 garbage-first heap   total 258048K, used 5014K [0x0000000705800000, 0x0000000800000000)
  region size 2048K, 1 young (2048K), 1 survivors (2048K)
 Metaspace       used 9208K, committed 9344K, reserved 1114112K
  class space    used 1157K, committed 1216K, reserved 1048576K
}
Event: 1.788 GC heap before
{Heap before GC invocations=2 (full 0):
 garbage-first heap   total 258048K, used 88982K [0x0000000705800000, 0x0000000800000000)
  region size 2048K, 43 young (88064K), 1 survivors (2048K)
 Metaspace       used 21241K, committed 21504K, reserved 1114112K
  class space    used 2678K, committed 2816K, reserved 1048576K
}
Event: 1.795 GC heap after
{Heap after GC invocations=3 (full 0):
 garbage-first heap   total 258048K, used 10700K [0x0000000705800000, 0x0000000800000000)
  region size 2048K, 4 young (8192K), 4 survivors (8192K)
 Metaspace       used 21241K, committed 21504K, reserved 1114112K
  class space    used 2678K, committed 2816K, reserved 1048576K
}
Event: 2.115 GC heap before
{Heap before GC invocations=4 (full 0):
 garbage-first heap   total 49152K, used 37324K [0x0000000705800000, 0x0000000800000000)
  region size 2048K, 18 young (36864K), 4 survivors (8192K)
 Metaspace       used 25389K, committed 25664K, reserved 1114112K
  class space    used 3134K, committed 3264K, reserved 1048576K
}
Event: 2.124 GC heap after
{Heap after GC invocations=5 (full 0):
 garbage-first heap   total 55296K, used 15944K [0x0000000705800000, 0x0000000800000000)
  region size 2048K, 3 young (6144K), 3 survivors (6144K)
 Metaspace       used 25389K, committed 25664K, reserved 1114112K
  class space    used 3134K, committed 3264K, reserved 1048576K
}
Event: 2.148 GC heap before
{Heap before GC invocations=5 (full 0):
 garbage-first heap   total 55296K, used 17992K [0x0000000705800000, 0x0000000800000000)
  region size 2048K, 4 young (8192K), 3 survivors (6144K)
 Metaspace       used 25554K, committed 25792K, reserved 1114112K
  class space    used 3156K, committed 3264K, reserved 1048576K
}
Event: 2.155 GC heap after
{Heap after GC invocations=6 (full 0):
 garbage-first heap   total 157696K, used 17194K [0x0000000705800000, 0x0000000800000000)
  region size 2048K, 1 young (2048K), 1 survivors (2048K)
 Metaspace       used 25554K, committed 25792K, reserved 1114112K
  class space    used 3156K, committed 3264K, reserved 1048576K
}
Event: 3.385 GC heap before
{Heap before GC invocations=6 (full 0):
 garbage-first heap   total 157696K, used 109354K [0x0000000705800000, 0x0000000800000000)
  region size 2048K, 46 young (94208K), 1 survivors (2048K)
 Metaspace       used 29471K, committed 29824K, reserved 1114112K
  class space    used 3564K, committed 3776K, reserved 1048576K
}
Event: 3.394 GC heap after
{Heap after GC invocations=7 (full 0):
 garbage-first heap   total 157696K, used 25880K [0x0000000705800000, 0x0000000800000000)
  region size 2048K, 5 young (10240K), 5 survivors (10240K)
 Metaspace       used 29471K, committed 29824K, reserved 1114112K
  class space    used 3564K, committed 3776K, reserved 1048576K
}

Dll operation events (3 events):
Event: 0.008 Loaded shared library C:\Users\tu\.jdks\jbr-17.0.14\bin\java.dll
Event: 0.023 Loaded shared library C:\Users\tu\.jdks\jbr-17.0.14\bin\jsvml.dll
Event: 0.114 Loaded shared library C:\Users\tu\.jdks\jbr-17.0.14\bin\verify.dll

Deoptimization events (20 events):
Event: 3.465 Thread 0x000001e3e04fb7b0 Uncommon trap: trap_request=0xffffff76 fr.pc=0x000001e3ed26488c relative=0x000000000000282c
Event: 3.465 Thread 0x000001e3e04fb7b0 Uncommon trap: reason=predicate action=maybe_recompile pc=0x000001e3ed26488c method=java.util.TimSort.countRunAndMakeAscending([Ljava/lang/Object;IILjava/util/Comparator;)I @ 54 c2
Event: 3.465 Thread 0x000001e3e04fb7b0 DEOPT PACKING pc=0x000001e3ed26488c sp=0x000000a6ea0fd0b0
Event: 3.465 Thread 0x000001e3e04fb7b0 DEOPT UNPACKING pc=0x000001e3eca369a3 sp=0x000000a6ea0fcff8 mode 2
Event: 3.465 Thread 0x000001e3e04fb7b0 Uncommon trap: trap_request=0xffffffbe fr.pc=0x000001e3ed06d8f4 relative=0x00000000000010b4
Event: 3.465 Thread 0x000001e3e04fb7b0 Uncommon trap: reason=profile_predicate action=maybe_recompile pc=0x000001e3ed06d8f4 method=java.util.TimSort.binarySort([Ljava/lang/Object;IIILjava/util/Comparator;)V @ 34 c2
Event: 3.465 Thread 0x000001e3e04fb7b0 DEOPT PACKING pc=0x000001e3ed06d8f4 sp=0x000000a6ea0fcfd0
Event: 3.465 Thread 0x000001e3e04fb7b0 DEOPT UNPACKING pc=0x000001e3eca369a3 sp=0x000000a6ea0fcfc8 mode 2
Event: 3.465 Thread 0x000001e3e04fb7b0 Uncommon trap: trap_request=0xffffffbe fr.pc=0x000001e3ed06d8f4 relative=0x00000000000010b4
Event: 3.465 Thread 0x000001e3e04fb7b0 Uncommon trap: reason=profile_predicate action=maybe_recompile pc=0x000001e3ed06d8f4 method=java.util.TimSort.binarySort([Ljava/lang/Object;IIILjava/util/Comparator;)V @ 34 c2
Event: 3.465 Thread 0x000001e3e04fb7b0 DEOPT PACKING pc=0x000001e3ed06d8f4 sp=0x000000a6ea0fcfd0
Event: 3.465 Thread 0x000001e3e04fb7b0 DEOPT UNPACKING pc=0x000001e3eca369a3 sp=0x000000a6ea0fcfc8 mode 2
Event: 3.465 Thread 0x000001e3e04fb7b0 Uncommon trap: trap_request=0xffffffbe fr.pc=0x000001e3ed06d8f4 relative=0x00000000000010b4
Event: 3.465 Thread 0x000001e3e04fb7b0 Uncommon trap: reason=profile_predicate action=maybe_recompile pc=0x000001e3ed06d8f4 method=java.util.TimSort.binarySort([Ljava/lang/Object;IIILjava/util/Comparator;)V @ 34 c2
Event: 3.465 Thread 0x000001e3e04fb7b0 DEOPT PACKING pc=0x000001e3ed06d8f4 sp=0x000000a6ea0fcfd0
Event: 3.466 Thread 0x000001e3e04fb7b0 DEOPT UNPACKING pc=0x000001e3eca369a3 sp=0x000000a6ea0fcfc8 mode 2
Event: 3.471 Thread 0x000001e3e04fb7b0 Uncommon trap: trap_request=0xffffff45 fr.pc=0x000001e3ed13c01c relative=0x000000000000209c
Event: 3.471 Thread 0x000001e3e04fb7b0 Uncommon trap: reason=unstable_if action=reinterpret pc=0x000001e3ed13c01c method=jdk.internal.org.objectweb.asm.Frame.execute(IILjdk/internal/org/objectweb/asm/Symbol;Ljdk/internal/org/objectweb/asm/SymbolTable;)V @ 1 c2
Event: 3.471 Thread 0x000001e3e04fb7b0 DEOPT PACKING pc=0x000001e3ed13c01c sp=0x000000a6ea0fb850
Event: 3.471 Thread 0x000001e3e04fb7b0 DEOPT UNPACKING pc=0x000001e3eca369a3 sp=0x000000a6ea0fb7f8 mode 2

Classes loaded (20 events):
Event: 3.472 Loading class java/lang/ProcessHandle done
Event: 3.472 Loading class java/lang/ProcessHandleImpl done
Event: 3.474 Loading class java/util/concurrent/Executors
Event: 3.475 Loading class java/util/concurrent/Executors done
Event: 3.475 Loading class java/util/concurrent/SynchronousQueue
Event: 3.475 Loading class java/util/concurrent/SynchronousQueue done
Event: 3.475 Loading class java/util/concurrent/SynchronousQueue$TransferStack
Event: 3.476 Loading class java/util/concurrent/SynchronousQueue$Transferer
Event: 3.476 Loading class java/util/concurrent/SynchronousQueue$Transferer done
Event: 3.476 Loading class java/util/concurrent/SynchronousQueue$TransferStack done
Event: 3.476 Loading class java/util/concurrent/SynchronousQueue$TransferStack$SNode
Event: 3.476 Loading class java/util/concurrent/SynchronousQueue$TransferStack$SNode done
Event: 3.476 Loading class java/lang/ProcessImpl$2
Event: 3.476 Loading class java/lang/ProcessImpl$2 done
Event: 3.476 Loading class java/lang/Process$PipeInputStream
Event: 3.476 Loading class java/lang/Process$PipeInputStream done
Event: 3.477 Loading class jdk/internal/event/ProcessStartEvent
Event: 3.478 Loading class jdk/internal/event/ProcessStartEvent done
Event: 3.478 Loading class java/io/PipedOutputStream
Event: 3.479 Loading class java/io/PipedOutputStream done

Classes unloaded (0 events):
No events

Classes redefined (0 events):
No events

Internal exceptions (20 events):
Event: 2.922 Thread 0x000001e3e04fb7b0 Exception <a 'sun/nio/fs/WindowsException'{0x000000070b876638}> (0x000000070b876638) 
thrown [s\src\hotspot\share\prims\jni.cpp, line 531]
Event: 2.927 Thread 0x000001e3e04fb7b0 Exception <a 'sun/nio/fs/WindowsException'{0x000000070b88cef8}> (0x000000070b88cef8) 
thrown [s\src\hotspot\share\prims\jni.cpp, line 531]
Event: 2.939 Thread 0x000001e3e04fb7b0 Exception <a 'sun/nio/fs/WindowsException'{0x000000070b8ec600}> (0x000000070b8ec600) 
thrown [s\src\hotspot\share\prims\jni.cpp, line 531]
Event: 2.951 Thread 0x000001e3e04fb7b0 Exception <a 'sun/nio/fs/WindowsException'{0x000000070b9519e8}> (0x000000070b9519e8) 
thrown [s\src\hotspot\share\prims\jni.cpp, line 531]
Event: 3.433 Thread 0x000001e3e04fb7b0 Exception <a 'sun/nio/fs/WindowsException'{0x00000007153f10c8}> (0x00000007153f10c8) 
thrown [s\src\hotspot\share\prims\jni.cpp, line 531]
Event: 3.433 Thread 0x000001e3e04fb7b0 Exception <a 'sun/nio/fs/WindowsException'{0x00000007153f1858}> (0x00000007153f1858) 
thrown [s\src\hotspot\share\prims\jni.cpp, line 531]
Event: 3.436 Thread 0x000001e3e04fb7b0 Exception <a 'sun/nio/fs/WindowsException'{0x000000070fc29638}> (0x000000070fc29638) 
thrown [s\src\hotspot\share\prims\jni.cpp, line 531]
Event: 3.437 Thread 0x000001e3e04fb7b0 Exception <a 'sun/nio/fs/WindowsException'{0x000000070fc2e958}> (0x000000070fc2e958) 
thrown [s\src\hotspot\share\prims\jni.cpp, line 531]
Event: 3.437 Thread 0x000001e3e04fb7b0 Exception <a 'sun/nio/fs/WindowsException'{0x000000070fc2f930}> (0x000000070fc2f930) 
thrown [s\src\hotspot\share\prims\jni.cpp, line 531]
Event: 3.437 Thread 0x000001e3e04fb7b0 Exception <a 'sun/nio/fs/WindowsException'{0x000000070fc30518}> (0x000000070fc30518) 
thrown [s\src\hotspot\share\prims\jni.cpp, line 531]
Event: 3.438 Thread 0x000001e3e04fb7b0 Exception <a 'sun/nio/fs/WindowsException'{0x000000070fc310b8}> (0x000000070fc310b8) 
thrown [s\src\hotspot\share\prims\jni.cpp, line 531]
Event: 3.438 Thread 0x000001e3e04fb7b0 Exception <a 'sun/nio/fs/WindowsException'{0x000000070fc31c78}> (0x000000070fc31c78) 
thrown [s\src\hotspot\share\prims\jni.cpp, line 531]
Event: 3.438 Thread 0x000001e3e04fb7b0 Exception <a 'sun/nio/fs/WindowsException'{0x000000070fc32840}> (0x000000070fc32840) 
thrown [s\src\hotspot\share\prims\jni.cpp, line 531]
Event: 3.438 Thread 0x000001e3e04fb7b0 Exception <a 'sun/nio/fs/WindowsException'{0x000000070fc33408}> (0x000000070fc33408) 
thrown [s\src\hotspot\share\prims\jni.cpp, line 531]
Event: 3.438 Thread 0x000001e3e04fb7b0 Exception <a 'sun/nio/fs/WindowsException'{0x000000070fc33fc0}> (0x000000070fc33fc0) 
thrown [s\src\hotspot\share\prims\jni.cpp, line 531]
Event: 3.471 Thread 0x000001e3e04fb7b0 Exception <a 'java/lang/NoSuchMethodError'{0x000000070fb8f800}: 'void java.lang.invoke.DirectMethodHandle$Holder.invokeStatic(java.lang.Object, long)'> (0x000000070fb8f800) 
thrown [s\src\hotspot\share\interpreter\linkResolver.cpp, line 771]
Event: 3.472 Thread 0x000001e3e04fb7b0 Exception <a 'java/lang/NoSuchMethodError'{0x000000070fb94e50}: 'java.lang.Object java.lang.invoke.DirectMethodHandle$Holder.newInvokeSpecial(java.lang.Object, long)'> (0x000000070fb94e50) 
thrown [s\src\hotspot\share\interpreter\linkResolver.cpp, line 771]
Event: 3.473 Thread 0x000001e3e04fb7b0 Exception <a 'java/lang/NoSuchMethodError'{0x000000070fb9f778}: 'java.lang.Object java.lang.invoke.DirectMethodHandle$Holder.invokeStaticInit(java.lang.Object, java.lang.Object, long, java.lang.Object)'> (0x000000070fb9f778) 
thrown [s\src\hotspot\share\interpreter\linkResolver.cpp, line 771]
Event: 3.474 Thread 0x000001e3e04fb7b0 Exception <a 'java/lang/NoSuchMethodError'{0x000000070fba5d88}: 'java.lang.Object java.lang.invoke.DirectMethodHandle$Holder.newInvokeSpecial(java.lang.Object, java.lang.Object, long)'> (0x000000070fba5d88) 
thrown [s\src\hotspot\share\interpreter\linkResolver.cpp, line 771]
Event: 3.474 Thread 0x000001e3e04fb7b0 Exception <a 'java/lang/NoSuchMethodError'{0x000000070fba98f8}: 'java.lang.Object java.lang.invoke.Invokers$Holder.linkToTargetMethod(java.lang.Object, long, java.lang.Object)'> (0x000000070fba98f8) 
thrown [s\src\hotspot\share\interpreter\linkResolver.cpp, line 771]

VM Operations (20 events):
Event: 2.867 Executing VM operation: HandshakeAllThreads
Event: 2.867 Executing VM operation: HandshakeAllThreads done
Event: 2.908 Executing VM operation: HandshakeAllThreads
Event: 2.908 Executing VM operation: HandshakeAllThreads done
Event: 2.916 Executing VM operation: ICBufferFull
Event: 2.916 Executing VM operation: ICBufferFull done
Event: 2.925 Executing VM operation: HandshakeAllThreads
Event: 2.925 Executing VM operation: HandshakeAllThreads done
Event: 2.947 Executing VM operation: HandshakeAllThreads
Event: 2.947 Executing VM operation: HandshakeAllThreads done
Event: 3.163 Executing VM operation: ICBufferFull
Event: 3.163 Executing VM operation: ICBufferFull done
Event: 3.374 Executing VM operation: HandshakeAllThreads
Event: 3.374 Executing VM operation: HandshakeAllThreads done
Event: 3.384 Executing VM operation: G1CollectForAllocation
Event: 3.394 Executing VM operation: G1CollectForAllocation done
Event: 3.404 Executing VM operation: HandshakeAllThreads
Event: 3.404 Executing VM operation: HandshakeAllThreads done
Event: 3.477 Executing VM operation: HandshakeAllThreads
Event: 3.477 Executing VM operation: HandshakeAllThreads done

Memory protections (0 events):
No events

Nmethod flushes (20 events):
Event: 2.955 Thread 0x000001e3ff346ae0 flushing  nmethod 0x000001e3e5f53490
Event: 2.955 Thread 0x000001e3ff346ae0 flushing  nmethod 0x000001e3e5f53810
Event: 2.955 Thread 0x000001e3ff346ae0 flushing  nmethod 0x000001e3e5f57410
Event: 2.955 Thread 0x000001e3ff346ae0 flushing  nmethod 0x000001e3e5f57890
Event: 2.955 Thread 0x000001e3ff346ae0 flushing  nmethod 0x000001e3e5f5fd90
Event: 2.955 Thread 0x000001e3ff346ae0 flushing  nmethod 0x000001e3e5f64410
Event: 2.955 Thread 0x000001e3ff346ae0 flushing  nmethod 0x000001e3e5f76b10
Event: 2.955 Thread 0x000001e3ff346ae0 flushing  nmethod 0x000001e3e5f79d90
Event: 2.955 Thread 0x000001e3ff346ae0 flushing  nmethod 0x000001e3e5f80e10
Event: 2.955 Thread 0x000001e3ff346ae0 flushing  nmethod 0x000001e3e5f93290
Event: 2.955 Thread 0x000001e3ff346ae0 flushing  nmethod 0x000001e3e5f9b010
Event: 2.955 Thread 0x000001e3ff346ae0 flushing  nmethod 0x000001e3e5fa7a90
Event: 2.955 Thread 0x000001e3ff346ae0 flushing  nmethod 0x000001e3e5fb2a10
Event: 2.955 Thread 0x000001e3ff346ae0 flushing  nmethod 0x000001e3e5fbec90
Event: 2.955 Thread 0x000001e3ff346ae0 flushing  nmethod 0x000001e3e5fc6010
Event: 2.955 Thread 0x000001e3ff346ae0 flushing  nmethod 0x000001e3e5fd1490
Event: 2.956 Thread 0x000001e3ff346ae0 flushing  nmethod 0x000001e3e6023d90
Event: 2.956 Thread 0x000001e3ff346ae0 flushing  nmethod 0x000001e3e6057f10
Event: 2.956 Thread 0x000001e3ff346ae0 flushing  nmethod 0x000001e3e61b4490
Event: 2.956 Thread 0x000001e3ff346ae0 flushing  nmethod 0x000001e3e61b4d90

Events (20 events):
Event: 0.031 Thread 0x000001e3e04fb7b0 Thread added: 0x000001e3ff3443f0
Event: 0.031 Thread 0x000001e3e04fb7b0 Thread added: 0x000001e3ff344cc0
Event: 0.031 Thread 0x000001e3e04fb7b0 Thread added: 0x000001e3ff3458c0
Event: 0.031 Thread 0x000001e3e04fb7b0 Thread added: 0x000001e3ff3461d0
Event: 0.031 Thread 0x000001e3e04fb7b0 Thread added: 0x000001e3ff346ae0
Event: 0.039 Thread 0x000001e3e04fb7b0 Thread added: 0x000001e3ff512b40
Event: 0.040 Thread 0x000001e3e04fb7b0 Thread added: 0x000001e3ff518010
Event: 0.042 Loaded shared library C:\Users\tu\.jdks\jbr-17.0.14\bin\net.dll
Event: 0.043 Loaded shared library C:\Users\tu\.jdks\jbr-17.0.14\bin\nio.dll
Event: 0.044 Loaded shared library C:\Users\tu\.jdks\jbr-17.0.14\bin\zip.dll
Event: 0.107 Thread 0x000001e3e04fb7b0 Thread added: 0x000001e3c70e0e40
Event: 0.108 Loaded shared library C:\Program Files\JetBrains\IntelliJ IDEA 2025.3.1.1\plugins\maven\lib\maven3\lib\jansi-native\Windows\x86_64\jansi.dll
Event: 0.109 Loaded shared library C:\Users\tu\.jdks\jbr-17.0.14\bin\jimage.dll
Event: 0.112 Thread 0x000001e3c70e0e40 Thread exited: 0x000001e3c70e0e40
Event: 0.224 Thread 0x000001e3ff3461d0 Thread added: 0x000001e3c7634090
Event: 0.356 Thread 0x000001e3ff3461d0 Thread added: 0x000001e3c7667020
Event: 1.015 Thread 0x000001e3e04fb7b0 Thread added: 0x000001e3c7c84a50
Event: 3.480 Thread 0x000001e3e04fb7b0 Thread added: 0x000001e3ff67a320
Event: 3.480 Thread 0x000001e3e04fb7b0 Thread added: 0x000001e3c713e2d0
Event: 3.480 Thread 0x000001e3e04fb7b0 Thread added: 0x000001e3c7f18930


Dynamic libraries:
0x00007ff7d9400000 - 0x00007ff7d940a000 	C:\Users\tu\.jdks\jbr-17.0.14\bin\java.exe
0x00007ffb03680000 - 0x00007ffb038e7000 	C:\WINDOWS\SYSTEM32\ntdll.dll
0x00007ffb016e0000 - 0x00007ffb017a9000 	C:\WINDOWS\System32\KERNEL32.DLL
0x00007ffafff50000 - 0x00007ffb00344000 	C:\WINDOWS\System32\KERNELBASE.dll
0x00007ffb004a0000 - 0x00007ffb005eb000 	C:\WINDOWS\System32\ucrtbase.dll
0x00007ffae09d0000 - 0x00007ffae09e7000 	C:\Users\tu\.jdks\jbr-17.0.14\bin\jli.dll
0x00007ffaddb70000 - 0x00007ffaddb8b000 	C:\Users\tu\.jdks\jbr-17.0.14\bin\VCRUNTIME140.dll
0x00007ffb02da0000 - 0x00007ffb02f65000 	C:\WINDOWS\System32\USER32.dll
0x00007ffb01330000 - 0x00007ffb01357000 	C:\WINDOWS\System32\win32u.dll
0x00007ffb02d70000 - 0x00007ffb02d9b000 	C:\WINDOWS\System32\GDI32.dll
0x00007ffb01080000 - 0x00007ffb011ab000 	C:\WINDOWS\System32\gdi32full.dll
0x00007ffadc270000 - 0x00007ffadc503000 	C:\WINDOWS\WinSxS\amd64_microsoft.windows.common-controls_6595b64144ccf1df_6.0.26100.8115_none_3e075c82e3354f9c\COMCTL32.dll
0x00007ffb00760000 - 0x00007ffb00803000 	C:\WINDOWS\System32\msvcp_win.dll
0x00007ffb02aa0000 - 0x00007ffb02b49000 	C:\WINDOWS\System32\msvcrt.dll
0x00007ffb02060000 - 0x00007ffb02092000 	C:\WINDOWS\System32\IMM32.DLL
0x00007ffaef840000 - 0x00007ffaef84c000 	C:\Users\tu\.jdks\jbr-17.0.14\bin\vcruntime140_1.dll
0x00007ffad6050000 - 0x00007ffad60dd000 	C:\Users\tu\.jdks\jbr-17.0.14\bin\msvcp140.dll
0x00007ffa17090000 - 0x00007ffa17d1e000 	C:\Users\tu\.jdks\jbr-17.0.14\bin\server\jvm.dll
0x00007ffb02f70000 - 0x00007ffb03026000 	C:\WINDOWS\System32\ADVAPI32.dll
0x00007ffb017b0000 - 0x00007ffb01857000 	C:\WINDOWS\System32\sechost.dll
0x00007ffb028f0000 - 0x00007ffb02a08000 	C:\WINDOWS\System32\RPCRT4.dll
0x00007ffb01fd0000 - 0x00007ffb02050000 	C:\WINDOWS\System32\WS2_32.dll
0x00007ffaffdb0000 - 0x00007ffaffe0e000 	C:\WINDOWS\SYSTEM32\POWRPROF.dll
0x00007ffafcac0000 - 0x00007ffafcaf6000 	C:\WINDOWS\SYSTEM32\WINMM.dll
0x00007ffaece10000 - 0x00007ffaece1b000 	C:\WINDOWS\SYSTEM32\VERSION.dll
0x00007ffaffd90000 - 0x00007ffaffda4000 	C:\WINDOWS\SYSTEM32\UMPDC.dll
0x00007ffafeca0000 - 0x00007ffafecbb000 	C:\WINDOWS\SYSTEM32\kernel.appcore.dll
0x00007ffaef7c0000 - 0x00007ffaef7ca000 	C:\Users\tu\.jdks\jbr-17.0.14\bin\jimage.dll
0x00007ffafdf40000 - 0x00007ffafe182000 	C:\WINDOWS\SYSTEM32\DBGHELP.DLL
0x00007ffb03290000 - 0x00007ffb03612000 	C:\WINDOWS\System32\combase.dll
0x00007ffb02310000 - 0x00007ffb023e8000 	C:\WINDOWS\System32\OLEAUT32.dll
0x00007ffadb610000 - 0x00007ffadb64b000 	C:\WINDOWS\SYSTEM32\dbgcore.DLL
0x00007ffb01360000 - 0x00007ffb01405000 	C:\WINDOWS\System32\bcryptPrimitives.dll
0x00007ffadc960000 - 0x00007ffadc985000 	C:\Users\tu\.jdks\jbr-17.0.14\bin\java.dll
0x00007ffad5f50000 - 0x00007ffad6027000 	C:\Users\tu\.jdks\jbr-17.0.14\bin\jsvml.dll
0x00007ffb01860000 - 0x00007ffb01fc7000 	C:\WINDOWS\System32\SHELL32.dll
0x00007ffb005f0000 - 0x00007ffb0075a000 	C:\WINDOWS\System32\wintypes.dll
0x00007ffb00810000 - 0x00007ffb01078000 	C:\WINDOWS\System32\windows.storage.dll
0x00007ffb02100000 - 0x00007ffb021f8000 	C:\WINDOWS\System32\SHCORE.dll
0x00007ffb02880000 - 0x00007ffb028e6000 	C:\WINDOWS\System32\shlwapi.dll
0x00007ffaffe70000 - 0x00007ffaffe99000 	C:\WINDOWS\SYSTEM32\profapi.dll
0x00007ffadca90000 - 0x00007ffadcaa8000 	C:\Users\tu\.jdks\jbr-17.0.14\bin\zip.dll
0x00007ffadc940000 - 0x00007ffadc959000 	C:\Users\tu\.jdks\jbr-17.0.14\bin\net.dll
0x00007ffaf7090000 - 0x00007ffaf71bd000 	C:\WINDOWS\SYSTEM32\WINHTTP.dll
0x00007ffaff1f0000 - 0x00007ffaff25c000 	C:\WINDOWS\system32\mswsock.dll
0x00007ffadc920000 - 0x00007ffadc936000 	C:\Users\tu\.jdks\jbr-17.0.14\bin\nio.dll
0x00007ffad5de0000 - 0x00007ffad5e04000 	C:\Program Files\JetBrains\IntelliJ IDEA 2025.3.1.1\plugins\maven\lib\maven3\lib\jansi-native\Windows\x86_64\jansi.dll
0x00007ffae0a00000 - 0x00007ffae0a10000 	C:\Users\tu\.jdks\jbr-17.0.14\bin\verify.dll

dbghelp: loaded successfully - version: 4.0.5 - missing functions: none
symbol engine: initialized successfully - sym options: 0x614 - pdb path: .;C:\Users\tu\.jdks\jbr-17.0.14\bin;C:\WINDOWS\SYSTEM32;C:\WINDOWS\WinSxS\amd64_microsoft.windows.common-controls_6595b64144ccf1df_6.0.26100.8115_none_3e075c82e3354f9c;C:\Users\tu\.jdks\jbr-17.0.14\bin\server;C:\Program Files\JetBrains\IntelliJ IDEA 2025.3.1.1\plugins\maven\lib\maven3\lib\jansi-native\Windows\x86_64

VM Arguments:
jvm_args: -Dfile.encoding=IBM850 --enable-native-access=ALL-UNNAMED -Dclassworlds.conf=C:\Program Files\JetBrains\IntelliJ IDEA 2025.3.1.1\plugins\maven\lib\maven3\bin\m2.conf -Dmaven.home=C:\Program Files\JetBrains\IntelliJ IDEA 2025.3.1.1\plugins\maven\lib\maven3 -Dlibrary.jansi.path=C:\Program Files\JetBrains\IntelliJ IDEA 2025.3.1.1\plugins\maven\lib\maven3\lib\jansi-native -Dmaven.multiModuleProjectDirectory=C:\monjava\smoka_user 
java_command: org.codehaus.plexus.classworlds.launcher.Launcher -Didea.version=2025.3.1.1 -Dmaven.ext.class.path=C:\Program Files\JetBrains\IntelliJ IDEA 2025.3.1.1\plugins\maven\lib\maven-event-listener.jar -Djansi.passthrough=true -Dstyle.color=always -Dmaven.repo.local=C:\Users\tu\.m2\repository javafx:run -f pom.xml
java_class_path (initial): C:\Program Files\JetBrains\IntelliJ IDEA 2025.3.1.1\plugins\maven\lib\maven3\boot\plexus-classworlds-2.9.0.jar
Launcher Type: SUN_STANDARD

[Global flags]
     intx CICompilerCount                          = 4                                         {product} {ergonomic}
     uint ConcGCThreads                            = 3                                         {product} {ergonomic}
     uint G1ConcRefinementThreads                  = 10                                        {product} {ergonomic}
   size_t G1HeapRegionSize                         = 2097152                                   {product} {ergonomic}
    uintx GCDrainStackTargetSize                   = 64                                        {product} {ergonomic}
   size_t InitialHeapSize                          = 264241152                                 {product} {ergonomic}
   size_t MarkStackSize                            = 4194304                                   {product} {ergonomic}
   size_t MaxHeapSize                              = 4202692608                                {product} {ergonomic}
   size_t MaxNewSize                               = 2520776704                                {product} {ergonomic}
   size_t MinHeapDeltaBytes                        = 2097152                                   {product} {ergonomic}
   size_t MinHeapSize                              = 8388608                                   {product} {ergonomic}
    uintx NonNMethodCodeHeapSize                   = 5839372                                {pd product} {ergonomic}
    uintx NonProfiledCodeHeapSize                  = 122909434                              {pd product} {ergonomic}
    uintx ProfiledCodeHeapSize                     = 122909434                              {pd product} {ergonomic}
    uintx ReservedCodeCacheSize                    = 251658240                              {pd product} {ergonomic}
     bool SegmentedCodeCache                       = true                                      {product} {ergonomic}
   size_t SoftMaxHeapSize                          = 4202692608                             {manageable} {ergonomic}
     bool UseCompressedClassPointers               = true                           {product lp64_product} {ergonomic}
     bool UseCompressedOops                        = true                           {product lp64_product} {ergonomic}
     bool UseG1GC                                  = true                                      {product} {ergonomic}
     bool UseLargePagesIndividualAllocation        = false                                  {pd product} {ergonomic}

Logging:
Log output configuration:
 #0: stdout all=warning uptime,level,tags
 #1: stderr all=off uptime,level,tags

Environment Variables:
JAVA_HOME=C:\Users\tu\.jdks\jbr-17.0.14
JAVA_TOOL_OPTIONS=-Dfile.encoding=IBM850
PATH=C:\oraclexe\app\oracle\product\11.2.0\server\bin;;C:\Program Files (x86)\Common Files\Oracle\Java\javapath;C:\Program Files (x86)\VMware\VMware Workstation\bin\;C:\WINDOWS\system32;C:\WINDOWS;C:\WINDOWS\System32\Wbem;C:\WINDOWS\System32\WindowsPowerShell\v1.0\;C:\WINDOWS\System32\OpenSSH\;C:\Program Files (x86)\Microsoft SQL Server\160\Tools\Binn\;C:\Program Files\Microsoft SQL Server\160\Tools\Binn\;C:\Program Files\Microsoft SQL Server\Client SDK\ODBC\170\Tools\Binn\;C:\Program Files\Microsoft SQL Server\160\DTS\Binn\;C:\Program Files (x86)\Windows Kits\8.1\Windows Performance Toolkit\;C:\Program Files (x86)\Microchip\MPLAB C32 Suite\bin;C:\Program Files\Git\cmd;C:\Users\tu\AppData\Local\Microsoft\WindowsApps;C:\Users\tu\AppData\Local\Programs\Microsoft VS Code\bin;C:\Users\tu\AppData\Local\Programs\Windsurf\bin
USERNAME=tu
OS=Windows_NT
PROCESSOR_IDENTIFIER=Intel64 Family 6 Model 186 Stepping 3, GenuineIntel
TMP=C:\Users\tu\AppData\Local\Temp
TEMP=C:\Users\tu\AppData\Local\Temp



Periodic native trim disabled

JNI global refs:
JNI global refs: 9, weak refs: 0

JNI global refs memory usage: 843, weak refs: 209

Process memory usage:
Resident Set Size: 344124K (2% of 16412432K total physical memory with 1900864K free physical memory)

OOME stack traces (most recent first):
Classloader memory used:
Loader org.codehaus.plexus.classworlds.realm.ClassRealm                                : 1814K
Loader jdk.internal.loader.ClassLoaders$AppClassLoader                                 : 1169K
Loader bootstrap                                                                       : 702K
Loader jdk.internal.loader.ClassLoaders$PlatformClassLoader                            : 63834B
Loader org.eclipse.sisu.space.CloningClassSpace$CloningClassLoader                     : 10595B
Loader jdk.internal.reflect.DelegatingClassLoader                                      : 5408B

Classes loaded by more than one classloader:
Class org.codehaus.plexus.util.StringUtils                                            : loaded 3 times (x 69B)
Class org.codehaus.plexus.util.MatchPatterns                                          : loaded 3 times (x 73B)
Class org.codehaus.plexus.util.DirectoryScanner                                       : loaded 2 times (x 113B)
Class org.codehaus.plexus.interpolation.BasicInterpolator                             : loaded 2 times (x 68B)
Class org.codehaus.plexus.languages.java.jpms.ResolvePathResult                       : loaded 2 times (x 74B)
Class org.codehaus.plexus.languages.java.jpms.LocationManager                         : loaded 2 times (x 72B)
Class org.codehaus.plexus.util.Scanner                                                : loaded 2 times (x 68B)
Class org.sonatype.plexus.components.cipher.PlexusCipherException                     : loaded 2 times (x 80B)
Class [Lorg.codehaus.plexus.util.MatchPattern;                                        : loaded 2 times (x 67B)
Class org.codehaus.plexus.interpolation.ValueSource                                   : loaded 2 times (x 68B)
Class org.codehaus.plexus.util.AbstractScanner                                        : loaded 2 times (x 98B)
Class org.codehaus.plexus.util.MatchPattern                                           : loaded 2 times (x 76B)
Class org.sonatype.plexus.components.sec.dispatcher.DefaultSecDispatcher              : loaded 2 times (x 81B)
Class org.codehaus.plexus.languages.java.jpms.JavaModuleDescriptor                    : loaded 2 times (x 76B)
Class org.codehaus.plexus.interpolation.RecursionInterceptor                          : loaded 2 times (x 68B)
Class org.apache.maven.shared.utils.logging.MessageBuilder                            : loaded 2 times (x 68B)
Class org.codehaus.plexus.languages.java.jpms.SourceModuleInfoParser                  : loaded 2 times (x 70B)
Class org.sonatype.plexus.components.sec.dispatcher.model.SettingsSecurity            : loaded 2 times (x 80B)
Class org.sonatype.plexus.components.cipher.PlexusCipher                              : loaded 2 times (x 68B)
Class org.sonatype.plexus.components.sec.dispatcher.SecDispatcher                     : loaded 2 times (x 68B)
Class org.codehaus.plexus.interpolation.PropertiesBasedValueSource                    : loaded 2 times (x 80B)
Class org.codehaus.plexus.interpolation.AbstractValueSource                           : loaded 2 times (x 80B)
Class org.sonatype.plexus.components.sec.dispatcher.SecDispatcherException            : loaded 2 times (x 80B)
Class org.codehaus.plexus.languages.java.jpms.ResolvePathsRequest                     : loaded 2 times (x 80B)
Class org.codehaus.plexus.util.Os                                                     : loaded 2 times (x 75B)
Class org.codehaus.plexus.languages.java.jpms.ModuleInfoParser                        : loaded 2 times (x 68B)
Class org.codehaus.plexus.util.SelectorUtils                                          : loaded 2 times (x 69B)
Class org.sonatype.plexus.components.cipher.DefaultPlexusCipher                       : loaded 2 times (x 91B)
Class org.codehaus.plexus.languages.java.jpms.ManifestModuleNameExtractor             : loaded 2 times (x 73B)
Class org.codehaus.plexus.languages.java.jpms.ResolvePathRequest                      : loaded 2 times (x 74B)
Class org.codehaus.plexus.languages.java.jpms.ResolvePathsResult                      : loaded 2 times (x 80B)
Class org.codehaus.plexus.util.cli.CommandLineException                               : loaded 2 times (x 80B)
Class org.sonatype.plexus.components.cipher.PBECipher                                 : loaded 2 times (x 72B)
Class org.codehaus.plexus.interpolation.Interpolator                                  : loaded 2 times (x 68B)
Class org.codehaus.plexus.languages.java.jpms.ModuleNameExtractor                     : loaded 2 times (x 68B)


---------------  S Y S T E M  ---------------

OS:
 Windows 11 , 64 bit Build 26100 (10.0.26100.8246)
OS uptime: 0 days 4:18 hours
Hyper-V role detected

CPU: total 12 (initial active 12) (6 cores per cpu, 2 threads per core) family 6 model 186 stepping 3 microcode 0x4121, cx8, cmov, fxsr, ht, mmx, 3dnowpref, sse, sse2, sse3, ssse3, sse4.1, sse4.2, popcnt, lzcnt, tsc, tscinvbit, avx, avx2, aes, erms, clmul, bmi1, bmi2, adx, sha, fma, vzeroupper, clflush, clflushopt, clwb, hv
Processor Information for processor 0
  Max Mhz: 1700, Current Mhz: 1700, Mhz Limit: 1700
Processor Information for processor 1
  Max Mhz: 1700, Current Mhz: 1700, Mhz Limit: 1700
Processor Information for processor 2
  Max Mhz: 1700, Current Mhz: 1700, Mhz Limit: 1700
Processor Information for processor 3
  Max Mhz: 1700, Current Mhz: 1700, Mhz Limit: 1700
Processor Information for processor 4
  Max Mhz: 1700, Current Mhz: 1200, Mhz Limit: 1190
Processor Information for processor 5
  Max Mhz: 1700, Current Mhz: 1200, Mhz Limit: 1190
Processor Information for processor 6
  Max Mhz: 1700, Current Mhz: 1200, Mhz Limit: 1190
Processor Information for processor 7
  Max Mhz: 1700, Current Mhz: 1200, Mhz Limit: 1190
Processor Information for processor 8
  Max Mhz: 1700, Current Mhz: 1200, Mhz Limit: 1190
Processor Information for processor 9
  Max Mhz: 1700, Current Mhz: 1200, Mhz Limit: 1190
Processor Information for processor 10
  Max Mhz: 1700, Current Mhz: 1200, Mhz Limit: 1190
Processor Information for processor 11
  Max Mhz: 1700, Current Mhz: 1200, Mhz Limit: 1190

Memory: 4k page, system-wide physical 16027M (1856M free)
TotalPageFile size 20867M (AvailPageFile size 36M)
current process WorkingSet (physical memory assigned to process): 336M, peak: 336M
current process commit charge ("private bytes"): 386M, peak: 410M

vm_info: OpenJDK 64-Bit Server VM (17.0.14+1-b1367.22) for windows-amd64 JRE (17.0.14+1-b1367.22), built on 2025-01-30 by "builduser" with MS VC++ 16.10 / 16.11 (VS2019)

END.
