#
# There is insufficient memory for the Java Runtime Environment to continue.
# Native memory allocation (malloc) failed to allocate 457616 bytes. Error detail: Chunk::new
# Possible reasons:
#   The system is out of physical RAM or swap space
#   This process is running with CompressedOops enabled, and the Java Heap may be blocking the growth of the native heap
# Possible solutions:
#   Reduce memory load on the system
#   Increase physical memory or swap space
#   Check if swap backing store is full
#   Decrease Java heap size (-Xmx/-Xms)
#   Decrease number of Java threads
#   Decrease Java thread stack sizes (-Xss)
#   Set larger code cache with -XX:ReservedCodeCacheSize=
#   JVM is running with Zero Based Compressed Oops mode in which the Java heap is
#     placed in the first 32GB address space. The Java Heap base address is the
#     maximum limit for the native heap growth. Please use -XX:HeapBaseMinAddress
#     to set the Java Heap base and to place the Java Heap above 32GB virtual address.
# This output file may be truncated or incomplete.
#
#  Out of Memory Error (arena.cpp:191), pid=9504, tid=5208
#
# JRE version: OpenJDK Runtime Environment JBR-17.0.14+1-1367.22-nomod (17.0.14+1) (build 17.0.14+1-b1367.22)
# Java VM: OpenJDK 64-Bit Server VM JBR-17.0.14+1-1367.22-nomod (17.0.14+1-b1367.22, mixed mode, sharing, tiered, compressed oops, compressed class ptrs, g1 gc, windows-amd64)
# No core dump will be written. Minidumps are not enabled by default on client versions of Windows
#

---------------  S U M M A R Y ------------

Command Line: -Dfile.encoding=IBM850 --enable-native-access=ALL-UNNAMED -Dclassworlds.conf=C:\Program Files\JetBrains\IntelliJ IDEA 2025.3.1.1\plugins\maven\lib\maven3\bin\m2.conf -Dmaven.home=C:\Program Files\JetBrains\IntelliJ IDEA 2025.3.1.1\plugins\maven\lib\maven3 -Dlibrary.jansi.path=C:\Program Files\JetBrains\IntelliJ IDEA 2025.3.1.1\plugins\maven\lib\maven3\lib\jansi-native -Dmaven.multiModuleProjectDirectory=C:\monjava\smoka_user org.codehaus.plexus.classworlds.launcher.Launcher -Didea.version=2025.3.1.1 -Dmaven.ext.class.path=C:\Program Files\JetBrains\IntelliJ IDEA 2025.3.1.1\plugins\maven\lib\maven-event-listener.jar -Djansi.passthrough=true -Dstyle.color=always -Dmaven.repo.local=C:\Users\tu\.m2\repository javafx:run -f pom.xml

Host: 13th Gen Intel(R) Core(TM) i7-1355U, 12 cores, 15G,  Windows 11 , 64 bit Build 26100 (10.0.26100.8246)
Time: Fri May  1 22:23:41 2026 Afr. centrale Ouest elapsed time: 0.575526 seconds (0d 0h 0m 0s)

---------------  T H R E A D  ---------------

Current thread (0x000001cca01afe00):  JavaThread "C2 CompilerThread1" daemon [_thread_in_native, id=5208, stack(0x0000006434200000,0x0000006434300000)]


Current CompileTask:
C2:    575 1354       4       jdk.internal.loader.URLClassPath::getResource (74 bytes)

Stack: [0x0000006434200000,0x0000006434300000]
Native frames: (J=compiled Java code, j=interpreted, Vv=VM code, C=native code)
V  [jvm.dll+0x68b969]
V  [jvm.dll+0x84572a]
V  [jvm.dll+0x8473ae]
V  [jvm.dll+0x847a13]
V  [jvm.dll+0x24a83f]
V  [jvm.dll+0xaca04]
V  [jvm.dll+0xad04c]
V  [jvm.dll+0x36af67]
V  [jvm.dll+0x3352ca]
V  [jvm.dll+0x33476a]
V  [jvm.dll+0x21c231]
V  [jvm.dll+0x21b671]
V  [jvm.dll+0x1a6acd]
V  [jvm.dll+0x22b58e]
V  [jvm.dll+0x2296d5]
V  [jvm.dll+0x7f9637]
V  [jvm.dll+0x7f3a1c]
V  [jvm.dll+0x68a7c7]
C  [ucrtbase.dll+0x37b0]
C  [KERNEL32.DLL+0x2e8d7]
C  [ntdll.dll+0x8c3fc]


---------------  P R O C E S S  ---------------

Threads class SMR info:
_java_thread_list=0x000001cca0866ac0, length=14, elements={
0x000001cc396124a0, 0x000001cc5999eae0, 0x000001cc5999f5b0, 0x000001cc599b8850,
0x000001cc599ba130, 0x000001cc599baa00, 0x000001cc599bb2d0, 0x000001cc599be3b0,
0x000001cc599bed70, 0x000001cc599cbae0, 0x000001cc5a41f5d0, 0x000001cc5a444800,
0x000001cca01afe00, 0x000001cca069c2b0
}

Java Threads: ( => current thread )
  0x000001cc396124a0 JavaThread "main" [_thread_in_Java, id=25496, stack(0x0000006432f00000,0x0000006433000000)]
  0x000001cc5999eae0 JavaThread "Reference Handler" daemon [_thread_blocked, id=25080, stack(0x0000006433600000,0x0000006433700000)]
  0x000001cc5999f5b0 JavaThread "Finalizer" daemon [_thread_blocked, id=17544, stack(0x0000006433700000,0x0000006433800000)]
  0x000001cc599b8850 JavaThread "Signal Dispatcher" daemon [_thread_blocked, id=26072, stack(0x0000006433800000,0x0000006433900000)]
  0x000001cc599ba130 JavaThread "Attach Listener" daemon [_thread_blocked, id=4180, stack(0x0000006433900000,0x0000006433a00000)]
  0x000001cc599baa00 JavaThread "Service Thread" daemon [_thread_blocked, id=25988, stack(0x0000006433a00000,0x0000006433b00000)]
  0x000001cc599bb2d0 JavaThread "Monitor Deflation Thread" daemon [_thread_blocked, id=22992, stack(0x0000006433b00000,0x0000006433c00000)]
  0x000001cc599be3b0 JavaThread "C2 CompilerThread0" daemon [_thread_in_native, id=24684, stack(0x0000006433c00000,0x0000006433d00000)]
  0x000001cc599bed70 JavaThread "C1 CompilerThread0" daemon [_thread_blocked, id=20316, stack(0x0000006433d00000,0x0000006433e00000)]
  0x000001cc599cbae0 JavaThread "Sweeper thread" daemon [_thread_blocked, id=15192, stack(0x0000006433e00000,0x0000006433f00000)]
  0x000001cc5a41f5d0 JavaThread "Notification Thread" daemon [_thread_blocked, id=2336, stack(0x0000006433f00000,0x0000006434000000)]
  0x000001cc5a444800 JavaThread "Common-Cleaner" daemon [_thread_blocked, id=25024, stack(0x0000006434100000,0x0000006434200000)]
=>0x000001cca01afe00 JavaThread "C2 CompilerThread1" daemon [_thread_in_native, id=5208, stack(0x0000006434200000,0x0000006434300000)]
  0x000001cca069c2b0 JavaThread "C2 CompilerThread2" daemon [_thread_in_native, id=17856, stack(0x0000006434300000,0x0000006434400000)]

Other Threads:
  0x000001cc5999a690 VMThread "VM Thread" [stack: 0x0000006433500000,0x0000006433600000] [id=22652]
  0x000001cc5a442730 WatcherThread [stack: 0x0000006434000000,0x0000006434100000] [id=25892]
  0x000001cc39680090 GCTaskThread "GC Thread#0" [stack: 0x0000006433000000,0x0000006433100000] [id=8492]
  0x000001cc5a5e0930 GCTaskThread "GC Thread#1" [stack: 0x0000006434400000,0x0000006434500000] [id=6364]
  0x000001cca0614250 GCTaskThread "GC Thread#2" [stack: 0x0000006434500000,0x0000006434600000] [id=22868]
  0x000001cca035d950 GCTaskThread "GC Thread#3" [stack: 0x0000006434600000,0x0000006434700000] [id=13704]
  0x000001cca035dc10 GCTaskThread "GC Thread#4" [stack: 0x0000006434700000,0x0000006434800000] [id=13480]
  0x000001cca06a08a0 GCTaskThread "GC Thread#5" [stack: 0x0000006434800000,0x0000006434900000] [id=1764]
  0x000001cca0708ea0 GCTaskThread "GC Thread#6" [stack: 0x0000006434900000,0x0000006434a00000] [id=23816]
  0x000001cc39690970 ConcurrentGCThread "G1 Main Marker" [stack: 0x0000006433100000,0x0000006433200000] [id=20464]
  0x000001cc396912a0 ConcurrentGCThread "G1 Conc#0" [stack: 0x0000006433200000,0x0000006433300000] [id=14244]
  0x000001cc598d84b0 ConcurrentGCThread "G1 Refine#0" [stack: 0x0000006433300000,0x0000006433400000] [id=25516]
  0x000001cc598d9ba0 ConcurrentGCThread "G1 Service" [stack: 0x0000006433400000,0x0000006433500000] [id=26960]

Threads with active compile tasks:
C2 CompilerThread0      587 1432       4       org.objectweb.asm.ClassReader::readUtf (44 bytes)
C1 CompilerThread0      587 1456       3       sun.nio.fs.NativeBuffers::releaseNativeBuffer (97 bytes)
C2 CompilerThread1      587 1354       4       jdk.internal.loader.URLClassPath::getResource (74 bytes)
C2 CompilerThread2      587 1446       4       org.objectweb.asm.ClassReader::readUTF8 (23 bytes)

VM state: not at safepoint (normal execution)

VM Mutex/Monitor currently owned by a thread: None

Heap address: 0x0000000705800000, size: 4008 MB, Compressed Oops mode: Zero based, Oop shift amount: 3

CDS archive(s) mapped at: [0x000001cc5b000000-0x000001cc5bc00000-0x000001cc5bc00000), size 12582912, SharedBaseAddress: 0x000001cc5b000000, ArchiveRelocationMode: 1.
Compressed class space mapped at: 0x000001cc5c000000-0x000001cc9c000000, reserved size: 1073741824
Narrow klass base: 0x000001cc5b000000, Narrow klass shift: 0, Narrow klass range: 0x100000000

GC Precious Log:
 CPUs: 12 total, 12 available
 Memory: 16027M
 Large Page Support: Disabled
 NUMA Support: Disabled
 Compressed Oops: Enabled (Zero based)
 Heap Region Size: 2M
 Heap Min Capacity: 8M
 Heap Initial Capacity: 252M
 Heap Max Capacity: 4008M
 Pre-touch: Disabled
 Parallel Workers: 10
 Concurrent Workers: 3
 Concurrent Refinement Workers: 10
 Periodic GC: Disabled

Heap:
 garbage-first heap   total 258048K, used 24162K [0x0000000705800000, 0x0000000800000000)
  region size 2048K, 13 young (26624K), 2 survivors (4096K)
 Metaspace       used 7250K, committed 7424K, reserved 1114112K
  class space    used 904K, committed 960K, reserved 1048576K

Heap Regions: E=young(eden), S=young(survivor), O=old, HS=humongous(starts), HC=humongous(continues), CS=collection set, F=free, OA=open archive, CA=closed archive, TAMS=top-at-mark-start (previous, next)
|   0|0x0000000705800000, 0x0000000705800000, 0x0000000705a00000|  0%| F|  |TAMS 0x0000000705800000, 0x0000000705800000| Untracked 
|   1|0x0000000705a00000, 0x0000000705a00000, 0x0000000705c00000|  0%| F|  |TAMS 0x0000000705a00000, 0x0000000705a00000| Untracked 
|   2|0x0000000705c00000, 0x0000000705c00000, 0x0000000705e00000|  0%| F|  |TAMS 0x0000000705c00000, 0x0000000705c00000| Untracked 
|   3|0x0000000705e00000, 0x0000000705e00000, 0x0000000706000000|  0%| F|  |TAMS 0x0000000705e00000, 0x0000000705e00000| Untracked 
|   4|0x0000000706000000, 0x0000000706000000, 0x0000000706200000|  0%| F|  |TAMS 0x0000000706000000, 0x0000000706000000| Untracked 
|   5|0x0000000706200000, 0x0000000706200000, 0x0000000706400000|  0%| F|  |TAMS 0x0000000706200000, 0x0000000706200000| Untracked 
|   6|0x0000000706400000, 0x0000000706400000, 0x0000000706600000|  0%| F|  |TAMS 0x0000000706400000, 0x0000000706400000| Untracked 
|   7|0x0000000706600000, 0x0000000706600000, 0x0000000706800000|  0%| F|  |TAMS 0x0000000706600000, 0x0000000706600000| Untracked 
|   8|0x0000000706800000, 0x0000000706800000, 0x0000000706a00000|  0%| F|  |TAMS 0x0000000706800000, 0x0000000706800000| Untracked 
|   9|0x0000000706a00000, 0x0000000706a00000, 0x0000000706c00000|  0%| F|  |TAMS 0x0000000706a00000, 0x0000000706a00000| Untracked 
|  10|0x0000000706c00000, 0x0000000706c00000, 0x0000000706e00000|  0%| F|  |TAMS 0x0000000706c00000, 0x0000000706c00000| Untracked 
|  11|0x0000000706e00000, 0x0000000706e00000, 0x0000000707000000|  0%| F|  |TAMS 0x0000000706e00000, 0x0000000706e00000| Untracked 
|  12|0x0000000707000000, 0x0000000707000000, 0x0000000707200000|  0%| F|  |TAMS 0x0000000707000000, 0x0000000707000000| Untracked 
|  13|0x0000000707200000, 0x0000000707200000, 0x0000000707400000|  0%| F|  |TAMS 0x0000000707200000, 0x0000000707200000| Untracked 
|  14|0x0000000707400000, 0x0000000707400000, 0x0000000707600000|  0%| F|  |TAMS 0x0000000707400000, 0x0000000707400000| Untracked 
|  15|0x0000000707600000, 0x0000000707600000, 0x0000000707800000|  0%| F|  |TAMS 0x0000000707600000, 0x0000000707600000| Untracked 
|  16|0x0000000707800000, 0x0000000707800000, 0x0000000707a00000|  0%| F|  |TAMS 0x0000000707800000, 0x0000000707800000| Untracked 
|  17|0x0000000707a00000, 0x0000000707a00000, 0x0000000707c00000|  0%| F|  |TAMS 0x0000000707a00000, 0x0000000707a00000| Untracked 
|  18|0x0000000707c00000, 0x0000000707c00000, 0x0000000707e00000|  0%| F|  |TAMS 0x0000000707c00000, 0x0000000707c00000| Untracked 
|  19|0x0000000707e00000, 0x0000000707e00000, 0x0000000708000000|  0%| F|  |TAMS 0x0000000707e00000, 0x0000000707e00000| Untracked 
|  20|0x0000000708000000, 0x0000000708000000, 0x0000000708200000|  0%| F|  |TAMS 0x0000000708000000, 0x0000000708000000| Untracked 
|  21|0x0000000708200000, 0x0000000708200000, 0x0000000708400000|  0%| F|  |TAMS 0x0000000708200000, 0x0000000708200000| Untracked 
|  22|0x0000000708400000, 0x0000000708400000, 0x0000000708600000|  0%| F|  |TAMS 0x0000000708400000, 0x0000000708400000| Untracked 
|  23|0x0000000708600000, 0x0000000708600000, 0x0000000708800000|  0%| F|  |TAMS 0x0000000708600000, 0x0000000708600000| Untracked 
|  24|0x0000000708800000, 0x0000000708800000, 0x0000000708a00000|  0%| F|  |TAMS 0x0000000708800000, 0x0000000708800000| Untracked 
|  25|0x0000000708a00000, 0x0000000708a00000, 0x0000000708c00000|  0%| F|  |TAMS 0x0000000708a00000, 0x0000000708a00000| Untracked 
|  26|0x0000000708c00000, 0x0000000708c00000, 0x0000000708e00000|  0%| F|  |TAMS 0x0000000708c00000, 0x0000000708c00000| Untracked 
|  27|0x0000000708e00000, 0x0000000708e00000, 0x0000000709000000|  0%| F|  |TAMS 0x0000000708e00000, 0x0000000708e00000| Untracked 
|  28|0x0000000709000000, 0x0000000709000000, 0x0000000709200000|  0%| F|  |TAMS 0x0000000709000000, 0x0000000709000000| Untracked 
|  29|0x0000000709200000, 0x0000000709200000, 0x0000000709400000|  0%| F|  |TAMS 0x0000000709200000, 0x0000000709200000| Untracked 
|  30|0x0000000709400000, 0x0000000709400000, 0x0000000709600000|  0%| F|  |TAMS 0x0000000709400000, 0x0000000709400000| Untracked 
|  31|0x0000000709600000, 0x0000000709600000, 0x0000000709800000|  0%| F|  |TAMS 0x0000000709600000, 0x0000000709600000| Untracked 
|  32|0x0000000709800000, 0x0000000709800000, 0x0000000709a00000|  0%| F|  |TAMS 0x0000000709800000, 0x0000000709800000| Untracked 
|  33|0x0000000709a00000, 0x0000000709a00000, 0x0000000709c00000|  0%| F|  |TAMS 0x0000000709a00000, 0x0000000709a00000| Untracked 
|  34|0x0000000709c00000, 0x0000000709c00000, 0x0000000709e00000|  0%| F|  |TAMS 0x0000000709c00000, 0x0000000709c00000| Untracked 
|  35|0x0000000709e00000, 0x0000000709e00000, 0x000000070a000000|  0%| F|  |TAMS 0x0000000709e00000, 0x0000000709e00000| Untracked 
|  36|0x000000070a000000, 0x000000070a000000, 0x000000070a200000|  0%| F|  |TAMS 0x000000070a000000, 0x000000070a000000| Untracked 
|  37|0x000000070a200000, 0x000000070a200000, 0x000000070a400000|  0%| F|  |TAMS 0x000000070a200000, 0x000000070a200000| Untracked 
|  38|0x000000070a400000, 0x000000070a400000, 0x000000070a600000|  0%| F|  |TAMS 0x000000070a400000, 0x000000070a400000| Untracked 
|  39|0x000000070a600000, 0x000000070a600000, 0x000000070a800000|  0%| F|  |TAMS 0x000000070a600000, 0x000000070a600000| Untracked 
|  40|0x000000070a800000, 0x000000070a800000, 0x000000070aa00000|  0%| F|  |TAMS 0x000000070a800000, 0x000000070a800000| Untracked 
|  41|0x000000070aa00000, 0x000000070aa00000, 0x000000070ac00000|  0%| F|  |TAMS 0x000000070aa00000, 0x000000070aa00000| Untracked 
|  42|0x000000070ac00000, 0x000000070ac00000, 0x000000070ae00000|  0%| F|  |TAMS 0x000000070ac00000, 0x000000070ac00000| Untracked 
|  43|0x000000070ae00000, 0x000000070ae00000, 0x000000070b000000|  0%| F|  |TAMS 0x000000070ae00000, 0x000000070ae00000| Untracked 
|  44|0x000000070b000000, 0x000000070b000000, 0x000000070b200000|  0%| F|  |TAMS 0x000000070b000000, 0x000000070b000000| Untracked 
|  45|0x000000070b200000, 0x000000070b200000, 0x000000070b400000|  0%| F|  |TAMS 0x000000070b200000, 0x000000070b200000| Untracked 
|  46|0x000000070b400000, 0x000000070b400000, 0x000000070b600000|  0%| F|  |TAMS 0x000000070b400000, 0x000000070b400000| Untracked 
|  47|0x000000070b600000, 0x000000070b600000, 0x000000070b800000|  0%| F|  |TAMS 0x000000070b600000, 0x000000070b600000| Untracked 
|  48|0x000000070b800000, 0x000000070b800000, 0x000000070ba00000|  0%| F|  |TAMS 0x000000070b800000, 0x000000070b800000| Untracked 
|  49|0x000000070ba00000, 0x000000070ba00000, 0x000000070bc00000|  0%| F|  |TAMS 0x000000070ba00000, 0x000000070ba00000| Untracked 
|  50|0x000000070bc00000, 0x000000070bc00000, 0x000000070be00000|  0%| F|  |TAMS 0x000000070bc00000, 0x000000070bc00000| Untracked 
|  51|0x000000070be00000, 0x000000070be00000, 0x000000070c000000|  0%| F|  |TAMS 0x000000070be00000, 0x000000070be00000| Untracked 
|  52|0x000000070c000000, 0x000000070c000000, 0x000000070c200000|  0%| F|  |TAMS 0x000000070c000000, 0x000000070c000000| Untracked 
|  53|0x000000070c200000, 0x000000070c200000, 0x000000070c400000|  0%| F|  |TAMS 0x000000070c200000, 0x000000070c200000| Untracked 
|  54|0x000000070c400000, 0x000000070c400000, 0x000000070c600000|  0%| F|  |TAMS 0x000000070c400000, 0x000000070c400000| Untracked 
|  55|0x000000070c600000, 0x000000070c600000, 0x000000070c800000|  0%| F|  |TAMS 0x000000070c600000, 0x000000070c600000| Untracked 
|  56|0x000000070c800000, 0x000000070c800000, 0x000000070ca00000|  0%| F|  |TAMS 0x000000070c800000, 0x000000070c800000| Untracked 
|  57|0x000000070ca00000, 0x000000070ca00000, 0x000000070cc00000|  0%| F|  |TAMS 0x000000070ca00000, 0x000000070ca00000| Untracked 
|  58|0x000000070cc00000, 0x000000070cc00000, 0x000000070ce00000|  0%| F|  |TAMS 0x000000070cc00000, 0x000000070cc00000| Untracked 
|  59|0x000000070ce00000, 0x000000070ce00000, 0x000000070d000000|  0%| F|  |TAMS 0x000000070ce00000, 0x000000070ce00000| Untracked 
|  60|0x000000070d000000, 0x000000070d000000, 0x000000070d200000|  0%| F|  |TAMS 0x000000070d000000, 0x000000070d000000| Untracked 
|  61|0x000000070d200000, 0x000000070d200000, 0x000000070d400000|  0%| F|  |TAMS 0x000000070d200000, 0x000000070d200000| Untracked 
|  62|0x000000070d400000, 0x000000070d400000, 0x000000070d600000|  0%| F|  |TAMS 0x000000070d400000, 0x000000070d400000| Untracked 
|  63|0x000000070d600000, 0x000000070d600000, 0x000000070d800000|  0%| F|  |TAMS 0x000000070d600000, 0x000000070d600000| Untracked 
|  64|0x000000070d800000, 0x000000070d800000, 0x000000070da00000|  0%| F|  |TAMS 0x000000070d800000, 0x000000070d800000| Untracked 
|  65|0x000000070da00000, 0x000000070da00000, 0x000000070dc00000|  0%| F|  |TAMS 0x000000070da00000, 0x000000070da00000| Untracked 
|  66|0x000000070dc00000, 0x000000070dc00000, 0x000000070de00000|  0%| F|  |TAMS 0x000000070dc00000, 0x000000070dc00000| Untracked 
|  67|0x000000070de00000, 0x000000070de00000, 0x000000070e000000|  0%| F|  |TAMS 0x000000070de00000, 0x000000070de00000| Untracked 
|  68|0x000000070e000000, 0x000000070e000000, 0x000000070e200000|  0%| F|  |TAMS 0x000000070e000000, 0x000000070e000000| Untracked 
|  69|0x000000070e200000, 0x000000070e200000, 0x000000070e400000|  0%| F|  |TAMS 0x000000070e200000, 0x000000070e200000| Untracked 
|  70|0x000000070e400000, 0x000000070e400000, 0x000000070e600000|  0%| F|  |TAMS 0x000000070e400000, 0x000000070e400000| Untracked 
|  71|0x000000070e600000, 0x000000070e600000, 0x000000070e800000|  0%| F|  |TAMS 0x000000070e600000, 0x000000070e600000| Untracked 
|  72|0x000000070e800000, 0x000000070e800000, 0x000000070ea00000|  0%| F|  |TAMS 0x000000070e800000, 0x000000070e800000| Untracked 
|  73|0x000000070ea00000, 0x000000070ea00000, 0x000000070ec00000|  0%| F|  |TAMS 0x000000070ea00000, 0x000000070ea00000| Untracked 
|  74|0x000000070ec00000, 0x000000070ec00000, 0x000000070ee00000|  0%| F|  |TAMS 0x000000070ec00000, 0x000000070ec00000| Untracked 
|  75|0x000000070ee00000, 0x000000070ee00000, 0x000000070f000000|  0%| F|  |TAMS 0x000000070ee00000, 0x000000070ee00000| Untracked 
|  76|0x000000070f000000, 0x000000070f000000, 0x000000070f200000|  0%| F|  |TAMS 0x000000070f000000, 0x000000070f000000| Untracked 
|  77|0x000000070f200000, 0x000000070f200000, 0x000000070f400000|  0%| F|  |TAMS 0x000000070f200000, 0x000000070f200000| Untracked 
|  78|0x000000070f400000, 0x000000070f400000, 0x000000070f600000|  0%| F|  |TAMS 0x000000070f400000, 0x000000070f400000| Untracked 
|  79|0x000000070f600000, 0x000000070f600000, 0x000000070f800000|  0%| F|  |TAMS 0x000000070f600000, 0x000000070f600000| Untracked 
|  80|0x000000070f800000, 0x000000070f800000, 0x000000070fa00000|  0%| F|  |TAMS 0x000000070f800000, 0x000000070f800000| Untracked 
|  81|0x000000070fa00000, 0x000000070fa00000, 0x000000070fc00000|  0%| F|  |TAMS 0x000000070fa00000, 0x000000070fa00000| Untracked 
|  82|0x000000070fc00000, 0x000000070fc00000, 0x000000070fe00000|  0%| F|  |TAMS 0x000000070fc00000, 0x000000070fc00000| Untracked 
|  83|0x000000070fe00000, 0x000000070fe00000, 0x0000000710000000|  0%| F|  |TAMS 0x000000070fe00000, 0x000000070fe00000| Untracked 
|  84|0x0000000710000000, 0x0000000710000000, 0x0000000710200000|  0%| F|  |TAMS 0x0000000710000000, 0x0000000710000000| Untracked 
|  85|0x0000000710200000, 0x0000000710200000, 0x0000000710400000|  0%| F|  |TAMS 0x0000000710200000, 0x0000000710200000| Untracked 
|  86|0x0000000710400000, 0x0000000710400000, 0x0000000710600000|  0%| F|  |TAMS 0x0000000710400000, 0x0000000710400000| Untracked 
|  87|0x0000000710600000, 0x0000000710600000, 0x0000000710800000|  0%| F|  |TAMS 0x0000000710600000, 0x0000000710600000| Untracked 
|  88|0x0000000710800000, 0x0000000710800000, 0x0000000710a00000|  0%| F|  |TAMS 0x0000000710800000, 0x0000000710800000| Untracked 
|  89|0x0000000710a00000, 0x0000000710a00000, 0x0000000710c00000|  0%| F|  |TAMS 0x0000000710a00000, 0x0000000710a00000| Untracked 
|  90|0x0000000710c00000, 0x0000000710c00000, 0x0000000710e00000|  0%| F|  |TAMS 0x0000000710c00000, 0x0000000710c00000| Untracked 
|  91|0x0000000710e00000, 0x0000000710e00000, 0x0000000711000000|  0%| F|  |TAMS 0x0000000710e00000, 0x0000000710e00000| Untracked 
|  92|0x0000000711000000, 0x0000000711000000, 0x0000000711200000|  0%| F|  |TAMS 0x0000000711000000, 0x0000000711000000| Untracked 
|  93|0x0000000711200000, 0x0000000711200000, 0x0000000711400000|  0%| F|  |TAMS 0x0000000711200000, 0x0000000711200000| Untracked 
|  94|0x0000000711400000, 0x0000000711400000, 0x0000000711600000|  0%| F|  |TAMS 0x0000000711400000, 0x0000000711400000| Untracked 
|  95|0x0000000711600000, 0x0000000711600000, 0x0000000711800000|  0%| F|  |TAMS 0x0000000711600000, 0x0000000711600000| Untracked 
|  96|0x0000000711800000, 0x0000000711800000, 0x0000000711a00000|  0%| F|  |TAMS 0x0000000711800000, 0x0000000711800000| Untracked 
|  97|0x0000000711a00000, 0x0000000711a00000, 0x0000000711c00000|  0%| F|  |TAMS 0x0000000711a00000, 0x0000000711a00000| Untracked 
|  98|0x0000000711c00000, 0x0000000711c00000, 0x0000000711e00000|  0%| F|  |TAMS 0x0000000711c00000, 0x0000000711c00000| Untracked 
|  99|0x0000000711e00000, 0x0000000711e00000, 0x0000000712000000|  0%| F|  |TAMS 0x0000000711e00000, 0x0000000711e00000| Untracked 
| 100|0x0000000712000000, 0x0000000712000000, 0x0000000712200000|  0%| F|  |TAMS 0x0000000712000000, 0x0000000712000000| Untracked 
| 101|0x0000000712200000, 0x0000000712200000, 0x0000000712400000|  0%| F|  |TAMS 0x0000000712200000, 0x0000000712200000| Untracked 
| 102|0x0000000712400000, 0x0000000712400000, 0x0000000712600000|  0%| F|  |TAMS 0x0000000712400000, 0x0000000712400000| Untracked 
| 103|0x0000000712600000, 0x0000000712600000, 0x0000000712800000|  0%| F|  |TAMS 0x0000000712600000, 0x0000000712600000| Untracked 
| 104|0x0000000712800000, 0x0000000712800000, 0x0000000712a00000|  0%| F|  |TAMS 0x0000000712800000, 0x0000000712800000| Untracked 
| 105|0x0000000712a00000, 0x0000000712a00000, 0x0000000712c00000|  0%| F|  |TAMS 0x0000000712a00000, 0x0000000712a00000| Untracked 
| 106|0x0000000712c00000, 0x0000000712c00000, 0x0000000712e00000|  0%| F|  |TAMS 0x0000000712c00000, 0x0000000712c00000| Untracked 
| 107|0x0000000712e00000, 0x0000000712e00000, 0x0000000713000000|  0%| F|  |TAMS 0x0000000712e00000, 0x0000000712e00000| Untracked 
| 108|0x0000000713000000, 0x0000000713000000, 0x0000000713200000|  0%| F|  |TAMS 0x0000000713000000, 0x0000000713000000| Untracked 
| 109|0x0000000713200000, 0x0000000713200000, 0x0000000713400000|  0%| F|  |TAMS 0x0000000713200000, 0x0000000713200000| Untracked 
| 110|0x0000000713400000, 0x0000000713400000, 0x0000000713600000|  0%| F|  |TAMS 0x0000000713400000, 0x0000000713400000| Untracked 
| 111|0x0000000713600000, 0x0000000713600000, 0x0000000713800000|  0%| F|  |TAMS 0x0000000713600000, 0x0000000713600000| Untracked 
| 112|0x0000000713800000, 0x0000000713800000, 0x0000000713a00000|  0%| F|  |TAMS 0x0000000713800000, 0x0000000713800000| Untracked 
| 113|0x0000000713a00000, 0x0000000713b98968, 0x0000000713c00000| 79%| S|CS|TAMS 0x0000000713a00000, 0x0000000713a00000| Complete 
| 114|0x0000000713c00000, 0x0000000713e00000, 0x0000000713e00000|100%| S|CS|TAMS 0x0000000713c00000, 0x0000000713c00000| Complete 
| 115|0x0000000713e00000, 0x0000000713e94c60, 0x0000000714000000| 29%| E|  |TAMS 0x0000000713e00000, 0x0000000713e00000| Complete 
| 116|0x0000000714000000, 0x0000000714200000, 0x0000000714200000|100%| E|CS|TAMS 0x0000000714000000, 0x0000000714000000| Complete 
| 117|0x0000000714200000, 0x0000000714400000, 0x0000000714400000|100%| E|CS|TAMS 0x0000000714200000, 0x0000000714200000| Complete 
| 118|0x0000000714400000, 0x0000000714600000, 0x0000000714600000|100%| E|CS|TAMS 0x0000000714400000, 0x0000000714400000| Complete 
| 119|0x0000000714600000, 0x0000000714800000, 0x0000000714800000|100%| E|CS|TAMS 0x0000000714600000, 0x0000000714600000| Complete 
| 120|0x0000000714800000, 0x0000000714a00000, 0x0000000714a00000|100%| E|CS|TAMS 0x0000000714800000, 0x0000000714800000| Complete 
| 121|0x0000000714a00000, 0x0000000714c00000, 0x0000000714c00000|100%| E|CS|TAMS 0x0000000714a00000, 0x0000000714a00000| Complete 
| 122|0x0000000714c00000, 0x0000000714e00000, 0x0000000714e00000|100%| E|CS|TAMS 0x0000000714c00000, 0x0000000714c00000| Complete 
| 123|0x0000000714e00000, 0x0000000715000000, 0x0000000715000000|100%| E|CS|TAMS 0x0000000714e00000, 0x0000000714e00000| Complete 
| 124|0x0000000715000000, 0x0000000715200000, 0x0000000715200000|100%| E|CS|TAMS 0x0000000715000000, 0x0000000715000000| Complete 
| 125|0x0000000715200000, 0x0000000715400000, 0x0000000715400000|100%| E|CS|TAMS 0x0000000715200000, 0x0000000715200000| Complete 

Card table byte_map: [0x000001cc4e840000,0x000001cc4f020000] _byte_map_base: 0x000001cc4b014000

Marking Bits (Prev, Next): (CMBitMap*) 0x000001cc396805c0, (CMBitMap*) 0x000001cc39680600
 Prev Bits: [0x000001cc4f800000, 0x000001cc536a0000)
 Next Bits: [0x000001cc536a0000, 0x000001cc57540000)

Polling page: 0x000001cc396c0000

Metaspace:

Usage:
  Non-class:      6.21 MB used.
      Class:    907.24 KB used.
       Both:      7.10 MB used.

Virtual space:
  Non-class space:       64.00 MB reserved,       6.31 MB ( 10%) committed,  1 nodes.
      Class space:        1.00 GB reserved,     960.00 KB ( <1%) committed,  1 nodes.
             Both:        1.06 GB reserved,       7.25 MB ( <1%) committed. 

Chunk freelists:
   Non-Class:  8.02 MB
       Class:  15.08 MB
        Both:  23.09 MB

MaxMetaspaceSize: unlimited
CompressedClassSpaceSize: 1.00 GB
Initial GC threshold: 21.00 MB
Current GC threshold: 21.00 MB
CDS: on
MetaspaceReclaimPolicy: balanced
 - commit_granule_bytes: 65536.
 - commit_granule_words: 8192.
 - virtual_space_node_default_size: 8388608.
 - enlarge_chunks_in_place: 1.
 - new_chunks_are_fully_committed: 0.
 - uncommit_free_chunks: 1.
 - use_allocation_guard: 0.
 - handle_deallocations: 1.


Internal statistics:

num_allocs_failed_limit: 0.
num_arena_births: 48.
num_arena_deaths: 0.
num_vsnodes_births: 2.
num_vsnodes_deaths: 0.
num_space_committed: 116.
num_space_uncommitted: 0.
num_chunks_returned_to_freelist: 0.
num_chunks_taken_from_freelist: 283.
num_chunk_merges: 0.
num_chunk_splits: 182.
num_chunks_enlarged: 143.
num_inconsistent_stats: 0.

CodeHeap 'non-profiled nmethods': size=120000Kb used=632Kb max_used=632Kb free=119367Kb
 bounds [0x000001cc45eb0000, 0x000001cc46120000, 0x000001cc4d3e0000]
CodeHeap 'profiled nmethods': size=120000Kb used=2761Kb max_used=2761Kb free=117238Kb
 bounds [0x000001cc3e3e0000, 0x000001cc3e6a0000, 0x000001cc45910000]
CodeHeap 'non-nmethods': size=5760Kb used=1149Kb max_used=1178Kb free=4610Kb
 bounds [0x000001cc45910000, 0x000001cc45b80000, 0x000001cc45eb0000]
 total_blobs=1893 nmethods=1454 adapters=352
 compilation: enabled
              stopped_count=0, restarted_count=0
 full_count=0

Compilation events (20 events):
Event: 0.547 Thread 0x000001cc599bed70 1365       3       java.lang.Class::copyMethods (36 bytes)
Event: 0.547 Thread 0x000001cc599bed70 nmethod 1365 0x000001cc3e661810 code [0x000001cc3e661a60, 0x000001cc3e6624e8]
Event: 0.547 Thread 0x000001cc599bed70 1366   !   3       java.security.AccessController::doPrivileged (22 bytes)
Event: 0.548 Thread 0x000001cc599bed70 nmethod 1366 0x000001cc3e662990 code [0x000001cc3e662b80, 0x000001cc3e662fc8]
Event: 0.548 Thread 0x000001cc599bed70 1364       3       com.google.common.cache.LocalCache::expiresAfterWrite (15 bytes)
Event: 0.548 Thread 0x000001cc599bed70 nmethod 1364 0x000001cc3e663210 code [0x000001cc3e6633a0, 0x000001cc3e663518]
Event: 0.548 Thread 0x000001cc599bed70 1367       3       jdk.internal.loader.BuiltinClassLoader$2::<init> (15 bytes)
Event: 0.548 Thread 0x000001cc599be3b0 1369       4       java.util.concurrent.ConcurrentHashMap$ValueIterator::next (34 bytes)
Event: 0.548 Thread 0x000001cc599bed70 nmethod 1367 0x000001cc3e663590 code [0x000001cc3e663740, 0x000001cc3e663978]
Event: 0.548 Thread 0x000001cc599bed70 1368       3       jdk.internal.loader.BuiltinClassLoader$2::run (5 bytes)
Event: 0.548 Thread 0x000001cc599bed70 nmethod 1368 0x000001cc3e663a10 code [0x000001cc3e663bc0, 0x000001cc3e663d08]
Event: 0.549 Thread 0x000001cca069c2b0 nmethod 1318 0x000001cc45f40d10 code [0x000001cc45f40fa0, 0x000001cc45f42d68]
Event: 0.550 Thread 0x000001cc599bed70 1370       1       jdk.internal.loader.URLClassPath$JarLoader$2::getURL (5 bytes)
Event: 0.550 Thread 0x000001cc599bed70 nmethod 1370 0x000001cc45f44290 code [0x000001cc45f44420, 0x000001cc45f444f8]
Event: 0.551 Thread 0x000001cc599bed70 1371       3       sun.reflect.generics.parser.SignatureParser::mark (9 bytes)
Event: 0.551 Thread 0x000001cc599bed70 nmethod 1371 0x000001cc3e663d90 code [0x000001cc3e663f20, 0x000001cc3e664038]
Event: 0.551 Thread 0x000001cc599bed70 1372       3       sun.reflect.generics.parser.SignatureParser::markToCurrent (16 bytes)
Event: 0.551 Thread 0x000001cca069c2b0 1373       4       jdk.internal.loader.BuiltinClassLoader::moduleReaderFor (45 bytes)
Event: 0.551 Thread 0x000001cc599bed70 nmethod 1372 0x000001cc3e664110 code [0x000001cc3e6642c0, 0x000001cc3e664428]
Event: 0.552 Thread 0x000001cc599be3b0 nmethod 1369 0x000001cc45f44590 code [0x000001cc45f44720, 0x000001cc45f44b58]

GC Heap History (2 events):
Event: 0.391 GC heap before
{Heap before GC invocations=0 (full 0):
 garbage-first heap   total 258048K, used 22528K [0x0000000705800000, 0x0000000800000000)
  region size 2048K, 11 young (22528K), 0 survivors (0K)
 Metaspace       used 5582K, committed 5760K, reserved 1114112K
  class space    used 698K, committed 768K, reserved 1048576K
}
Event: 0.396 GC heap after
{Heap after GC invocations=1 (full 0):
 garbage-first heap   total 258048K, used 3682K [0x0000000705800000, 0x0000000800000000)
  region size 2048K, 2 young (4096K), 2 survivors (4096K)
 Metaspace       used 5582K, committed 5760K, reserved 1114112K
  class space    used 698K, committed 768K, reserved 1048576K
}

Dll operation events (3 events):
Event: 0.006 Loaded shared library C:\Users\tu\.jdks\jbr-17.0.14\bin\java.dll
Event: 0.021 Loaded shared library C:\Users\tu\.jdks\jbr-17.0.14\bin\jsvml.dll
Event: 0.111 Loaded shared library C:\Users\tu\.jdks\jbr-17.0.14\bin\verify.dll

Deoptimization events (20 events):
Event: 0.450 Thread 0x000001cc396124a0 DEOPT PACKING pc=0x000001cc45f1f134 sp=0x0000006432ffcc70
Event: 0.450 Thread 0x000001cc396124a0 DEOPT UNPACKING pc=0x000001cc459669a3 sp=0x0000006432ffcbf8 mode 2
Event: 0.450 Thread 0x000001cc396124a0 Uncommon trap: trap_request=0xffffffde fr.pc=0x000001cc45f1f134 relative=0x0000000000000114
Event: 0.450 Thread 0x000001cc396124a0 Uncommon trap: reason=class_check action=maybe_recompile pc=0x000001cc45f1f134 method=jdk.internal.misc.Unsafe.allocateUninitializedArray(Ljava/lang/Class;I)Ljava/lang/Object; @ 51 c2
Event: 0.450 Thread 0x000001cc396124a0 DEOPT PACKING pc=0x000001cc45f1f134 sp=0x0000006432ffcd10
Event: 0.450 Thread 0x000001cc396124a0 DEOPT UNPACKING pc=0x000001cc459669a3 sp=0x0000006432ffcc98 mode 2
Event: 0.469 Thread 0x000001cc396124a0 Uncommon trap: trap_request=0xffffff45 fr.pc=0x000001cc45eca500 relative=0x0000000000000440
Event: 0.469 Thread 0x000001cc396124a0 Uncommon trap: reason=unstable_if action=reinterpret pc=0x000001cc45eca500 method=java.util.jar.Manifest$FastInputStream.readLine([BII)I @ 106 c2
Event: 0.469 Thread 0x000001cc396124a0 DEOPT PACKING pc=0x000001cc45eca500 sp=0x0000006432ffcf60
Event: 0.469 Thread 0x000001cc396124a0 DEOPT UNPACKING pc=0x000001cc459669a3 sp=0x0000006432ffcef0 mode 2
Event: 0.523 Thread 0x000001cc396124a0 Uncommon trap: trap_request=0xffffff45 fr.pc=0x000001cc45f39330 relative=0x0000000000000710
Event: 0.523 Thread 0x000001cc396124a0 Uncommon trap: reason=unstable_if action=reinterpret pc=0x000001cc45f39330 method=java.lang.String.<init>([CIILjava/lang/Void;)V @ 5 c2
Event: 0.523 Thread 0x000001cc396124a0 DEOPT PACKING pc=0x000001cc45f39330 sp=0x0000006432ffd840
Event: 0.523 Thread 0x000001cc396124a0 DEOPT UNPACKING pc=0x000001cc459669a3 sp=0x0000006432ffd6e0 mode 2
Event: 0.538 Thread 0x000001cc396124a0 DEOPT PACKING pc=0x000001cc3e5c7b02 sp=0x0000006432ffd8a0
Event: 0.538 Thread 0x000001cc396124a0 DEOPT UNPACKING pc=0x000001cc45967143 sp=0x0000006432ffcdf0 mode 0
Event: 0.541 Thread 0x000001cc396124a0 DEOPT PACKING pc=0x000001cc3e604d08 sp=0x0000006432ffda30
Event: 0.541 Thread 0x000001cc396124a0 DEOPT UNPACKING pc=0x000001cc45967143 sp=0x0000006432ffcea0 mode 0
Event: 0.542 Thread 0x000001cc396124a0 DEOPT PACKING pc=0x000001cc3e604d08 sp=0x0000006432ffda30
Event: 0.542 Thread 0x000001cc396124a0 DEOPT UNPACKING pc=0x000001cc45967143 sp=0x0000006432ffcea0 mode 0

Classes loaded (20 events):
Event: 0.493 Loading class jdk/internal/reflect/ByteVectorImpl
Event: 0.493 Loading class jdk/internal/reflect/ByteVector
Event: 0.493 Loading class jdk/internal/reflect/ByteVector done
Event: 0.493 Loading class jdk/internal/reflect/ByteVectorImpl done
Event: 0.493 Loading class jdk/internal/reflect/ClassFileAssembler
Event: 0.494 Loading class jdk/internal/reflect/ClassFileAssembler done
Event: 0.494 Loading class jdk/internal/reflect/UTF8
Event: 0.494 Loading class jdk/internal/reflect/UTF8 done
Event: 0.494 Loading class jdk/internal/reflect/Label
Event: 0.494 Loading class jdk/internal/reflect/Label done
Event: 0.494 Loading class jdk/internal/reflect/Label$PatchInfo
Event: 0.494 Loading class jdk/internal/reflect/Label$PatchInfo done
Event: 0.494 Loading class jdk/internal/reflect/MethodAccessorGenerator$1
Event: 0.494 Loading class jdk/internal/reflect/MethodAccessorGenerator$1 done
Event: 0.494 Loading class jdk/internal/reflect/ClassDefiner
Event: 0.494 Loading class jdk/internal/reflect/ClassDefiner done
Event: 0.494 Loading class jdk/internal/reflect/ClassDefiner$1
Event: 0.494 Loading class jdk/internal/reflect/ClassDefiner$1 done
Event: 0.494 Loading class jdk/internal/reflect/BootstrapConstructorAccessorImpl
Event: 0.494 Loading class jdk/internal/reflect/BootstrapConstructorAccessorImpl done

Classes unloaded (0 events):
No events

Classes redefined (0 events):
No events

Internal exceptions (20 events):
Event: 0.105 Thread 0x000001cc396124a0 Exception <a 'java/lang/NullPointerException'{0x0000000714edabd0}> (0x0000000714edabd0) 
thrown [s\src\hotspot\share\interpreter\linkResolver.cpp, line 1364]
Event: 0.105 Thread 0x000001cc396124a0 Exception <a 'java/lang/NullPointerException'{0x0000000714edaea8}> (0x0000000714edaea8) 
thrown [s\src\hotspot\share\interpreter\linkResolver.cpp, line 1364]
Event: 0.106 Thread 0x000001cc396124a0 Exception <a 'java/lang/NullPointerException'{0x0000000714ee0d18}> (0x0000000714ee0d18) 
thrown [s\src\hotspot\share\interpreter\linkResolver.cpp, line 1364]
Event: 0.107 Thread 0x000001cc396124a0 Exception <a 'java/lang/NullPointerException'{0x0000000714f65910}> (0x0000000714f65910) 
thrown [s\src\hotspot\share\interpreter\linkResolver.cpp, line 1364]
Event: 0.107 Thread 0x000001cc396124a0 Exception <a 'java/lang/NullPointerException'{0x0000000714f65be8}> (0x0000000714f65be8) 
thrown [s\src\hotspot\share\interpreter\linkResolver.cpp, line 1364]
Event: 0.107 Thread 0x000001cc396124a0 Exception <a 'java/lang/NullPointerException'{0x0000000714f65ec0}> (0x0000000714f65ec0) 
thrown [s\src\hotspot\share\interpreter\linkResolver.cpp, line 1364]
Event: 0.107 Thread 0x000001cc396124a0 Exception <a 'java/lang/NullPointerException'{0x0000000714f66198}> (0x0000000714f66198) 
thrown [s\src\hotspot\share\interpreter\linkResolver.cpp, line 1364]
Event: 0.117 Thread 0x000001cc396124a0 Exception <a 'java/lang/NoSuchMethodError'{0x0000000714fed518}: 'void java.lang.invoke.DirectMethodHandle$Holder.invokeStatic(java.lang.Object, java.lang.Object)'> (0x0000000714fed518) 
thrown [s\src\hotspot\share\interpreter\linkResolver.cpp, line 771]
Event: 0.117 Thread 0x000001cc396124a0 Exception <a 'java/lang/NoSuchMethodError'{0x0000000714ff0e30}: 'void java.lang.invoke.DirectMethodHandle$Holder.invokeStaticInit(java.lang.Object, java.lang.Object)'> (0x0000000714ff0e30) 
thrown [s\src\hotspot\share\interpreter\linkResolver.cpp, line 771]
Event: 0.123 Thread 0x000001cc396124a0 Exception <a 'java/lang/NoSuchMethodError'{0x0000000714c47d20}: 'void java.lang.invoke.DirectMethodHandle$Holder.invokeStatic(java.lang.Object, java.lang.Object, java.lang.Object)'> (0x0000000714c47d20) 
thrown [s\src\hotspot\share\interpreter\linkResolver.cpp, line 771]
Event: 0.140 Thread 0x000001cc396124a0 Exception <a 'java/lang/NullPointerException'{0x0000000714d01e18}> (0x0000000714d01e18) 
thrown [s\src\hotspot\share\interpreter\linkResolver.cpp, line 1364]
Event: 0.140 Thread 0x000001cc396124a0 Exception <a 'java/lang/NullPointerException'{0x0000000714d0a3e8}> (0x0000000714d0a3e8) 
thrown [s\src\hotspot\share\interpreter\linkResolver.cpp, line 1364]
Event: 0.165 Thread 0x000001cc396124a0 Exception <a 'java/lang/NoSuchMethodError'{0x0000000714a05cd0}: 'java.lang.Object java.lang.invoke.DirectMethodHandle$Holder.invokeSpecialIFC(java.lang.Object, java.lang.Object, java.lang.Object, java.lang.Object)'> (0x0000000714a05cd0) 
thrown [s\src\hotspot\share\interpreter\linkResolver.cpp, line 771]
Event: 0.303 Thread 0x000001cc396124a0 Exception <a 'java/lang/NoSuchMethodError'{0x0000000714444148}: 'void java.lang.invoke.DirectMethodHandle$Holder.invokeSpecial(java.lang.Object, java.lang.Object, java.lang.Object)'> (0x0000000714444148) 
thrown [s\src\hotspot\share\interpreter\linkResolver.cpp, line 771]
Event: 0.323 Thread 0x000001cc396124a0 Exception <a 'java/lang/NoSuchMethodError'{0x00000007145b21c0}: 'java.lang.Object java.lang.invoke.DirectMethodHandle$Holder.invokeInterface(java.lang.Object, java.lang.Object)'> (0x00000007145b21c0) 
thrown [s\src\hotspot\share\interpreter\linkResolver.cpp, line 771]
Event: 0.332 Thread 0x000001cc396124a0 Exception <a 'java/lang/NoSuchMethodError'{0x0000000714265718}: 'java.lang.Object java.lang.invoke.Invokers$Holder.invokeExact_MT(java.lang.Object, java.lang.Object, java.lang.Object, java.lang.Object, java.lang.Object, java.lang.Object)'> (0x0000000714265718) 
thrown [s\src\hotspot\share\interpreter\linkResolver.cpp, line 771]
Event: 0.333 Thread 0x000001cc396124a0 Exception <a 'java/lang/NoSuchMethodError'{0x0000000714276d90}: 'int java.lang.invoke.DirectMethodHandle$Holder.invokeSpecialIFC(java.lang.Object, java.lang.Object, java.lang.Object, java.lang.Object, java.lang.Object)'> (0x0000000714276d90) 
thrown [s\src\hotspot\share\interpreter\linkResolver.cpp, line 771]
Event: 0.357 Thread 0x000001cc396124a0 Exception <a 'java/lang/NoSuchMethodError'{0x0000000714033200}: 'java.lang.Object java.lang.invoke.DirectMethodHandle$Holder.newInvokeSpecial(java.lang.Object, java.lang.Object, java.lang.Object, java.lang.Object, java.lang.Object)'> (0x0000000714033200) 
thrown [s\src\hotspot\share\interpreter\linkResolver.cpp, line 771]
Event: 0.371 Thread 0x000001cc396124a0 Exception <a 'java/lang/NoSuchMethodError'{0x000000071415c5b8}: 'int java.lang.invoke.DirectMethodHandle$Holder.invokeStaticInit(java.lang.Object, java.lang.Object)'> (0x000000071415c5b8) 
thrown [s\src\hotspot\share\interpreter\linkResolver.cpp, line 771]
Event: 0.374 Thread 0x000001cc396124a0 Exception <a 'java/lang/NoClassDefFoundError'{0x0000000714196628}: javax/enterprise/inject/Typed> (0x0000000714196628) 
thrown [s\src\hotspot\share\classfile\systemDictionary.cpp, line 245]

VM Operations (10 events):
Event: 0.044 Executing VM operation: HandshakeAllThreads
Event: 0.044 Executing VM operation: HandshakeAllThreads done
Event: 0.101 Executing VM operation: HandshakeAllThreads
Event: 0.101 Executing VM operation: HandshakeAllThreads done
Event: 0.106 Executing VM operation: HandshakeAllThreads
Event: 0.106 Executing VM operation: HandshakeAllThreads done
Event: 0.175 Executing VM operation: HandshakeAllThreads
Event: 0.175 Executing VM operation: HandshakeAllThreads done
Event: 0.390 Executing VM operation: G1CollectForAllocation
Event: 0.396 Executing VM operation: G1CollectForAllocation done

Memory protections (0 events):
No events

Nmethod flushes (0 events):
No events

Events (20 events):
Event: 0.023 Thread 0x000001cc396124a0 Thread added: 0x000001cc5999eae0
Event: 0.023 Thread 0x000001cc396124a0 Thread added: 0x000001cc5999f5b0
Event: 0.030 Thread 0x000001cc396124a0 Thread added: 0x000001cc599b8850
Event: 0.030 Thread 0x000001cc396124a0 Thread added: 0x000001cc599ba130
Event: 0.030 Thread 0x000001cc396124a0 Thread added: 0x000001cc599baa00
Event: 0.030 Thread 0x000001cc396124a0 Thread added: 0x000001cc599bb2d0
Event: 0.030 Thread 0x000001cc396124a0 Thread added: 0x000001cc599be3b0
Event: 0.030 Thread 0x000001cc396124a0 Thread added: 0x000001cc599bed70
Event: 0.030 Thread 0x000001cc396124a0 Thread added: 0x000001cc599cbae0
Event: 0.038 Thread 0x000001cc396124a0 Thread added: 0x000001cc5a41f5d0
Event: 0.039 Thread 0x000001cc396124a0 Thread added: 0x000001cc5a444800
Event: 0.041 Loaded shared library C:\Users\tu\.jdks\jbr-17.0.14\bin\net.dll
Event: 0.042 Loaded shared library C:\Users\tu\.jdks\jbr-17.0.14\bin\nio.dll
Event: 0.043 Loaded shared library C:\Users\tu\.jdks\jbr-17.0.14\bin\zip.dll
Event: 0.103 Thread 0x000001cc396124a0 Thread added: 0x000001cca00903f0
Event: 0.104 Loaded shared library C:\Users\tu\.jdks\jbr-17.0.14\bin\jimage.dll
Event: 0.104 Loaded shared library C:\Program Files\JetBrains\IntelliJ IDEA 2025.3.1.1\plugins\maven\lib\maven3\lib\jansi-native\Windows\x86_64\jansi.dll
Event: 0.107 Thread 0x000001cca00903f0 Thread exited: 0x000001cca00903f0
Event: 0.181 Thread 0x000001cc599bed70 Thread added: 0x000001cca01afe00
Event: 0.389 Thread 0x000001cc599bed70 Thread added: 0x000001cca069c2b0


Dynamic libraries:
0x00007ff7d9400000 - 0x00007ff7d940a000 	C:\Users\tu\.jdks\jbr-17.0.14\bin\java.exe
0x00007ffb03680000 - 0x00007ffb038e7000 	C:\WINDOWS\SYSTEM32\ntdll.dll
0x00007ffb016e0000 - 0x00007ffb017a9000 	C:\WINDOWS\System32\KERNEL32.DLL
0x00007ffafff50000 - 0x00007ffb00344000 	C:\WINDOWS\System32\KERNELBASE.dll
0x00007ffb004a0000 - 0x00007ffb005eb000 	C:\WINDOWS\System32\ucrtbase.dll
0x00007ffae09d0000 - 0x00007ffae09e7000 	C:\Users\tu\.jdks\jbr-17.0.14\bin\jli.dll
0x00007ffaddb70000 - 0x00007ffaddb8b000 	C:\Users\tu\.jdks\jbr-17.0.14\bin\VCRUNTIME140.dll
0x00007ffb02da0000 - 0x00007ffb02f65000 	C:\WINDOWS\System32\USER32.dll
0x00007ffadc270000 - 0x00007ffadc503000 	C:\WINDOWS\WinSxS\amd64_microsoft.windows.common-controls_6595b64144ccf1df_6.0.26100.8115_none_3e075c82e3354f9c\COMCTL32.dll
0x00007ffb01330000 - 0x00007ffb01357000 	C:\WINDOWS\System32\win32u.dll
0x00007ffb02aa0000 - 0x00007ffb02b49000 	C:\WINDOWS\System32\msvcrt.dll
0x00007ffb02d70000 - 0x00007ffb02d9b000 	C:\WINDOWS\System32\GDI32.dll
0x00007ffb01080000 - 0x00007ffb011ab000 	C:\WINDOWS\System32\gdi32full.dll
0x00007ffb00760000 - 0x00007ffb00803000 	C:\WINDOWS\System32\msvcp_win.dll
0x00007ffb02060000 - 0x00007ffb02092000 	C:\WINDOWS\System32\IMM32.DLL
0x00007ffaef840000 - 0x00007ffaef84c000 	C:\Users\tu\.jdks\jbr-17.0.14\bin\vcruntime140_1.dll
0x00007ffad6050000 - 0x00007ffad60dd000 	C:\Users\tu\.jdks\jbr-17.0.14\bin\msvcp140.dll
0x00007ffa17090000 - 0x00007ffa17d1e000 	C:\Users\tu\.jdks\jbr-17.0.14\bin\server\jvm.dll
0x00007ffb02f70000 - 0x00007ffb03026000 	C:\WINDOWS\System32\ADVAPI32.dll
0x00007ffb017b0000 - 0x00007ffb01857000 	C:\WINDOWS\System32\sechost.dll
0x00007ffb028f0000 - 0x00007ffb02a08000 	C:\WINDOWS\System32\RPCRT4.dll
0x00007ffb01fd0000 - 0x00007ffb02050000 	C:\WINDOWS\System32\WS2_32.dll
0x00007ffafcac0000 - 0x00007ffafcaf6000 	C:\WINDOWS\SYSTEM32\WINMM.dll
0x00007ffaece10000 - 0x00007ffaece1b000 	C:\WINDOWS\SYSTEM32\VERSION.dll
0x00007ffaffdb0000 - 0x00007ffaffe0e000 	C:\WINDOWS\SYSTEM32\POWRPROF.dll
0x00007ffaffd90000 - 0x00007ffaffda4000 	C:\WINDOWS\SYSTEM32\UMPDC.dll
0x00007ffafeca0000 - 0x00007ffafecbb000 	C:\WINDOWS\SYSTEM32\kernel.appcore.dll
0x00007ffaef7c0000 - 0x00007ffaef7ca000 	C:\Users\tu\.jdks\jbr-17.0.14\bin\jimage.dll
0x00007ffafdf40000 - 0x00007ffafe182000 	C:\WINDOWS\SYSTEM32\DBGHELP.DLL
0x00007ffb03290000 - 0x00007ffb03612000 	C:\WINDOWS\System32\combase.dll
0x00007ffb02310000 - 0x00007ffb023e8000 	C:\WINDOWS\System32\OLEAUT32.dll
0x00007ffadb610000 - 0x00007ffadb64b000 	C:\WINDOWS\SYSTEM32\dbgcore.DLL
0x00007ffb01360000 - 0x00007ffb01405000 	C:\WINDOWS\System32\bcryptPrimitives.dll
0x00007ffadc960000 - 0x00007ffadc985000 	C:\Users\tu\.jdks\jbr-17.0.14\bin\java.dll
0x00007ffad5f50000 - 0x00007ffad6027000 	C:\Users\tu\.jdks\jbr-17.0.14\bin\jsvml.dll
0x00007ffb01860000 - 0x00007ffb01fc7000 	C:\WINDOWS\System32\SHELL32.dll
0x00007ffb005f0000 - 0x00007ffb0075a000 	C:\WINDOWS\System32\wintypes.dll
0x00007ffb00810000 - 0x00007ffb01078000 	C:\WINDOWS\System32\windows.storage.dll
0x00007ffb02100000 - 0x00007ffb021f8000 	C:\WINDOWS\System32\SHCORE.dll
0x00007ffb02880000 - 0x00007ffb028e6000 	C:\WINDOWS\System32\shlwapi.dll
0x00007ffaffe70000 - 0x00007ffaffe99000 	C:\WINDOWS\SYSTEM32\profapi.dll
0x00007ffadca90000 - 0x00007ffadcaa8000 	C:\Users\tu\.jdks\jbr-17.0.14\bin\zip.dll
0x00007ffadc940000 - 0x00007ffadc959000 	C:\Users\tu\.jdks\jbr-17.0.14\bin\net.dll
0x00007ffaf7090000 - 0x00007ffaf71bd000 	C:\WINDOWS\SYSTEM32\WINHTTP.dll
0x00007ffaff1f0000 - 0x00007ffaff25c000 	C:\WINDOWS\system32\mswsock.dll
0x00007ffadc920000 - 0x00007ffadc936000 	C:\Users\tu\.jdks\jbr-17.0.14\bin\nio.dll
0x00007ffaca710000 - 0x00007ffaca734000 	C:\Program Files\JetBrains\IntelliJ IDEA 2025.3.1.1\plugins\maven\lib\maven3\lib\jansi-native\Windows\x86_64\jansi.dll
0x00007ffae0a00000 - 0x00007ffae0a10000 	C:\Users\tu\.jdks\jbr-17.0.14\bin\verify.dll

dbghelp: loaded successfully - version: 4.0.5 - missing functions: none
symbol engine: initialized successfully - sym options: 0x614 - pdb path: .;C:\Users\tu\.jdks\jbr-17.0.14\bin;C:\WINDOWS\SYSTEM32;C:\WINDOWS\WinSxS\amd64_microsoft.windows.common-controls_6595b64144ccf1df_6.0.26100.8115_none_3e075c82e3354f9c;C:\Users\tu\.jdks\jbr-17.0.14\bin\server;C:\Program Files\JetBrains\IntelliJ IDEA 2025.3.1.1\plugins\maven\lib\maven3\lib\jansi-native\Windows\x86_64

VM Arguments:
jvm_args: -Dfile.encoding=IBM850 --enable-native-access=ALL-UNNAMED -Dclassworlds.conf=C:\Program Files\JetBrains\IntelliJ IDEA 2025.3.1.1\plugins\maven\lib\maven3\bin\m2.conf -Dmaven.home=C:\Program Files\JetBrains\IntelliJ IDEA 2025.3.1.1\plugins\maven\lib\maven3 -Dlibrary.jansi.path=C:\Program Files\JetBrains\IntelliJ IDEA 2025.3.1.1\plugins\maven\lib\maven3\lib\jansi-native -Dmaven.multiModuleProjectDirectory=C:\monjava\smoka_user 
java_command: org.codehaus.plexus.classworlds.launcher.Launcher -Didea.version=2025.3.1.1 -Dmaven.ext.class.path=C:\Program Files\JetBrains\IntelliJ IDEA 2025.3.1.1\plugins\maven\lib\maven-event-listener.jar -Djansi.passthrough=true -Dstyle.color=always -Dmaven.repo.local=C:\Users\tu\.m2\repository javafx:run -f pom.xml
java_class_path (initial): C:\Program Files\JetBrains\IntelliJ IDEA 2025.3.1.1\plugins\maven\lib\maven3\boot\plexus-classworlds-2.9.0.jar
Launcher Type: SUN_STANDARD

[Global flags]
     intx CICompilerCount                          = 4                                         {product} {ergonomic}
     uint ConcGCThreads                            = 3                                         {product} {ergonomic}
     uint G1ConcRefinementThreads                  = 10                                        {product} {ergonomic}
   size_t G1HeapRegionSize                         = 2097152                                   {product} {ergonomic}
    uintx GCDrainStackTargetSize                   = 64                                        {product} {ergonomic}
   size_t InitialHeapSize                          = 264241152                                 {product} {ergonomic}
   size_t MarkStackSize                            = 4194304                                   {product} {ergonomic}
   size_t MaxHeapSize                              = 4202692608                                {product} {ergonomic}
   size_t MaxNewSize                               = 2520776704                                {product} {ergonomic}
   size_t MinHeapDeltaBytes                        = 2097152                                   {product} {ergonomic}
   size_t MinHeapSize                              = 8388608                                   {product} {ergonomic}
    uintx NonNMethodCodeHeapSize                   = 5839372                                {pd product} {ergonomic}
    uintx NonProfiledCodeHeapSize                  = 122909434                              {pd product} {ergonomic}
    uintx ProfiledCodeHeapSize                     = 122909434                              {pd product} {ergonomic}
    uintx ReservedCodeCacheSize                    = 251658240                              {pd product} {ergonomic}
     bool SegmentedCodeCache                       = true                                      {product} {ergonomic}
   size_t SoftMaxHeapSize                          = 4202692608                             {manageable} {ergonomic}
     bool UseCompressedClassPointers               = true                           {product lp64_product} {ergonomic}
     bool UseCompressedOops                        = true                           {product lp64_product} {ergonomic}
     bool UseG1GC                                  = true                                      {product} {ergonomic}
     bool UseLargePagesIndividualAllocation        = false                                  {pd product} {ergonomic}

Logging:
Log output configuration:
 #0: stdout all=warning uptime,level,tags
 #1: stderr all=off uptime,level,tags

Environment Variables:
JAVA_HOME=C:\Users\tu\.jdks\jbr-17.0.14
JAVA_TOOL_OPTIONS=-Dfile.encoding=IBM850
PATH=C:\oraclexe\app\oracle\product\11.2.0\server\bin;;C:\Program Files (x86)\Common Files\Oracle\Java\javapath;C:\Program Files (x86)\VMware\VMware Workstation\bin\;C:\WINDOWS\system32;C:\WINDOWS;C:\WINDOWS\System32\Wbem;C:\WINDOWS\System32\WindowsPowerShell\v1.0\;C:\WINDOWS\System32\OpenSSH\;C:\Program Files (x86)\Microsoft SQL Server\160\Tools\Binn\;C:\Program Files\Microsoft SQL Server\160\Tools\Binn\;C:\Program Files\Microsoft SQL Server\Client SDK\ODBC\170\Tools\Binn\;C:\Program Files\Microsoft SQL Server\160\DTS\Binn\;C:\Program Files (x86)\Windows Kits\8.1\Windows Performance Toolkit\;C:\Program Files (x86)\Microchip\MPLAB C32 Suite\bin;C:\Program Files\Git\cmd;C:\Users\tu\AppData\Local\Microsoft\WindowsApps;C:\Users\tu\AppData\Local\Programs\Microsoft VS Code\bin;C:\Users\tu\AppData\Local\Programs\Windsurf\bin
USERNAME=tu
OS=Windows_NT
PROCESSOR_IDENTIFIER=Intel64 Family 6 Model 186 Stepping 3, GenuineIntel
TMP=C:\Users\tu\AppData\Local\Temp
TEMP=C:\Users\tu\AppData\Local\Temp



Periodic native trim disabled

JNI global refs:
JNI global refs: 10, weak refs: 2

JNI global refs memory usage: 843, weak refs: 841

Process memory usage:
Resident Set Size: 92388K (0% of 16412432K total physical memory with 2013072K free physical memory)

OOME stack traces (most recent first):
Classloader memory used:
Loader org.codehaus.plexus.classworlds.realm.ClassRealm                                : 577K
Loader bootstrap                                                                       : 322K
Loader jdk.internal.loader.ClassLoaders$AppClassLoader                                 : 11432B
Loader jdk.internal.reflect.DelegatingClassLoader                                      : 1296B
Loader jdk.internal.loader.ClassLoaders$PlatformClassLoader                            : 335B


---------------  S Y S T E M  ---------------

OS:
 Windows 11 , 64 bit Build 26100 (10.0.26100.8246)
OS uptime: 0 days 4:21 hours
Hyper-V role detected

CPU: total 12 (initial active 12) (6 cores per cpu, 2 threads per core) family 6 model 186 stepping 3 microcode 0x4121, cx8, cmov, fxsr, ht, mmx, 3dnowpref, sse, sse2, sse3, ssse3, sse4.1, sse4.2, popcnt, lzcnt, tsc, tscinvbit, avx, avx2, aes, erms, clmul, bmi1, bmi2, adx, sha, fma, vzeroupper, clflush, clflushopt, clwb, hv
Processor Information for processor 0
  Max Mhz: 1700, Current Mhz: 1457, Mhz Limit: 1700
Processor Information for processor 1
  Max Mhz: 1700, Current Mhz: 1700, Mhz Limit: 1700
Processor Information for processor 2
  Max Mhz: 1700, Current Mhz: 1700, Mhz Limit: 1700
Processor Information for processor 3
  Max Mhz: 1700, Current Mhz: 1700, Mhz Limit: 1700
Processor Information for processor 4
  Max Mhz: 1700, Current Mhz: 1200, Mhz Limit: 1190
Processor Information for processor 5
  Max Mhz: 1700, Current Mhz: 1200, Mhz Limit: 1190
Processor Information for processor 6
  Max Mhz: 1700, Current Mhz: 1200, Mhz Limit: 1190
Processor Information for processor 7
  Max Mhz: 1700, Current Mhz: 1200, Mhz Limit: 1190
Processor Information for processor 8
  Max Mhz: 1700, Current Mhz: 1200, Mhz Limit: 1190
Processor Information for processor 9
  Max Mhz: 1700, Current Mhz: 1200, Mhz Limit: 1190
Processor Information for processor 10
  Max Mhz: 1700, Current Mhz: 1200, Mhz Limit: 1190
Processor Information for processor 11
  Max Mhz: 1700, Current Mhz: 1200, Mhz Limit: 1190

Memory: 4k page, system-wide physical 16027M (1965M free)
TotalPageFile size 20867M (AvailPageFile size 5M)
current process WorkingSet (physical memory assigned to process): 90M, peak: 91M
current process commit charge ("private bytes"): 366M, peak: 369M

vm_info: OpenJDK 64-Bit Server VM (17.0.14+1-b1367.22) for windows-amd64 JRE (17.0.14+1-b1367.22), built on 2025-01-30 by "builduser" with MS VC++ 16.10 / 16.11 (VS2019)

END.
