#
# There is insufficient memory for the Java Runtime Environment to continue.
# Native memory allocation (malloc) failed to allocate 1990736 bytes. Error detail: Chunk::new
# Possible reasons:
#   The system is out of physical RAM or swap space
#   This process is running with CompressedOops enabled, and the Java Heap may be blocking the growth of the native heap
# Possible solutions:
#   Reduce memory load on the system
#   Increase physical memory or swap space
#   Check if swap backing store is full
#   Decrease Java heap size (-Xmx/-Xms)
#   Decrease number of Java threads
#   Decrease Java thread stack sizes (-Xss)
#   Set larger code cache with -XX:ReservedCodeCacheSize=
#   JVM is running with Zero Based Compressed Oops mode in which the Java heap is
#     placed in the first 32GB address space. The Java Heap base address is the
#     maximum limit for the native heap growth. Please use -XX:HeapBaseMinAddress
#     to set the Java Heap base and to place the Java Heap above 32GB virtual address.
# This output file may be truncated or incomplete.
#
#  Out of Memory Error (arena.cpp:191), pid=25420, tid=27076
#
# JRE version: OpenJDK Runtime Environment JBR-17.0.14+1-1367.22-nomod (17.0.14+1) (build 17.0.14+1-b1367.22)
# Java VM: OpenJDK 64-Bit Server VM JBR-17.0.14+1-1367.22-nomod (17.0.14+1-b1367.22, mixed mode, sharing, tiered, compressed oops, compressed class ptrs, g1 gc, windows-amd64)
# No core dump will be written. Minidumps are not enabled by default on client versions of Windows
#

---------------  S U M M A R Y ------------

Command Line: -Dfile.encoding=IBM850 --enable-native-access=ALL-UNNAMED -Dclassworlds.conf=C:\Program Files\JetBrains\IntelliJ IDEA 2025.3.1.1\plugins\maven\lib\maven3\bin\m2.conf -Dmaven.home=C:\Program Files\JetBrains\IntelliJ IDEA 2025.3.1.1\plugins\maven\lib\maven3 -Dlibrary.jansi.path=C:\Program Files\JetBrains\IntelliJ IDEA 2025.3.1.1\plugins\maven\lib\maven3\lib\jansi-native -Dmaven.multiModuleProjectDirectory=C:\monjava\smoka_user org.codehaus.plexus.classworlds.launcher.Launcher -Didea.version=2025.3.1.1 -Dmaven.ext.class.path=C:\Program Files\JetBrains\IntelliJ IDEA 2025.3.1.1\plugins\maven\lib\maven-event-listener.jar -Djansi.passthrough=true -Dstyle.color=always -Dmaven.repo.local=C:\Users\tu\.m2\repository javafx:run -f pom.xml

Host: 13th Gen Intel(R) Core(TM) i7-1355U, 12 cores, 15G,  Windows 11 , 64 bit Build 26100 (10.0.26100.8246)
Time: Fri May  1 22:31:44 2026 Afr. centrale Ouest elapsed time: 2.267892 seconds (0d 0h 0m 2s)

---------------  T H R E A D  ---------------

Current thread (0x0000023d732c8360):  JavaThread "C2 CompilerThread1" daemon [_thread_in_native, id=27076, stack(0x000000ad7ed00000,0x000000ad7ee00000)]


Current CompileTask:
C2:   2267 4307   !   4       com.google.inject.spi.InjectionPoint::getInjectionPoints (489 bytes)

Stack: [0x000000ad7ed00000,0x000000ad7ee00000]
Native frames: (J=compiled Java code, j=interpreted, Vv=VM code, C=native code)
V  [jvm.dll+0x68b969]
V  [jvm.dll+0x84572a]
V  [jvm.dll+0x8473ae]
V  [jvm.dll+0x847a13]
V  [jvm.dll+0x24a83f]
V  [jvm.dll+0xaca04]
V  [jvm.dll+0xad04c]
V  [jvm.dll+0x36af12]
V  [jvm.dll+0x3352ca]
V  [jvm.dll+0x33476a]
V  [jvm.dll+0x21c231]
V  [jvm.dll+0x21b671]
V  [jvm.dll+0x1a6acd]
V  [jvm.dll+0x22b58e]
V  [jvm.dll+0x2296d5]
V  [jvm.dll+0x7f9637]
V  [jvm.dll+0x7f3a1c]
V  [jvm.dll+0x68a7c7]
C  [ucrtbase.dll+0x37b0]
C  [KERNEL32.DLL+0x2e8d7]
C  [ntdll.dll+0x8c3fc]


---------------  P R O C E S S  ---------------

Threads class SMR info:
_java_thread_list=0x0000023d74651200, length=18, elements={
0x0000023d0e719450, 0x0000023d2ce07530, 0x0000023d2ce08000, 0x0000023d2ce21b90,
0x0000023d2ce23470, 0x0000023d2ce23d40, 0x0000023d2ce24610, 0x0000023d2ce27220,
0x0000023d2ce27b30, 0x0000023d2ce28440, 0x0000023d2d767330, 0x0000023d2d76b8d0,
0x0000023d732c8360, 0x0000023d732c9350, 0x0000023d73deb470, 0x0000023d75e514d0,
0x0000023d75489420, 0x0000023d76342250
}

Java Threads: ( => current thread )
  0x0000023d0e719450 JavaThread "main" [_thread_in_native, id=25876, stack(0x000000ad7da00000,0x000000ad7db00000)]
  0x0000023d2ce07530 JavaThread "Reference Handler" daemon [_thread_blocked, id=17328, stack(0x000000ad7e100000,0x000000ad7e200000)]
  0x0000023d2ce08000 JavaThread "Finalizer" daemon [_thread_blocked, id=26672, stack(0x000000ad7e200000,0x000000ad7e300000)]
  0x0000023d2ce21b90 JavaThread "Signal Dispatcher" daemon [_thread_blocked, id=21528, stack(0x000000ad7e300000,0x000000ad7e400000)]
  0x0000023d2ce23470 JavaThread "Attach Listener" daemon [_thread_blocked, id=11092, stack(0x000000ad7e400000,0x000000ad7e500000)]
  0x0000023d2ce23d40 JavaThread "Service Thread" daemon [_thread_blocked, id=5856, stack(0x000000ad7e500000,0x000000ad7e600000)]
  0x0000023d2ce24610 JavaThread "Monitor Deflation Thread" daemon [_thread_blocked, id=21232, stack(0x000000ad7e600000,0x000000ad7e700000)]
  0x0000023d2ce27220 JavaThread "C2 CompilerThread0" daemon [_thread_in_native, id=18332, stack(0x000000ad7e700000,0x000000ad7e800000)]
  0x0000023d2ce27b30 JavaThread "C1 CompilerThread0" daemon [_thread_blocked, id=3908, stack(0x000000ad7e800000,0x000000ad7e900000)]
  0x0000023d2ce28440 JavaThread "Sweeper thread" daemon [_thread_blocked, id=16172, stack(0x000000ad7e900000,0x000000ad7ea00000)]
  0x0000023d2d767330 JavaThread "Notification Thread" daemon [_thread_blocked, id=26388, stack(0x000000ad7ea00000,0x000000ad7eb00000)]
  0x0000023d2d76b8d0 JavaThread "Common-Cleaner" daemon [_thread_blocked, id=15376, stack(0x000000ad7ec00000,0x000000ad7ed00000)]
=>0x0000023d732c8360 JavaThread "C2 CompilerThread1" daemon [_thread_in_native, id=27076, stack(0x000000ad7ed00000,0x000000ad7ee00000)]
  0x0000023d732c9350 JavaThread "C2 CompilerThread2" daemon [_thread_in_native, id=6200, stack(0x000000ad7ee00000,0x000000ad7ef00000)]
  0x0000023d73deb470 JavaThread "Thread-1" daemon [_thread_blocked, id=3956, stack(0x000000ad7f700000,0x000000ad7f800000)]
  0x0000023d75e514d0 JavaThread "Exec Stream Pumper" daemon [_thread_in_native, id=15312, stack(0x000000ad7f800000,0x000000ad7f900000)]
  0x0000023d75489420 JavaThread "Exec Stream Pumper" daemon [_thread_in_native, id=8284, stack(0x000000ad7f900000,0x000000ad7fa00000)]
  0x0000023d76342250 JavaThread "Exec Input Stream Pumper" daemon [_thread_blocked, id=9704, stack(0x000000ad7fa00000,0x000000ad7fb00000)]

Other Threads:
  0x0000023d2ce020e0 VMThread "VM Thread" [stack: 0x000000ad7e000000,0x000000ad7e100000] [id=7860]
  0x0000023d2d769820 WatcherThread [stack: 0x000000ad7eb00000,0x000000ad7ec00000] [id=22808]
  0x0000023d0e788470 GCTaskThread "GC Thread#0" [stack: 0x000000ad7db00000,0x000000ad7dc00000] [id=10760]
  0x0000023d73330f00 GCTaskThread "GC Thread#1" [stack: 0x000000ad7ef00000,0x000000ad7f000000] [id=11604]
  0x0000023d73a9ac90 GCTaskThread "GC Thread#2" [stack: 0x000000ad7f000000,0x000000ad7f100000] [id=27328]
  0x0000023d2d7e9a70 GCTaskThread "GC Thread#3" [stack: 0x000000ad7f100000,0x000000ad7f200000] [id=27448]
  0x0000023d73646810 GCTaskThread "GC Thread#4" [stack: 0x000000ad7f200000,0x000000ad7f300000] [id=20732]
  0x0000023d73646ad0 GCTaskThread "GC Thread#5" [stack: 0x000000ad7f300000,0x000000ad7f400000] [id=11168]
  0x0000023d73b0fc80 GCTaskThread "GC Thread#6" [stack: 0x000000ad7f400000,0x000000ad7f500000] [id=9504]
  0x0000023d73b0e910 GCTaskThread "GC Thread#7" [stack: 0x000000ad7f500000,0x000000ad7f600000] [id=6108]
  0x0000023d733309f0 GCTaskThread "GC Thread#8" [stack: 0x000000ad7f600000,0x000000ad7f700000] [id=9696]
  0x0000023d0e798d50 ConcurrentGCThread "G1 Main Marker" [stack: 0x000000ad7dc00000,0x000000ad7dd00000] [id=14984]
  0x0000023d0e799680 ConcurrentGCThread "G1 Conc#0" [stack: 0x000000ad7dd00000,0x000000ad7de00000] [id=11440]
  0x0000023d0e7cdbb0 ConcurrentGCThread "G1 Refine#0" [stack: 0x000000ad7de00000,0x000000ad7df00000] [id=11988]
  0x0000023d0e7ce790 ConcurrentGCThread "G1 Service" [stack: 0x000000ad7df00000,0x000000ad7e000000] [id=23448]

Threads with active compile tasks:
C2 CompilerThread0     2279 4305       4       java.util.stream.SortedOps$SizedRefSortingSink::end (129 bytes)
C2 CompilerThread1     2279 4307   !   4       com.google.inject.spi.InjectionPoint::getInjectionPoints (489 bytes)
C2 CompilerThread2     2279 4354   !   4       java.util.zip.InflaterInputStream::read (138 bytes)

VM state: not at safepoint (normal execution)

VM Mutex/Monitor currently owned by a thread: None

Heap address: 0x0000000705800000, size: 4008 MB, Compressed Oops mode: Zero based, Oop shift amount: 3

CDS archive(s) mapped at: [0x0000023d2e000000-0x0000023d2ec00000-0x0000023d2ec00000), size 12582912, SharedBaseAddress: 0x0000023d2e000000, ArchiveRelocationMode: 1.
Compressed class space mapped at: 0x0000023d2f000000-0x0000023d6f000000, reserved size: 1073741824
Narrow klass base: 0x0000023d2e000000, Narrow klass shift: 0, Narrow klass range: 0x100000000

GC Precious Log:
 CPUs: 12 total, 12 available
 Memory: 16027M
 Large Page Support: Disabled
 NUMA Support: Disabled
 Compressed Oops: Enabled (Zero based)
 Heap Region Size: 2M
 Heap Min Capacity: 8M
 Heap Initial Capacity: 252M
 Heap Max Capacity: 4008M
 Pre-touch: Disabled
 Parallel Workers: 10
 Concurrent Workers: 3
 Concurrent Refinement Workers: 10
 Periodic GC: Disabled

Heap:
 garbage-first heap   total 258048K, used 121853K [0x0000000705800000, 0x0000000800000000)
  region size 2048K, 59 young (120832K), 1 survivors (2048K)
 Metaspace       used 19469K, committed 19712K, reserved 1114112K
  class space    used 2416K, committed 2560K, reserved 1048576K

Heap Regions: E=young(eden), S=young(survivor), O=old, HS=humongous(starts), HC=humongous(continues), CS=collection set, F=free, OA=open archive, CA=closed archive, TAMS=top-at-mark-start (previous, next)
|   0|0x0000000705800000, 0x0000000705a00000, 0x0000000705a00000|100%| O|  |TAMS 0x0000000705800000, 0x0000000705800000| Untracked 
|   1|0x0000000705a00000, 0x0000000705b66000, 0x0000000705c00000| 69%| O|  |TAMS 0x0000000705a00000, 0x0000000705a00000| Untracked 
|   2|0x0000000705c00000, 0x0000000705c00000, 0x0000000705e00000|  0%| F|  |TAMS 0x0000000705c00000, 0x0000000705c00000| Untracked 
|   3|0x0000000705e00000, 0x0000000705e00000, 0x0000000706000000|  0%| F|  |TAMS 0x0000000705e00000, 0x0000000705e00000| Untracked 
|   4|0x0000000706000000, 0x0000000706000000, 0x0000000706200000|  0%| F|  |TAMS 0x0000000706000000, 0x0000000706000000| Untracked 
|   5|0x0000000706200000, 0x0000000706200000, 0x0000000706400000|  0%| F|  |TAMS 0x0000000706200000, 0x0000000706200000| Untracked 
|   6|0x0000000706400000, 0x0000000706400000, 0x0000000706600000|  0%| F|  |TAMS 0x0000000706400000, 0x0000000706400000| Untracked 
|   7|0x0000000706600000, 0x0000000706600000, 0x0000000706800000|  0%| F|  |TAMS 0x0000000706600000, 0x0000000706600000| Untracked 
|   8|0x0000000706800000, 0x0000000706800000, 0x0000000706a00000|  0%| F|  |TAMS 0x0000000706800000, 0x0000000706800000| Untracked 
|   9|0x0000000706a00000, 0x0000000706a00000, 0x0000000706c00000|  0%| F|  |TAMS 0x0000000706a00000, 0x0000000706a00000| Untracked 
|  10|0x0000000706c00000, 0x0000000706c00000, 0x0000000706e00000|  0%| F|  |TAMS 0x0000000706c00000, 0x0000000706c00000| Untracked 
|  11|0x0000000706e00000, 0x0000000706e00000, 0x0000000707000000|  0%| F|  |TAMS 0x0000000706e00000, 0x0000000706e00000| Untracked 
|  12|0x0000000707000000, 0x0000000707000000, 0x0000000707200000|  0%| F|  |TAMS 0x0000000707000000, 0x0000000707000000| Untracked 
|  13|0x0000000707200000, 0x0000000707200000, 0x0000000707400000|  0%| F|  |TAMS 0x0000000707200000, 0x0000000707200000| Untracked 
|  14|0x0000000707400000, 0x0000000707400000, 0x0000000707600000|  0%| F|  |TAMS 0x0000000707400000, 0x0000000707400000| Untracked 
|  15|0x0000000707600000, 0x0000000707600000, 0x0000000707800000|  0%| F|  |TAMS 0x0000000707600000, 0x0000000707600000| Untracked 
|  16|0x0000000707800000, 0x0000000707800000, 0x0000000707a00000|  0%| F|  |TAMS 0x0000000707800000, 0x0000000707800000| Untracked 
|  17|0x0000000707a00000, 0x0000000707a00000, 0x0000000707c00000|  0%| F|  |TAMS 0x0000000707a00000, 0x0000000707a00000| Untracked 
|  18|0x0000000707c00000, 0x0000000707c00000, 0x0000000707e00000|  0%| F|  |TAMS 0x0000000707c00000, 0x0000000707c00000| Untracked 
|  19|0x0000000707e00000, 0x0000000707e00000, 0x0000000708000000|  0%| F|  |TAMS 0x0000000707e00000, 0x0000000707e00000| Untracked 
|  20|0x0000000708000000, 0x0000000708000000, 0x0000000708200000|  0%| F|  |TAMS 0x0000000708000000, 0x0000000708000000| Untracked 
|  21|0x0000000708200000, 0x0000000708200000, 0x0000000708400000|  0%| F|  |TAMS 0x0000000708200000, 0x0000000708200000| Untracked 
|  22|0x0000000708400000, 0x0000000708400000, 0x0000000708600000|  0%| F|  |TAMS 0x0000000708400000, 0x0000000708400000| Untracked 
|  23|0x0000000708600000, 0x0000000708600000, 0x0000000708800000|  0%| F|  |TAMS 0x0000000708600000, 0x0000000708600000| Untracked 
|  24|0x0000000708800000, 0x0000000708800000, 0x0000000708a00000|  0%| F|  |TAMS 0x0000000708800000, 0x0000000708800000| Untracked 
|  25|0x0000000708a00000, 0x0000000708a00000, 0x0000000708c00000|  0%| F|  |TAMS 0x0000000708a00000, 0x0000000708a00000| Untracked 
|  26|0x0000000708c00000, 0x0000000708c00000, 0x0000000708e00000|  0%| F|  |TAMS 0x0000000708c00000, 0x0000000708c00000| Untracked 
|  27|0x0000000708e00000, 0x0000000708e00000, 0x0000000709000000|  0%| F|  |TAMS 0x0000000708e00000, 0x0000000708e00000| Untracked 
|  28|0x0000000709000000, 0x0000000709000000, 0x0000000709200000|  0%| F|  |TAMS 0x0000000709000000, 0x0000000709000000| Untracked 
|  29|0x0000000709200000, 0x0000000709200000, 0x0000000709400000|  0%| F|  |TAMS 0x0000000709200000, 0x0000000709200000| Untracked 
|  30|0x0000000709400000, 0x0000000709400000, 0x0000000709600000|  0%| F|  |TAMS 0x0000000709400000, 0x0000000709400000| Untracked 
|  31|0x0000000709600000, 0x0000000709600000, 0x0000000709800000|  0%| F|  |TAMS 0x0000000709600000, 0x0000000709600000| Untracked 
|  32|0x0000000709800000, 0x0000000709800000, 0x0000000709a00000|  0%| F|  |TAMS 0x0000000709800000, 0x0000000709800000| Untracked 
|  33|0x0000000709a00000, 0x0000000709a00000, 0x0000000709c00000|  0%| F|  |TAMS 0x0000000709a00000, 0x0000000709a00000| Untracked 
|  34|0x0000000709c00000, 0x0000000709c00000, 0x0000000709e00000|  0%| F|  |TAMS 0x0000000709c00000, 0x0000000709c00000| Untracked 
|  35|0x0000000709e00000, 0x0000000709e00000, 0x000000070a000000|  0%| F|  |TAMS 0x0000000709e00000, 0x0000000709e00000| Untracked 
|  36|0x000000070a000000, 0x000000070a000000, 0x000000070a200000|  0%| F|  |TAMS 0x000000070a000000, 0x000000070a000000| Untracked 
|  37|0x000000070a200000, 0x000000070a200000, 0x000000070a400000|  0%| F|  |TAMS 0x000000070a200000, 0x000000070a200000| Untracked 
|  38|0x000000070a400000, 0x000000070a400000, 0x000000070a600000|  0%| F|  |TAMS 0x000000070a400000, 0x000000070a400000| Untracked 
|  39|0x000000070a600000, 0x000000070a600000, 0x000000070a800000|  0%| F|  |TAMS 0x000000070a600000, 0x000000070a600000| Untracked 
|  40|0x000000070a800000, 0x000000070a800000, 0x000000070aa00000|  0%| F|  |TAMS 0x000000070a800000, 0x000000070a800000| Untracked 
|  41|0x000000070aa00000, 0x000000070aa00000, 0x000000070ac00000|  0%| F|  |TAMS 0x000000070aa00000, 0x000000070aa00000| Untracked 
|  42|0x000000070ac00000, 0x000000070ac00000, 0x000000070ae00000|  0%| F|  |TAMS 0x000000070ac00000, 0x000000070ac00000| Untracked 
|  43|0x000000070ae00000, 0x000000070ae00000, 0x000000070b000000|  0%| F|  |TAMS 0x000000070ae00000, 0x000000070ae00000| Untracked 
|  44|0x000000070b000000, 0x000000070b000000, 0x000000070b200000|  0%| F|  |TAMS 0x000000070b000000, 0x000000070b000000| Untracked 
|  45|0x000000070b200000, 0x000000070b200000, 0x000000070b400000|  0%| F|  |TAMS 0x000000070b200000, 0x000000070b200000| Untracked 
|  46|0x000000070b400000, 0x000000070b400000, 0x000000070b600000|  0%| F|  |TAMS 0x000000070b400000, 0x000000070b400000| Untracked 
|  47|0x000000070b600000, 0x000000070b600000, 0x000000070b800000|  0%| F|  |TAMS 0x000000070b600000, 0x000000070b600000| Untracked 
|  48|0x000000070b800000, 0x000000070b800000, 0x000000070ba00000|  0%| F|  |TAMS 0x000000070b800000, 0x000000070b800000| Untracked 
|  49|0x000000070ba00000, 0x000000070ba00000, 0x000000070bc00000|  0%| F|  |TAMS 0x000000070ba00000, 0x000000070ba00000| Untracked 
|  50|0x000000070bc00000, 0x000000070bc00000, 0x000000070be00000|  0%| F|  |TAMS 0x000000070bc00000, 0x000000070bc00000| Untracked 
|  51|0x000000070be00000, 0x000000070be00000, 0x000000070c000000|  0%| F|  |TAMS 0x000000070be00000, 0x000000070be00000| Untracked 
|  52|0x000000070c000000, 0x000000070c000000, 0x000000070c200000|  0%| F|  |TAMS 0x000000070c000000, 0x000000070c000000| Untracked 
|  53|0x000000070c200000, 0x000000070c200000, 0x000000070c400000|  0%| F|  |TAMS 0x000000070c200000, 0x000000070c200000| Untracked 
|  54|0x000000070c400000, 0x000000070c400000, 0x000000070c600000|  0%| F|  |TAMS 0x000000070c400000, 0x000000070c400000| Untracked 
|  55|0x000000070c600000, 0x000000070c600000, 0x000000070c800000|  0%| F|  |TAMS 0x000000070c600000, 0x000000070c600000| Untracked 
|  56|0x000000070c800000, 0x000000070c800000, 0x000000070ca00000|  0%| F|  |TAMS 0x000000070c800000, 0x000000070c800000| Untracked 
|  57|0x000000070ca00000, 0x000000070ca00000, 0x000000070cc00000|  0%| F|  |TAMS 0x000000070ca00000, 0x000000070ca00000| Untracked 
|  58|0x000000070cc00000, 0x000000070cc00000, 0x000000070ce00000|  0%| F|  |TAMS 0x000000070cc00000, 0x000000070cc00000| Untracked 
|  59|0x000000070ce00000, 0x000000070ce00000, 0x000000070d000000|  0%| F|  |TAMS 0x000000070ce00000, 0x000000070ce00000| Untracked 
|  60|0x000000070d000000, 0x000000070d000000, 0x000000070d200000|  0%| F|  |TAMS 0x000000070d000000, 0x000000070d000000| Untracked 
|  61|0x000000070d200000, 0x000000070d200000, 0x000000070d400000|  0%| F|  |TAMS 0x000000070d200000, 0x000000070d200000| Untracked 
|  62|0x000000070d400000, 0x000000070d400000, 0x000000070d600000|  0%| F|  |TAMS 0x000000070d400000, 0x000000070d400000| Untracked 
|  63|0x000000070d600000, 0x000000070d600000, 0x000000070d800000|  0%| F|  |TAMS 0x000000070d600000, 0x000000070d600000| Untracked 
|  64|0x000000070d800000, 0x000000070d800000, 0x000000070da00000|  0%| F|  |TAMS 0x000000070d800000, 0x000000070d800000| Untracked 
|  65|0x000000070da00000, 0x000000070da00000, 0x000000070dc00000|  0%| F|  |TAMS 0x000000070da00000, 0x000000070da00000| Untracked 
|  66|0x000000070dc00000, 0x000000070dc00000, 0x000000070de00000|  0%| F|  |TAMS 0x000000070dc00000, 0x000000070dc00000| Untracked 
|  67|0x000000070de00000, 0x000000070df00000, 0x000000070e000000| 50%| E|  |TAMS 0x000000070de00000, 0x000000070de00000| Complete 
|  68|0x000000070e000000, 0x000000070e200000, 0x000000070e200000|100%| E|CS|TAMS 0x000000070e000000, 0x000000070e000000| Complete 
|  69|0x000000070e200000, 0x000000070e400000, 0x000000070e400000|100%| E|CS|TAMS 0x000000070e200000, 0x000000070e200000| Complete 
|  70|0x000000070e400000, 0x000000070e600000, 0x000000070e600000|100%| E|CS|TAMS 0x000000070e400000, 0x000000070e400000| Complete 
|  71|0x000000070e600000, 0x000000070e800000, 0x000000070e800000|100%| E|CS|TAMS 0x000000070e600000, 0x000000070e600000| Complete 
|  72|0x000000070e800000, 0x000000070ea00000, 0x000000070ea00000|100%| E|CS|TAMS 0x000000070e800000, 0x000000070e800000| Complete 
|  73|0x000000070ea00000, 0x000000070ec00000, 0x000000070ec00000|100%| E|CS|TAMS 0x000000070ea00000, 0x000000070ea00000| Complete 
|  74|0x000000070ec00000, 0x000000070ee00000, 0x000000070ee00000|100%| E|CS|TAMS 0x000000070ec00000, 0x000000070ec00000| Complete 
|  75|0x000000070ee00000, 0x000000070f000000, 0x000000070f000000|100%| E|CS|TAMS 0x000000070ee00000, 0x000000070ee00000| Complete 
|  76|0x000000070f000000, 0x000000070f200000, 0x000000070f200000|100%| E|CS|TAMS 0x000000070f000000, 0x000000070f000000| Complete 
|  77|0x000000070f200000, 0x000000070f400000, 0x000000070f400000|100%| E|CS|TAMS 0x000000070f200000, 0x000000070f200000| Complete 
|  78|0x000000070f400000, 0x000000070f600000, 0x000000070f600000|100%| E|CS|TAMS 0x000000070f400000, 0x000000070f400000| Complete 
|  79|0x000000070f600000, 0x000000070f800000, 0x000000070f800000|100%| E|CS|TAMS 0x000000070f600000, 0x000000070f600000| Complete 
|  80|0x000000070f800000, 0x000000070fa00000, 0x000000070fa00000|100%| E|CS|TAMS 0x000000070f800000, 0x000000070f800000| Complete 
|  81|0x000000070fa00000, 0x000000070fc00000, 0x000000070fc00000|100%| E|CS|TAMS 0x000000070fa00000, 0x000000070fa00000| Complete 
|  82|0x000000070fc00000, 0x000000070fe00000, 0x000000070fe00000|100%| E|CS|TAMS 0x000000070fc00000, 0x000000070fc00000| Complete 
|  83|0x000000070fe00000, 0x0000000710000000, 0x0000000710000000|100%| E|CS|TAMS 0x000000070fe00000, 0x000000070fe00000| Complete 
|  84|0x0000000710000000, 0x0000000710200000, 0x0000000710200000|100%| E|CS|TAMS 0x0000000710000000, 0x0000000710000000| Complete 
|  85|0x0000000710200000, 0x0000000710400000, 0x0000000710400000|100%| E|CS|TAMS 0x0000000710200000, 0x0000000710200000| Complete 
|  86|0x0000000710400000, 0x0000000710600000, 0x0000000710600000|100%| E|CS|TAMS 0x0000000710400000, 0x0000000710400000| Complete 
|  87|0x0000000710600000, 0x0000000710800000, 0x0000000710800000|100%| E|CS|TAMS 0x0000000710600000, 0x0000000710600000| Complete 
|  88|0x0000000710800000, 0x0000000710a00000, 0x0000000710a00000|100%| E|CS|TAMS 0x0000000710800000, 0x0000000710800000| Complete 
|  89|0x0000000710a00000, 0x0000000710c00000, 0x0000000710c00000|100%| E|CS|TAMS 0x0000000710a00000, 0x0000000710a00000| Complete 
|  90|0x0000000710c00000, 0x0000000710e00000, 0x0000000710e00000|100%| E|CS|TAMS 0x0000000710c00000, 0x0000000710c00000| Complete 
|  91|0x0000000710e00000, 0x0000000711000000, 0x0000000711000000|100%| E|CS|TAMS 0x0000000710e00000, 0x0000000710e00000| Complete 
|  92|0x0000000711000000, 0x0000000711200000, 0x0000000711200000|100%| E|CS|TAMS 0x0000000711000000, 0x0000000711000000| Complete 
|  93|0x0000000711200000, 0x0000000711400000, 0x0000000711400000|100%| E|CS|TAMS 0x0000000711200000, 0x0000000711200000| Complete 
|  94|0x0000000711400000, 0x0000000711600000, 0x0000000711600000|100%| E|CS|TAMS 0x0000000711400000, 0x0000000711400000| Complete 
|  95|0x0000000711600000, 0x0000000711800000, 0x0000000711800000|100%| E|CS|TAMS 0x0000000711600000, 0x0000000711600000| Complete 
|  96|0x0000000711800000, 0x0000000711a00000, 0x0000000711a00000|100%| E|CS|TAMS 0x0000000711800000, 0x0000000711800000| Complete 
|  97|0x0000000711a00000, 0x0000000711c00000, 0x0000000711c00000|100%| E|CS|TAMS 0x0000000711a00000, 0x0000000711a00000| Complete 
|  98|0x0000000711c00000, 0x0000000711e00000, 0x0000000711e00000|100%| E|CS|TAMS 0x0000000711c00000, 0x0000000711c00000| Complete 
|  99|0x0000000711e00000, 0x0000000712000000, 0x0000000712000000|100%| E|CS|TAMS 0x0000000711e00000, 0x0000000711e00000| Complete 
| 100|0x0000000712000000, 0x0000000712200000, 0x0000000712200000|100%| E|CS|TAMS 0x0000000712000000, 0x0000000712000000| Complete 
| 101|0x0000000712200000, 0x0000000712400000, 0x0000000712400000|100%| E|CS|TAMS 0x0000000712200000, 0x0000000712200000| Complete 
| 102|0x0000000712400000, 0x0000000712600000, 0x0000000712600000|100%| E|CS|TAMS 0x0000000712400000, 0x0000000712400000| Complete 
| 103|0x0000000712600000, 0x0000000712800000, 0x0000000712800000|100%| E|CS|TAMS 0x0000000712600000, 0x0000000712600000| Complete 
| 104|0x0000000712800000, 0x0000000712a00000, 0x0000000712a00000|100%| E|CS|TAMS 0x0000000712800000, 0x0000000712800000| Complete 
| 105|0x0000000712a00000, 0x0000000712c00000, 0x0000000712c00000|100%| E|CS|TAMS 0x0000000712a00000, 0x0000000712a00000| Complete 
| 106|0x0000000712c00000, 0x0000000712e00000, 0x0000000712e00000|100%| E|CS|TAMS 0x0000000712c00000, 0x0000000712c00000| Complete 
| 107|0x0000000712e00000, 0x0000000713000000, 0x0000000713000000|100%| E|CS|TAMS 0x0000000712e00000, 0x0000000712e00000| Complete 
| 108|0x0000000713000000, 0x0000000713199610, 0x0000000713200000| 79%| S|CS|TAMS 0x0000000713000000, 0x0000000713000000| Complete 
| 109|0x0000000713200000, 0x0000000713400000, 0x0000000713400000|100%| E|CS|TAMS 0x0000000713200000, 0x0000000713200000| Complete 
| 110|0x0000000713400000, 0x0000000713600000, 0x0000000713600000|100%| E|CS|TAMS 0x0000000713400000, 0x0000000713400000| Complete 
| 111|0x0000000713600000, 0x0000000713800000, 0x0000000713800000|100%| E|CS|TAMS 0x0000000713600000, 0x0000000713600000| Complete 
| 112|0x0000000713800000, 0x0000000713a00000, 0x0000000713a00000|100%| E|CS|TAMS 0x0000000713800000, 0x0000000713800000| Complete 
| 113|0x0000000713a00000, 0x0000000713c00000, 0x0000000713c00000|100%| E|CS|TAMS 0x0000000713a00000, 0x0000000713a00000| Complete 
| 114|0x0000000713c00000, 0x0000000713e00000, 0x0000000713e00000|100%| E|CS|TAMS 0x0000000713c00000, 0x0000000713c00000| Complete 
| 115|0x0000000713e00000, 0x0000000714000000, 0x0000000714000000|100%| E|CS|TAMS 0x0000000713e00000, 0x0000000713e00000| Complete 
| 116|0x0000000714000000, 0x0000000714200000, 0x0000000714200000|100%| E|CS|TAMS 0x0000000714000000, 0x0000000714000000| Complete 
| 117|0x0000000714200000, 0x0000000714400000, 0x0000000714400000|100%| E|CS|TAMS 0x0000000714200000, 0x0000000714200000| Complete 
| 118|0x0000000714400000, 0x0000000714600000, 0x0000000714600000|100%| E|CS|TAMS 0x0000000714400000, 0x0000000714400000| Complete 
| 119|0x0000000714600000, 0x0000000714800000, 0x0000000714800000|100%| E|CS|TAMS 0x0000000714600000, 0x0000000714600000| Complete 
| 120|0x0000000714800000, 0x0000000714a00000, 0x0000000714a00000|100%| E|CS|TAMS 0x0000000714800000, 0x0000000714800000| Complete 
| 121|0x0000000714a00000, 0x0000000714c00000, 0x0000000714c00000|100%| E|CS|TAMS 0x0000000714a00000, 0x0000000714a00000| Complete 
| 122|0x0000000714c00000, 0x0000000714e00000, 0x0000000714e00000|100%| E|CS|TAMS 0x0000000714c00000, 0x0000000714c00000| Complete 
| 123|0x0000000714e00000, 0x0000000715000000, 0x0000000715000000|100%| E|CS|TAMS 0x0000000714e00000, 0x0000000714e00000| Complete 
| 124|0x0000000715000000, 0x0000000715200000, 0x0000000715200000|100%| E|CS|TAMS 0x0000000715000000, 0x0000000715000000| Complete 
| 125|0x0000000715200000, 0x0000000715400000, 0x0000000715400000|100%| E|CS|TAMS 0x0000000715200000, 0x0000000715200000| Complete 

Card table byte_map: [0x0000023d21c30000,0x0000023d22410000] _byte_map_base: 0x0000023d1e404000

Marking Bits (Prev, Next): (CMBitMap*) 0x0000023d0e7889a0, (CMBitMap*) 0x0000023d0e7889e0
 Prev Bits: [0x0000023d22bf0000, 0x0000023d26a90000)
 Next Bits: [0x0000023d26a90000, 0x0000023d2a930000)

Polling page: 0x0000023d0c700000

Metaspace:

Usage:
  Non-class:     16.65 MB used.
      Class:      2.36 MB used.
       Both:     19.01 MB used.

Virtual space:
  Non-class space:       64.00 MB reserved,      16.75 MB ( 26%) committed,  1 nodes.
      Class space:        1.00 GB reserved,       2.50 MB ( <1%) committed,  1 nodes.
             Both:        1.06 GB reserved,      19.25 MB (  2%) committed. 

Chunk freelists:
   Non-Class:  14.32 MB
       Class:  13.51 MB
        Both:  27.83 MB

MaxMetaspaceSize: unlimited
CompressedClassSpaceSize: 1.00 GB
Initial GC threshold: 21.00 MB
Current GC threshold: 21.00 MB
CDS: on
MetaspaceReclaimPolicy: balanced
 - commit_granule_bytes: 65536.
 - commit_granule_words: 8192.
 - virtual_space_node_default_size: 8388608.
 - enlarge_chunks_in_place: 1.
 - new_chunks_are_fully_committed: 0.
 - uncommit_free_chunks: 1.
 - use_allocation_guard: 0.
 - handle_deallocations: 1.


Internal statistics:

num_allocs_failed_limit: 0.
num_arena_births: 132.
num_arena_deaths: 0.
num_vsnodes_births: 2.
num_vsnodes_deaths: 0.
num_space_committed: 308.
num_space_uncommitted: 0.
num_chunks_returned_to_freelist: 0.
num_chunks_taken_from_freelist: 855.
num_chunk_merges: 0.
num_chunk_splits: 570.
num_chunks_enlarged: 440.
num_inconsistent_stats: 0.

CodeHeap 'non-profiled nmethods': size=120000Kb used=2249Kb max_used=2249Kb free=117750Kb
 bounds [0x0000023d199d0000, 0x0000023d19c40000, 0x0000023d20f00000]
CodeHeap 'profiled nmethods': size=120000Kb used=9116Kb max_used=9116Kb free=110883Kb
 bounds [0x0000023d11f00000, 0x0000023d127f0000, 0x0000023d19430000]
CodeHeap 'non-nmethods': size=5760Kb used=1189Kb max_used=1240Kb free=4570Kb
 bounds [0x0000023d19430000, 0x0000023d196a0000, 0x0000023d199d0000]
 total_blobs=4924 nmethods=4439 adapters=397
 compilation: enabled
              stopped_count=0, restarted_count=0
 full_count=0

Compilation events (20 events):
Event: 2.216 Thread 0x0000023d2ce27b30 4432       3       java.lang.Character::getType (9 bytes)
Event: 2.216 Thread 0x0000023d2ce27b30 nmethod 4432 0x0000023d127e4e10 code [0x0000023d127e4fc0, 0x0000023d127e51b8]
Event: 2.216 Thread 0x0000023d2ce27b30 4430       3       java.lang.ProcessEnvironment$CheckedEntry::getKey (13 bytes)
Event: 2.217 Thread 0x0000023d2ce27b30 nmethod 4430 0x0000023d127e5290 code [0x0000023d127e5440, 0x0000023d127e5708]
Event: 2.223 Thread 0x0000023d2ce27b30 4434       3       java.lang.invoke.LambdaForm$NamedFunction::methodType (23 bytes)
Event: 2.223 Thread 0x0000023d2ce27b30 nmethod 4434 0x0000023d127e5810 code [0x0000023d127e59c0, 0x0000023d127e5c08]
Event: 2.223 Thread 0x0000023d2ce27b30 4435       3       java.lang.invoke.MethodHandleNatives::refKindHasReceiver (33 bytes)
Event: 2.223 Thread 0x0000023d2ce27b30 nmethod 4435 0x0000023d127e5d10 code [0x0000023d127e5ea0, 0x0000023d127e5ff8]
Event: 2.224 Thread 0x0000023d2ce27b30 4439       3       java.lang.invoke.MemberName::<init> (50 bytes)
Event: 2.225 Thread 0x0000023d2ce27b30 nmethod 4439 0x0000023d127e6090 code [0x0000023d127e6260, 0x0000023d127e6578]
Event: 2.225 Thread 0x0000023d2ce27b30 4440       3       java.lang.invoke.InfoFromMemberName::getName (8 bytes)
Event: 2.225 Thread 0x0000023d2ce27b30 nmethod 4440 0x0000023d127e6710 code [0x0000023d127e68e0, 0x0000023d127e6cc8]
Event: 2.225 Thread 0x0000023d2ce27b30 4441       3       java.lang.invoke.InfoFromMemberName::getMethodType (8 bytes)
Event: 2.226 Thread 0x0000023d2ce27b30 nmethod 4441 0x0000023d127e6e10 code [0x0000023d127e6fc0, 0x0000023d127e7108]
Event: 2.258 Thread 0x0000023d732c9350 nmethod 4146 0x0000023d19bf0190 code [0x0000023d19bf06e0, 0x0000023d19bf99f0]
Event: 2.259 Thread 0x0000023d732c9350 4408       4       java.util.HashSet::add (20 bytes)
Event: 2.260 Thread 0x0000023d732c9350 nmethod 4408 0x0000023d19bffc10 code [0x0000023d19bffdc0, 0x0000023d19c00018]
Event: 2.260 Thread 0x0000023d732c9350 4407       4       java.lang.StringLatin1::lastIndexOf (125 bytes)
Event: 2.263 Thread 0x0000023d732c9350 nmethod 4407 0x0000023d19c00210 code [0x0000023d19c003a0, 0x0000023d19c00618]
Event: 2.263 Thread 0x0000023d732c9350 4409       4       jdk.internal.module.Checks::isJavaIdentifier (76 bytes)

GC Heap History (4 events):
Event: 0.345 GC heap before
{Heap before GC invocations=0 (full 0):
 garbage-first heap   total 258048K, used 22528K [0x0000000705800000, 0x0000000800000000)
  region size 2048K, 11 young (22528K), 0 survivors (0K)
 Metaspace       used 5584K, committed 5760K, reserved 1114112K
  class space    used 698K, committed 768K, reserved 1048576K
}
Event: 0.349 GC heap after
{Heap after GC invocations=1 (full 0):
 garbage-first heap   total 258048K, used 3703K [0x0000000705800000, 0x0000000800000000)
  region size 2048K, 2 young (4096K), 2 survivors (4096K)
 Metaspace       used 5584K, committed 5760K, reserved 1114112K
  class space    used 698K, committed 768K, reserved 1048576K
}
Event: 0.671 GC heap before
{Heap before GC invocations=1 (full 0):
 garbage-first heap   total 258048K, used 34423K [0x0000000705800000, 0x0000000800000000)
  region size 2048K, 17 young (34816K), 2 survivors (4096K)
 Metaspace       used 9016K, committed 9152K, reserved 1114112K
  class space    used 1137K, committed 1216K, reserved 1048576K
}
Event: 0.674 GC heap after
{Heap after GC invocations=2 (full 0):
 garbage-first heap   total 258048K, used 5117K [0x0000000705800000, 0x0000000800000000)
  region size 2048K, 1 young (2048K), 1 survivors (2048K)
 Metaspace       used 9016K, committed 9152K, reserved 1114112K
  class space    used 1137K, committed 1216K, reserved 1048576K
}

Dll operation events (3 events):
Event: 0.006 Loaded shared library C:\Users\tu\.jdks\jbr-17.0.14\bin\java.dll
Event: 0.018 Loaded shared library C:\Users\tu\.jdks\jbr-17.0.14\bin\jsvml.dll
Event: 0.111 Loaded shared library C:\Users\tu\.jdks\jbr-17.0.14\bin\verify.dll

Deoptimization events (20 events):
Event: 2.196 Thread 0x0000023d0e719450 DEOPT PACKING pc=0x0000023d19a5ca58 sp=0x000000ad7dafd270
Event: 2.196 Thread 0x0000023d0e719450 DEOPT UNPACKING pc=0x0000023d194869a3 sp=0x000000ad7dafd200 mode 2
Event: 2.202 Thread 0x0000023d0e719450 Uncommon trap: trap_request=0xffffffec fr.pc=0x0000023d19a9731c relative=0x000000000000007c
Event: 2.202 Thread 0x0000023d0e719450 Uncommon trap: reason=null_assert_or_unreached0 action=make_not_entrant pc=0x0000023d19a9731c method=java.util.jar.JarFile.maybeInstantiateVerifier()V @ 4 c2
Event: 2.202 Thread 0x0000023d0e719450 DEOPT PACKING pc=0x0000023d19a9731c sp=0x000000ad7dafd250
Event: 2.202 Thread 0x0000023d0e719450 DEOPT UNPACKING pc=0x0000023d194869a3 sp=0x000000ad7dafd1e0 mode 2
Event: 2.208 Thread 0x0000023d0e719450 DEOPT PACKING pc=0x0000023d127c4d24 sp=0x000000ad7dafcf30
Event: 2.208 Thread 0x0000023d0e719450 DEOPT UNPACKING pc=0x0000023d19487143 sp=0x000000ad7dafc488 mode 0
Event: 2.216 Thread 0x0000023d0e719450 Uncommon trap: trap_request=0xffffffbe fr.pc=0x0000023d19ac1c88 relative=0x0000000000001ea8
Event: 2.216 Thread 0x0000023d0e719450 Uncommon trap: reason=profile_predicate action=maybe_recompile pc=0x0000023d19ac1c88 method=java.util.TimSort.binarySort([Ljava/lang/Object;IIILjava/util/Comparator;)V @ 34 c2
Event: 2.216 Thread 0x0000023d0e719450 DEOPT PACKING pc=0x0000023d19ac1c88 sp=0x000000ad7dafd090
Event: 2.216 Thread 0x0000023d0e719450 DEOPT UNPACKING pc=0x0000023d194869a3 sp=0x000000ad7dafd070 mode 2
Event: 2.216 Thread 0x0000023d0e719450 Uncommon trap: trap_request=0xffffffbe fr.pc=0x0000023d19ac1c88 relative=0x0000000000001ea8
Event: 2.216 Thread 0x0000023d0e719450 Uncommon trap: reason=profile_predicate action=maybe_recompile pc=0x0000023d19ac1c88 method=java.util.TimSort.binarySort([Ljava/lang/Object;IIILjava/util/Comparator;)V @ 34 c2
Event: 2.216 Thread 0x0000023d0e719450 DEOPT PACKING pc=0x0000023d19ac1c88 sp=0x000000ad7dafd090
Event: 2.216 Thread 0x0000023d0e719450 DEOPT UNPACKING pc=0x0000023d194869a3 sp=0x000000ad7dafd070 mode 2
Event: 2.216 Thread 0x0000023d0e719450 Uncommon trap: trap_request=0xffffffbe fr.pc=0x0000023d19ac1c88 relative=0x0000000000001ea8
Event: 2.216 Thread 0x0000023d0e719450 Uncommon trap: reason=profile_predicate action=maybe_recompile pc=0x0000023d19ac1c88 method=java.util.TimSort.binarySort([Ljava/lang/Object;IIILjava/util/Comparator;)V @ 34 c2
Event: 2.216 Thread 0x0000023d0e719450 DEOPT PACKING pc=0x0000023d19ac1c88 sp=0x000000ad7dafd090
Event: 2.216 Thread 0x0000023d0e719450 DEOPT UNPACKING pc=0x0000023d194869a3 sp=0x000000ad7dafd070 mode 2

Classes loaded (20 events):
Event: 2.225 Loading class java/lang/ProcessHandle done
Event: 2.225 Loading class java/lang/ProcessHandleImpl done
Event: 2.227 Loading class java/util/concurrent/Executors
Event: 2.228 Loading class java/util/concurrent/Executors done
Event: 2.228 Loading class java/util/concurrent/SynchronousQueue
Event: 2.228 Loading class java/util/concurrent/SynchronousQueue done
Event: 2.228 Loading class java/util/concurrent/SynchronousQueue$TransferStack
Event: 2.228 Loading class java/util/concurrent/SynchronousQueue$Transferer
Event: 2.228 Loading class java/util/concurrent/SynchronousQueue$Transferer done
Event: 2.228 Loading class java/util/concurrent/SynchronousQueue$TransferStack done
Event: 2.228 Loading class java/util/concurrent/SynchronousQueue$TransferStack$SNode
Event: 2.228 Loading class java/util/concurrent/SynchronousQueue$TransferStack$SNode done
Event: 2.229 Loading class java/lang/ProcessImpl$2
Event: 2.229 Loading class java/lang/ProcessImpl$2 done
Event: 2.229 Loading class java/lang/Process$PipeInputStream
Event: 2.229 Loading class java/lang/Process$PipeInputStream done
Event: 2.230 Loading class jdk/internal/event/ProcessStartEvent
Event: 2.230 Loading class jdk/internal/event/ProcessStartEvent done
Event: 2.231 Loading class java/io/PipedOutputStream
Event: 2.231 Loading class java/io/PipedOutputStream done

Classes unloaded (0 events):
No events

Classes redefined (0 events):
No events

Internal exceptions (20 events):
Event: 1.343 Thread 0x0000023d0e719450 Exception <a 'java/lang/NoSuchMethodError'{0x0000000712642f80}: 'java.lang.Object java.lang.invoke.DirectMethodHandle$Holder.newInvokeSpecial(java.lang.Object, java.lang.Object, java.lang.Object, java.lang.Object, java.lang.Object, java.lang.Object, java.lang.Object)'> (0x0000000712642f80) 
thrown [s\src\hotspot\share\interpreter\linkResolver.cpp, line 771]
Event: 1.343 Thread 0x0000023d0e719450 Exception <a 'java/lang/NoSuchMethodError'{0x0000000712647890}: 'java.lang.Object java.lang.invoke.Invokers$Holder.linkToTargetMethod(java.lang.Object, java.lang.Object, java.lang.Object, java.lang.Object, java.lang.Object, java.lang.Object, java.lang.Object)'> (0x0000000712647890) 
thrown [s\src\hotspot\share\interpreter\linkResolver.cpp, line 771]
Event: 1.469 Thread 0x0000023d0e719450 Exception <a 'java/lang/NoSuchMethodError'{0x0000000711c5e6c8}: 'int java.lang.invoke.DirectMethodHandle$Holder.invokeVirtual(java.lang.Object, java.lang.Object)'> (0x0000000711c5e6c8) 
thrown [s\src\hotspot\share\interpreter\linkResolver.cpp, line 771]
Event: 1.491 Thread 0x0000023d0e719450 Exception <a 'java/lang/NoSuchMethodError'{0x0000000711a56c88}: 'int java.lang.invoke.DirectMethodHandle$Holder.invokeStatic(java.lang.Object, java.lang.Object, int)'> (0x0000000711a56c88) 
thrown [s\src\hotspot\share\interpreter\linkResolver.cpp, line 771]
Event: 2.176 Thread 0x0000023d0e719450 Exception <a 'sun/nio/fs/WindowsException'{0x000000070e5281d0}> (0x000000070e5281d0) 
thrown [s\src\hotspot\share\prims\jni.cpp, line 531]
Event: 2.176 Thread 0x0000023d0e719450 Exception <a 'sun/nio/fs/WindowsException'{0x000000070e528978}> (0x000000070e528978) 
thrown [s\src\hotspot\share\prims\jni.cpp, line 531]
Event: 2.181 Thread 0x0000023d0e719450 Exception <a 'sun/nio/fs/WindowsException'{0x000000070e547c28}> (0x000000070e547c28) 
thrown [s\src\hotspot\share\prims\jni.cpp, line 531]
Event: 2.182 Thread 0x0000023d0e719450 Exception <a 'sun/nio/fs/WindowsException'{0x000000070e54cf48}> (0x000000070e54cf48) 
thrown [s\src\hotspot\share\prims\jni.cpp, line 531]
Event: 2.185 Thread 0x0000023d0e719450 Exception <a 'sun/nio/fs/WindowsException'{0x000000070e54e3d8}> (0x000000070e54e3d8) 
thrown [s\src\hotspot\share\prims\jni.cpp, line 531]
Event: 2.185 Thread 0x0000023d0e719450 Exception <a 'sun/nio/fs/WindowsException'{0x000000070e54efc0}> (0x000000070e54efc0) 
thrown [s\src\hotspot\share\prims\jni.cpp, line 531]
Event: 2.185 Thread 0x0000023d0e719450 Exception <a 'sun/nio/fs/WindowsException'{0x000000070e54fb60}> (0x000000070e54fb60) 
thrown [s\src\hotspot\share\prims\jni.cpp, line 531]
Event: 2.185 Thread 0x0000023d0e719450 Exception <a 'sun/nio/fs/WindowsException'{0x000000070e550720}> (0x000000070e550720) 
thrown [s\src\hotspot\share\prims\jni.cpp, line 531]
Event: 2.185 Thread 0x0000023d0e719450 Exception <a 'sun/nio/fs/WindowsException'{0x000000070e5512e8}> (0x000000070e5512e8) 
thrown [s\src\hotspot\share\prims\jni.cpp, line 531]
Event: 2.186 Thread 0x0000023d0e719450 Exception <a 'sun/nio/fs/WindowsException'{0x000000070e551eb0}> (0x000000070e551eb0) 
thrown [s\src\hotspot\share\prims\jni.cpp, line 531]
Event: 2.186 Thread 0x0000023d0e719450 Exception <a 'sun/nio/fs/WindowsException'{0x000000070e552a68}> (0x000000070e552a68) 
thrown [s\src\hotspot\share\prims\jni.cpp, line 531]
Event: 2.223 Thread 0x0000023d0e719450 Exception <a 'java/lang/NoSuchMethodError'{0x000000070e0a1150}: 'void java.lang.invoke.DirectMethodHandle$Holder.invokeStatic(java.lang.Object, long)'> (0x000000070e0a1150) 
thrown [s\src\hotspot\share\interpreter\linkResolver.cpp, line 771]
Event: 2.224 Thread 0x0000023d0e719450 Exception <a 'java/lang/NoSuchMethodError'{0x000000070e0a6b18}: 'java.lang.Object java.lang.invoke.DirectMethodHandle$Holder.newInvokeSpecial(java.lang.Object, long)'> (0x000000070e0a6b18) 
thrown [s\src\hotspot\share\interpreter\linkResolver.cpp, line 771]
Event: 2.226 Thread 0x0000023d0e719450 Exception <a 'java/lang/NoSuchMethodError'{0x000000070e0b1c48}: 'java.lang.Object java.lang.invoke.DirectMethodHandle$Holder.invokeStaticInit(java.lang.Object, java.lang.Object, long, java.lang.Object)'> (0x000000070e0b1c48) 
thrown [s\src\hotspot\share\interpreter\linkResolver.cpp, line 771]
Event: 2.227 Thread 0x0000023d0e719450 Exception <a 'java/lang/NoSuchMethodError'{0x000000070e0b82e0}: 'java.lang.Object java.lang.invoke.DirectMethodHandle$Holder.newInvokeSpecial(java.lang.Object, java.lang.Object, long)'> (0x000000070e0b82e0) 
thrown [s\src\hotspot\share\interpreter\linkResolver.cpp, line 771]
Event: 2.227 Thread 0x0000023d0e719450 Exception <a 'java/lang/NoSuchMethodError'{0x000000070e0bc5d0}: 'java.lang.Object java.lang.invoke.Invokers$Holder.linkToTargetMethod(java.lang.Object, long, java.lang.Object)'> (0x000000070e0bc5d0) 
thrown [s\src\hotspot\share\interpreter\linkResolver.cpp, line 771]

VM Operations (20 events):
Event: 1.300 Executing VM operation: ICBufferFull
Event: 1.300 Executing VM operation: ICBufferFull done
Event: 1.461 Executing VM operation: ICBufferFull
Event: 1.461 Executing VM operation: ICBufferFull done
Event: 1.567 Executing VM operation: HandshakeAllThreads
Event: 1.567 Executing VM operation: HandshakeAllThreads done
Event: 1.657 Executing VM operation: ICBufferFull
Event: 1.657 Executing VM operation: ICBufferFull done
Event: 1.967 Executing VM operation: ICBufferFull
Event: 1.968 Executing VM operation: ICBufferFull done
Event: 2.114 Executing VM operation: HandshakeAllThreads
Event: 2.114 Executing VM operation: HandshakeAllThreads done
Event: 2.142 Executing VM operation: HandshakeAllThreads
Event: 2.142 Executing VM operation: HandshakeAllThreads done
Event: 2.179 Executing VM operation: HandshakeAllThreads
Event: 2.179 Executing VM operation: HandshakeAllThreads done
Event: 2.184 Executing VM operation: HandshakeAllThreads
Event: 2.184 Executing VM operation: HandshakeAllThreads done
Event: 2.230 Executing VM operation: HandshakeAllThreads
Event: 2.230 Executing VM operation: HandshakeAllThreads done

Memory protections (0 events):
No events

Nmethod flushes (0 events):
No events

Events (20 events):
Event: 0.025 Thread 0x0000023d0e719450 Thread added: 0x0000023d2ce23d40
Event: 0.025 Thread 0x0000023d0e719450 Thread added: 0x0000023d2ce24610
Event: 0.025 Thread 0x0000023d0e719450 Thread added: 0x0000023d2ce27220
Event: 0.025 Thread 0x0000023d0e719450 Thread added: 0x0000023d2ce27b30
Event: 0.025 Thread 0x0000023d0e719450 Thread added: 0x0000023d2ce28440
Event: 0.036 Thread 0x0000023d0e719450 Thread added: 0x0000023d2d767330
Event: 0.037 Thread 0x0000023d0e719450 Thread added: 0x0000023d2d76b8d0
Event: 0.039 Loaded shared library C:\Users\tu\.jdks\jbr-17.0.14\bin\net.dll
Event: 0.040 Loaded shared library C:\Users\tu\.jdks\jbr-17.0.14\bin\nio.dll
Event: 0.042 Loaded shared library C:\Users\tu\.jdks\jbr-17.0.14\bin\zip.dll
Event: 0.103 Thread 0x0000023d0e719450 Thread added: 0x0000023d2d8d9930
Event: 0.104 Loaded shared library C:\Users\tu\.jdks\jbr-17.0.14\bin\jimage.dll
Event: 0.104 Loaded shared library C:\Program Files\JetBrains\IntelliJ IDEA 2025.3.1.1\plugins\maven\lib\maven3\lib\jansi-native\Windows\x86_64\jansi.dll
Event: 0.107 Thread 0x0000023d2d8d9930 Thread exited: 0x0000023d2d8d9930
Event: 0.168 Thread 0x0000023d2ce27b30 Thread added: 0x0000023d732c8360
Event: 0.338 Thread 0x0000023d2ce27b30 Thread added: 0x0000023d732c9350
Event: 1.056 Thread 0x0000023d0e719450 Thread added: 0x0000023d73deb470
Event: 2.232 Thread 0x0000023d0e719450 Thread added: 0x0000023d75e514d0
Event: 2.232 Thread 0x0000023d0e719450 Thread added: 0x0000023d75489420
Event: 2.232 Thread 0x0000023d0e719450 Thread added: 0x0000023d76342250


Dynamic libraries:
0x00007ff7d9400000 - 0x00007ff7d940a000 	C:\Users\tu\.jdks\jbr-17.0.14\bin\java.exe
0x00007ffb03680000 - 0x00007ffb038e7000 	C:\WINDOWS\SYSTEM32\ntdll.dll
0x00007ffb016e0000 - 0x00007ffb017a9000 	C:\WINDOWS\System32\KERNEL32.DLL
0x00007ffafff50000 - 0x00007ffb00344000 	C:\WINDOWS\System32\KERNELBASE.dll
0x00007ffb004a0000 - 0x00007ffb005eb000 	C:\WINDOWS\System32\ucrtbase.dll
0x00007ffae09d0000 - 0x00007ffae09e7000 	C:\Users\tu\.jdks\jbr-17.0.14\bin\jli.dll
0x00007ffaddb70000 - 0x00007ffaddb8b000 	C:\Users\tu\.jdks\jbr-17.0.14\bin\VCRUNTIME140.dll
0x00007ffb02da0000 - 0x00007ffb02f65000 	C:\WINDOWS\System32\USER32.dll
0x00007ffadc270000 - 0x00007ffadc503000 	C:\WINDOWS\WinSxS\amd64_microsoft.windows.common-controls_6595b64144ccf1df_6.0.26100.8115_none_3e075c82e3354f9c\COMCTL32.dll
0x00007ffb01330000 - 0x00007ffb01357000 	C:\WINDOWS\System32\win32u.dll
0x00007ffb02aa0000 - 0x00007ffb02b49000 	C:\WINDOWS\System32\msvcrt.dll
0x00007ffb02d70000 - 0x00007ffb02d9b000 	C:\WINDOWS\System32\GDI32.dll
0x00007ffb01080000 - 0x00007ffb011ab000 	C:\WINDOWS\System32\gdi32full.dll
0x00007ffb00760000 - 0x00007ffb00803000 	C:\WINDOWS\System32\msvcp_win.dll
0x00007ffb02060000 - 0x00007ffb02092000 	C:\WINDOWS\System32\IMM32.DLL
0x00007ffaef840000 - 0x00007ffaef84c000 	C:\Users\tu\.jdks\jbr-17.0.14\bin\vcruntime140_1.dll
0x00007ffad6050000 - 0x00007ffad60dd000 	C:\Users\tu\.jdks\jbr-17.0.14\bin\msvcp140.dll
0x00007ffa17090000 - 0x00007ffa17d1e000 	C:\Users\tu\.jdks\jbr-17.0.14\bin\server\jvm.dll
0x00007ffb02f70000 - 0x00007ffb03026000 	C:\WINDOWS\System32\ADVAPI32.dll
0x00007ffb017b0000 - 0x00007ffb01857000 	C:\WINDOWS\System32\sechost.dll
0x00007ffb028f0000 - 0x00007ffb02a08000 	C:\WINDOWS\System32\RPCRT4.dll
0x00007ffb01fd0000 - 0x00007ffb02050000 	C:\WINDOWS\System32\WS2_32.dll
0x00007ffaffdb0000 - 0x00007ffaffe0e000 	C:\WINDOWS\SYSTEM32\POWRPROF.dll
0x00007ffaece10000 - 0x00007ffaece1b000 	C:\WINDOWS\SYSTEM32\VERSION.dll
0x00007ffafcac0000 - 0x00007ffafcaf6000 	C:\WINDOWS\SYSTEM32\WINMM.dll
0x00007ffaffd90000 - 0x00007ffaffda4000 	C:\WINDOWS\SYSTEM32\UMPDC.dll
0x00007ffafeca0000 - 0x00007ffafecbb000 	C:\WINDOWS\SYSTEM32\kernel.appcore.dll
0x00007ffaef7c0000 - 0x00007ffaef7ca000 	C:\Users\tu\.jdks\jbr-17.0.14\bin\jimage.dll
0x00007ffafdf40000 - 0x00007ffafe182000 	C:\WINDOWS\SYSTEM32\DBGHELP.DLL
0x00007ffb03290000 - 0x00007ffb03612000 	C:\WINDOWS\System32\combase.dll
0x00007ffb02310000 - 0x00007ffb023e8000 	C:\WINDOWS\System32\OLEAUT32.dll
0x00007ffadb610000 - 0x00007ffadb64b000 	C:\WINDOWS\SYSTEM32\dbgcore.DLL
0x00007ffb01360000 - 0x00007ffb01405000 	C:\WINDOWS\System32\bcryptPrimitives.dll
0x00007ffadc960000 - 0x00007ffadc985000 	C:\Users\tu\.jdks\jbr-17.0.14\bin\java.dll
0x00007ffad5f50000 - 0x00007ffad6027000 	C:\Users\tu\.jdks\jbr-17.0.14\bin\jsvml.dll
0x00007ffb01860000 - 0x00007ffb01fc7000 	C:\WINDOWS\System32\SHELL32.dll
0x00007ffb005f0000 - 0x00007ffb0075a000 	C:\WINDOWS\System32\wintypes.dll
0x00007ffb00810000 - 0x00007ffb01078000 	C:\WINDOWS\System32\windows.storage.dll
0x00007ffb02100000 - 0x00007ffb021f8000 	C:\WINDOWS\System32\SHCORE.dll
0x00007ffb02880000 - 0x00007ffb028e6000 	C:\WINDOWS\System32\shlwapi.dll
0x00007ffaffe70000 - 0x00007ffaffe99000 	C:\WINDOWS\SYSTEM32\profapi.dll
0x00007ffadca90000 - 0x00007ffadcaa8000 	C:\Users\tu\.jdks\jbr-17.0.14\bin\zip.dll
0x00007ffadc940000 - 0x00007ffadc959000 	C:\Users\tu\.jdks\jbr-17.0.14\bin\net.dll
0x00007ffaf7090000 - 0x00007ffaf71bd000 	C:\WINDOWS\SYSTEM32\WINHTTP.dll
0x00007ffaff1f0000 - 0x00007ffaff25c000 	C:\WINDOWS\system32\mswsock.dll
0x00007ffadc920000 - 0x00007ffadc936000 	C:\Users\tu\.jdks\jbr-17.0.14\bin\nio.dll
0x00007ffad5de0000 - 0x00007ffad5e04000 	C:\Program Files\JetBrains\IntelliJ IDEA 2025.3.1.1\plugins\maven\lib\maven3\lib\jansi-native\Windows\x86_64\jansi.dll
0x00007ffae0a00000 - 0x00007ffae0a10000 	C:\Users\tu\.jdks\jbr-17.0.14\bin\verify.dll

dbghelp: loaded successfully - version: 4.0.5 - missing functions: none
symbol engine: initialized successfully - sym options: 0x614 - pdb path: .;C:\Users\tu\.jdks\jbr-17.0.14\bin;C:\WINDOWS\SYSTEM32;C:\WINDOWS\WinSxS\amd64_microsoft.windows.common-controls_6595b64144ccf1df_6.0.26100.8115_none_3e075c82e3354f9c;C:\Users\tu\.jdks\jbr-17.0.14\bin\server;C:\Program Files\JetBrains\IntelliJ IDEA 2025.3.1.1\plugins\maven\lib\maven3\lib\jansi-native\Windows\x86_64

VM Arguments:
jvm_args: -Dfile.encoding=IBM850 --enable-native-access=ALL-UNNAMED -Dclassworlds.conf=C:\Program Files\JetBrains\IntelliJ IDEA 2025.3.1.1\plugins\maven\lib\maven3\bin\m2.conf -Dmaven.home=C:\Program Files\JetBrains\IntelliJ IDEA 2025.3.1.1\plugins\maven\lib\maven3 -Dlibrary.jansi.path=C:\Program Files\JetBrains\IntelliJ IDEA 2025.3.1.1\plugins\maven\lib\maven3\lib\jansi-native -Dmaven.multiModuleProjectDirectory=C:\monjava\smoka_user 
java_command: org.codehaus.plexus.classworlds.launcher.Launcher -Didea.version=2025.3.1.1 -Dmaven.ext.class.path=C:\Program Files\JetBrains\IntelliJ IDEA 2025.3.1.1\plugins\maven\lib\maven-event-listener.jar -Djansi.passthrough=true -Dstyle.color=always -Dmaven.repo.local=C:\Users\tu\.m2\repository javafx:run -f pom.xml
java_class_path (initial): C:\Program Files\JetBrains\IntelliJ IDEA 2025.3.1.1\plugins\maven\lib\maven3\boot\plexus-classworlds-2.9.0.jar
Launcher Type: SUN_STANDARD

[Global flags]
     intx CICompilerCount                          = 4                                         {product} {ergonomic}
     uint ConcGCThreads                            = 3                                         {product} {ergonomic}
     uint G1ConcRefinementThreads                  = 10                                        {product} {ergonomic}
   size_t G1HeapRegionSize                         = 2097152                                   {product} {ergonomic}
    uintx GCDrainStackTargetSize                   = 64                                        {product} {ergonomic}
   size_t InitialHeapSize                          = 264241152                                 {product} {ergonomic}
   size_t MarkStackSize                            = 4194304                                   {product} {ergonomic}
   size_t MaxHeapSize                              = 4202692608                                {product} {ergonomic}
   size_t MaxNewSize                               = 2520776704                                {product} {ergonomic}
   size_t MinHeapDeltaBytes                        = 2097152                                   {product} {ergonomic}
   size_t MinHeapSize                              = 8388608                                   {product} {ergonomic}
    uintx NonNMethodCodeHeapSize                   = 5839372                                {pd product} {ergonomic}
    uintx NonProfiledCodeHeapSize                  = 122909434                              {pd product} {ergonomic}
    uintx ProfiledCodeHeapSize                     = 122909434                              {pd product} {ergonomic}
    uintx ReservedCodeCacheSize                    = 251658240                              {pd product} {ergonomic}
     bool SegmentedCodeCache                       = true                                      {product} {ergonomic}
   size_t SoftMaxHeapSize                          = 4202692608                             {manageable} {ergonomic}
     bool UseCompressedClassPointers               = true                           {product lp64_product} {ergonomic}
     bool UseCompressedOops                        = true                           {product lp64_product} {ergonomic}
     bool UseG1GC                                  = true                                      {product} {ergonomic}
     bool UseLargePagesIndividualAllocation        = false                                  {pd product} {ergonomic}

Logging:
Log output configuration:
 #0: stdout all=warning uptime,level,tags
 #1: stderr all=off uptime,level,tags

Environment Variables:
JAVA_HOME=C:\Users\tu\.jdks\jbr-17.0.14
JAVA_TOOL_OPTIONS=-Dfile.encoding=IBM850
PATH=C:\oraclexe\app\oracle\product\11.2.0\server\bin;;C:\Program Files (x86)\Common Files\Oracle\Java\javapath;C:\Program Files (x86)\VMware\VMware Workstation\bin\;C:\WINDOWS\system32;C:\WINDOWS;C:\WINDOWS\System32\Wbem;C:\WINDOWS\System32\WindowsPowerShell\v1.0\;C:\WINDOWS\System32\OpenSSH\;C:\Program Files (x86)\Microsoft SQL Server\160\Tools\Binn\;C:\Program Files\Microsoft SQL Server\160\Tools\Binn\;C:\Program Files\Microsoft SQL Server\Client SDK\ODBC\170\Tools\Binn\;C:\Program Files\Microsoft SQL Server\160\DTS\Binn\;C:\Program Files (x86)\Windows Kits\8.1\Windows Performance Toolkit\;C:\Program Files (x86)\Microchip\MPLAB C32 Suite\bin;C:\Program Files\Git\cmd;C:\Users\tu\AppData\Local\Microsoft\WindowsApps;C:\Users\tu\AppData\Local\Programs\Microsoft VS Code\bin;C:\Users\tu\AppData\Local\Programs\Windsurf\bin
USERNAME=tu
OS=Windows_NT
PROCESSOR_IDENTIFIER=Intel64 Family 6 Model 186 Stepping 3, GenuineIntel
TMP=C:\Users\tu\AppData\Local\Temp
TEMP=C:\Users\tu\AppData\Local\Temp



Periodic native trim disabled

JNI global refs:
JNI global refs: 9, weak refs: 0

JNI global refs memory usage: 843, weak refs: 841

Process memory usage:
Resident Set Size: 254320K (1% of 16412432K total physical memory with 2021032K free physical memory)

OOME stack traces (most recent first):
Classloader memory used:
Loader org.codehaus.plexus.classworlds.realm.ClassRealm                                : 1803K
Loader bootstrap                                                                       : 578K
Loader jdk.internal.loader.ClassLoaders$AppClassLoader                                 : 28557B
Loader org.eclipse.sisu.space.CloningClassSpace$CloningClassLoader                     : 10556B
Loader jdk.internal.loader.ClassLoaders$PlatformClassLoader                            : 8661B
Loader jdk.internal.reflect.DelegatingClassLoader                                      : 5378B

Classes loaded by more than one classloader:
Class org.codehaus.plexus.util.MatchPatterns                                          : loaded 3 times (x 73B)
Class org.sonatype.plexus.components.sec.dispatcher.DefaultSecDispatcher              : loaded 2 times (x 81B)
Class org.codehaus.plexus.util.DirectoryScanner                                       : loaded 2 times (x 113B)
Class org.codehaus.plexus.interpolation.BasicInterpolator                             : loaded 2 times (x 68B)
Class org.codehaus.plexus.languages.java.jpms.ResolvePathResult                       : loaded 2 times (x 74B)
Class org.codehaus.plexus.languages.java.jpms.LocationManager                         : loaded 2 times (x 72B)
Class org.codehaus.plexus.util.Scanner                                                : loaded 2 times (x 68B)
Class org.sonatype.plexus.components.cipher.PlexusCipherException                     : loaded 2 times (x 80B)
Class [Lorg.codehaus.plexus.util.MatchPattern;                                        : loaded 2 times (x 67B)
Class org.codehaus.plexus.interpolation.ValueSource                                   : loaded 2 times (x 68B)
Class org.codehaus.plexus.util.AbstractScanner                                        : loaded 2 times (x 98B)
Class org.codehaus.plexus.util.MatchPattern                                           : loaded 2 times (x 76B)
Class org.codehaus.plexus.languages.java.jpms.ResolvePathsRequest                     : loaded 2 times (x 80B)
Class org.codehaus.plexus.languages.java.jpms.JavaModuleDescriptor                    : loaded 2 times (x 76B)
Class org.codehaus.plexus.interpolation.RecursionInterceptor                          : loaded 2 times (x 68B)
Class org.apache.maven.shared.utils.logging.MessageBuilder                            : loaded 2 times (x 68B)
Class org.codehaus.plexus.languages.java.jpms.SourceModuleInfoParser                  : loaded 2 times (x 70B)
Class org.sonatype.plexus.components.sec.dispatcher.model.SettingsSecurity            : loaded 2 times (x 80B)
Class org.sonatype.plexus.components.cipher.PlexusCipher                              : loaded 2 times (x 68B)
Class org.sonatype.plexus.components.sec.dispatcher.SecDispatcher                     : loaded 2 times (x 68B)
Class org.codehaus.plexus.interpolation.PropertiesBasedValueSource                    : loaded 2 times (x 80B)
Class org.codehaus.plexus.interpolation.AbstractValueSource                           : loaded 2 times (x 80B)
Class org.sonatype.plexus.components.sec.dispatcher.SecDispatcherException            : loaded 2 times (x 80B)
Class org.sonatype.plexus.components.cipher.DefaultPlexusCipher                       : loaded 2 times (x 91B)
Class org.codehaus.plexus.util.Os                                                     : loaded 2 times (x 75B)
Class org.codehaus.plexus.languages.java.jpms.ModuleInfoParser                        : loaded 2 times (x 68B)
Class org.codehaus.plexus.util.SelectorUtils                                          : loaded 2 times (x 69B)
Class org.codehaus.plexus.util.StringUtils                                            : loaded 2 times (x 69B)
Class org.codehaus.plexus.languages.java.jpms.ManifestModuleNameExtractor             : loaded 2 times (x 73B)
Class org.codehaus.plexus.languages.java.jpms.ResolvePathRequest                      : loaded 2 times (x 74B)
Class org.codehaus.plexus.languages.java.jpms.ResolvePathsResult                      : loaded 2 times (x 80B)
Class org.codehaus.plexus.util.cli.CommandLineException                               : loaded 2 times (x 80B)
Class org.sonatype.plexus.components.cipher.PBECipher                                 : loaded 2 times (x 72B)
Class org.codehaus.plexus.interpolation.Interpolator                                  : loaded 2 times (x 68B)
Class org.codehaus.plexus.languages.java.jpms.ModuleNameExtractor                     : loaded 2 times (x 68B)


---------------  S Y S T E M  ---------------

OS:
 Windows 11 , 64 bit Build 26100 (10.0.26100.8246)
OS uptime: 0 days 4:30 hours
Hyper-V role detected

CPU: total 12 (initial active 12) (6 cores per cpu, 2 threads per core) family 6 model 186 stepping 3 microcode 0x4121, cx8, cmov, fxsr, ht, mmx, 3dnowpref, sse, sse2, sse3, ssse3, sse4.1, sse4.2, popcnt, lzcnt, tsc, tscinvbit, avx, avx2, aes, erms, clmul, bmi1, bmi2, adx, sha, fma, vzeroupper, clflush, clflushopt, clwb, hv
Processor Information for processor 0
  Max Mhz: 1700, Current Mhz: 1457, Mhz Limit: 1700
Processor Information for processor 1
  Max Mhz: 1700, Current Mhz: 1700, Mhz Limit: 1700
Processor Information for processor 2
  Max Mhz: 1700, Current Mhz: 1700, Mhz Limit: 1700
Processor Information for processor 3
  Max Mhz: 1700, Current Mhz: 1700, Mhz Limit: 1700
Processor Information for processor 4
  Max Mhz: 1700, Current Mhz: 1200, Mhz Limit: 1190
Processor Information for processor 5
  Max Mhz: 1700, Current Mhz: 1200, Mhz Limit: 1190
Processor Information for processor 6
  Max Mhz: 1700, Current Mhz: 1200, Mhz Limit: 1190
Processor Information for processor 7
  Max Mhz: 1700, Current Mhz: 1200, Mhz Limit: 1190
Processor Information for processor 8
  Max Mhz: 1700, Current Mhz: 1200, Mhz Limit: 1190
Processor Information for processor 9
  Max Mhz: 1700, Current Mhz: 1200, Mhz Limit: 1190
Processor Information for processor 10
  Max Mhz: 1700, Current Mhz: 1200, Mhz Limit: 1190
Processor Information for processor 11
  Max Mhz: 1700, Current Mhz: 1200, Mhz Limit: 1190

Memory: 4k page, system-wide physical 16027M (1973M free)
TotalPageFile size 20867M (AvailPageFile size 5M)
current process WorkingSet (physical memory assigned to process): 248M, peak: 253M
current process commit charge ("private bytes"): 431M, peak: 439M

vm_info: OpenJDK 64-Bit Server VM (17.0.14+1-b1367.22) for windows-amd64 JRE (17.0.14+1-b1367.22), built on 2025-01-30 by "builduser" with MS VC++ 16.10 / 16.11 (VS2019)

END.
