#
# There is insufficient memory for the Java Runtime Environment to continue.
# Native memory allocation (mmap) failed to map 65536 bytes. Error detail: Failed to commit metaspace.
# Possible reasons:
#   The system is out of physical RAM or swap space
#   This process is running with CompressedOops enabled, and the Java Heap may be blocking the growth of the native heap
# Possible solutions:
#   Reduce memory load on the system
#   Increase physical memory or swap space
#   Check if swap backing store is full
#   Decrease Java heap size (-Xmx/-Xms)
#   Decrease number of Java threads
#   Decrease Java thread stack sizes (-Xss)
#   Set larger code cache with -XX:ReservedCodeCacheSize=
#   JVM is running with Zero Based Compressed Oops mode in which the Java heap is
#     placed in the first 32GB address space. The Java Heap base address is the
#     maximum limit for the native heap growth. Please use -XX:HeapBaseMinAddress
#     to set the Java Heap base and to place the Java Heap above 32GB virtual address.
# This output file may be truncated or incomplete.
#
#  Out of Memory Error (virtualSpaceNode.cpp:110), pid=13504, tid=26876
#
# JRE version: OpenJDK Runtime Environment JBR-17.0.14+1-1367.22-nomod (17.0.14+1) (build 17.0.14+1-b1367.22)
# Java VM: OpenJDK 64-Bit Server VM JBR-17.0.14+1-1367.22-nomod (17.0.14+1-b1367.22, mixed mode, sharing, tiered, compressed oops, compressed class ptrs, g1 gc, windows-amd64)
# No core dump will be written. Minidumps are not enabled by default on client versions of Windows
#

---------------  S U M M A R Y ------------

Command Line: -Dfile.encoding=IBM850 --module-path=C:\Users\tu\.m2\repository\org\openjfx\javafx-base\21\javafx-base-21-win.jar;C:\Users\tu\.m2\repository\org\openjfx\javafx-base\21\javafx-base-21.jar;C:\Users\tu\.m2\repository\org\openjfx\javafx-controls\21\javafx-controls-21-win.jar;C:\Users\tu\.m2\repository\org\openjfx\javafx-controls\21\javafx-controls-21.jar;C:\Users\tu\.m2\repository\org\openjfx\javafx-fxml\21\javafx-fxml-21-win.jar;C:\Users\tu\.m2\repository\org\openjfx\javafx-fxml\21\javafx-fxml-21.jar;C:\Users\tu\.m2\repository\org\openjfx\javafx-graphics\21\javafx-graphics-21-win.jar;C:\Users\tu\.m2\repository\org\openjfx\javafx-graphics\21\javafx-graphics-21.jar --add-modules=javafx.base,javafx.controls,javafx.fxml,javafx.graphics utilies.MainApp

Host: 13th Gen Intel(R) Core(TM) i7-1355U, 12 cores, 15G,  Windows 11 , 64 bit Build 26100 (10.0.26100.8246)
Time: Fri May  1 22:54:45 2026 Afr. centrale Ouest elapsed time: 0.522960 seconds (0d 0h 0m 0s)

---------------  T H R E A D  ---------------

Current thread (0x00000235722a9030):  JavaThread "JavaFX Application Thread" [_thread_in_vm, id=26876, stack(0x000000a169d00000,0x000000a169e00000)]

Stack: [0x000000a169d00000,0x000000a169e00000]
Native frames: (J=compiled Java code, j=interpreted, Vv=VM code, C=native code)
V  [jvm.dll+0x68b969]
V  [jvm.dll+0x84572a]
V  [jvm.dll+0x8473ae]
V  [jvm.dll+0x847a13]
V  [jvm.dll+0x24a83f]
V  [jvm.dll+0x84058d]
V  [jvm.dll+0x62f77e]
V  [jvm.dll+0x62f7ea]
V  [jvm.dll+0x632044]
V  [jvm.dll+0x630126]
V  [jvm.dll+0x23f7b0]
V  [jvm.dll+0x1edc4b]
V  [jvm.dll+0x1e357c]
V  [jvm.dll+0x54f3ec]
V  [jvm.dll+0x1f414b]
V  [jvm.dll+0x7bd922]
V  [jvm.dll+0x7bed99]
V  [jvm.dll+0x7bf0f8]
V  [jvm.dll+0x24213e]
V  [jvm.dll+0x38770e]
C  0x000002355802b8e4

The last pc belongs to new (printed below).
Java frames: (J=compiled Java code, j=interpreted, Vv=VM code)
j  com.sun.xml.internal.stream.XMLInputFactoryImpl.getXMLStreamReaderImpl(Lcom/sun/org/apache/xerces/internal/xni/parser/XMLInputSource;)Ljavax/xml/stream/XMLStreamReader;+13 java.xml@17.0.14
j  com.sun.xml.internal.stream.XMLInputFactoryImpl.createXMLStreamReader(Ljava/io/Reader;)Ljavax/xml/stream/XMLStreamReader;+15 java.xml@17.0.14
j  javafx.fxml.FXMLLoader.loadImpl(Ljava/io/InputStream;Ljava/lang/Class;)Ljava/lang/Object;+109 javafx.fxml@21
j  javafx.fxml.FXMLLoader.loadImpl(Ljava/lang/Class;)Ljava/lang/Object;+31 javafx.fxml@21
j  javafx.fxml.FXMLLoader.load()Ljava/lang/Object;+17 javafx.fxml@21
j  utilies.MainApp.start(Ljavafx/stage/Stage;)V+38
j  com.sun.javafx.application.LauncherImpl.lambda$launchApplication1$9(Ljava/util/concurrent/atomic/AtomicBoolean;Ljavafx/application/Application;)V+20 javafx.graphics@21
j  com.sun.javafx.application.LauncherImpl$$Lambda$104+0x0000023501085c90.run()V+8 javafx.graphics@21
j  com.sun.javafx.application.PlatformImpl.lambda$runAndWait$12(Ljava/lang/Runnable;Ljava/util/concurrent/CountDownLatch;)V+1 javafx.graphics@21
j  com.sun.javafx.application.PlatformImpl$$Lambda$97+0x0000023501086218.run()V+8 javafx.graphics@21
j  com.sun.javafx.application.PlatformImpl.lambda$runLater$10(Ljava/lang/Runnable;)Ljava/lang/Void;+1 javafx.graphics@21
j  com.sun.javafx.application.PlatformImpl$$Lambda$99+0x0000023501086d80.run()Ljava/lang/Object;+4 javafx.graphics@21
j  java.security.AccessController.executePrivileged(Ljava/security/PrivilegedAction;Ljava/security/AccessControlContext;Ljava/lang/Class;)Ljava/lang/Object;+29 java.base@17.0.14
j  java.security.AccessController.doPrivileged(Ljava/security/PrivilegedAction;Ljava/security/AccessControlContext;)Ljava/lang/Object;+13 java.base@17.0.14
j  com.sun.javafx.application.PlatformImpl.lambda$runLater$11(Ljava/lang/Runnable;Ljava/security/AccessControlContext;)V+7 javafx.graphics@21
j  com.sun.javafx.application.PlatformImpl$$Lambda$98+0x00000235010868e0.run()V+8 javafx.graphics@21
j  com.sun.glass.ui.InvokeLaterDispatcher$Future.run()V+4 javafx.graphics@21
v  ~StubRoutines::call_stub
j  com.sun.glass.ui.win.WinApplication._runLoop(Ljava/lang/Runnable;)V+0 javafx.graphics@21
j  com.sun.glass.ui.win.WinApplication.lambda$runLoop$3(ILjava/lang/Runnable;)V+8 javafx.graphics@21
j  com.sun.glass.ui.win.WinApplication$$Lambda$87+0x00000235010306c8.run()V+12 javafx.graphics@21
j  java.lang.Thread.run()V+11 java.base@17.0.14
v  ~StubRoutines::call_stub
new  187 new  [0x000002355802b740, 0x000002355802b960]  544 bytes
[MachCode]
  0x000002355802b740: 4883 ec08 | c5fa 1104 | 24eb 1f48 | 83ec 10c5 | fb11 0424 | eb14 4883 | ec10 4889 | 0424 48c7 
  0x000002355802b760: 4424 0800 | 0000 00eb | 0150 410f | b755 010f | cac1 ea10 | 488b 4de8 | 488b 4908 | 488b 4908 
  0x000002355802b780: 488b 4108 | 807c 1004 | 070f 85df | 0000 0066 | 8b54 d148 | 488b 4928 | 488b 4cd1 | 0851 80b9 
  0x000002355802b7a0: 5b01 0000 | 040f 85c2 | 0000 008b | 5108 f7c2 | 0100 0000 | 0f85 b300 | 0000 498b | 8708 0100 
  0x000002355802b7c0: 0048 8d1c | 1049 3b9f | 1801 0000 | 0f87 9b00 | 0000 4989 | 9f08 0100 | 00e9 0000 | 0000 4883 
  0x000002355802b7e0: ea10 0f84 | 0f00 0000 | 33c9 c1ea | 0348 894c | d008 48ff | ca75 f648 | c700 0100 | 0000 5933 
  0x000002355802b800: f689 700c | 49ba 0000 | 0000 3502 | 0000 492b | ca89 4808 | 49ba f9da | c217 fa7f | 0000 4180 
  0x000002355802b820: 3a00 0f84 | 4000 0000 | 5048 8bc8 | 4883 ec20 | f7c4 0f00 | 0000 0f84 | 1a00 0000 | 4883 ec08 
  0x000002355802b840: 49ba 0019 | 7817 fa7f | 0000 41ff | d248 83c4 | 08e9 0d00 | 0000 49ba | 0019 7817 | fa7f 0000 
  0x000002355802b860: 41ff d248 | 83c4 2058 | e9cd 0000 | 0059 488b | 55e8 488b | 5208 488b | 5208 450f | b745 0141 
  0x000002355802b880: 0fc8 41c1 | e810 e805 | 0000 00e9 | aa00 0000 | 488d 4424 | 084c 896d | c049 8bcf | c5f8 7749 
  0x000002355802b8a0: 89af a802 | 0000 4989 | 8798 0200 | 0048 83ec | 20f7 c40f | 0000 000f | 841a 0000 | 0048 83ec 
  0x000002355802b8c0: 0849 bac0 | 7641 17fa | 7f00 0041 | ffd2 4883 | c408 e90d | 0000 0049 | bac0 7641 | 17fa 7f00 
  0x000002355802b8e0: 0041 ffd2 | 4883 c420 | 49c7 8798 | 0200 0000 | 0000 0049 | c787 a802 | 0000 0000 | 0000 49c7 
  0x000002355802b900: 87a0 0200 | 0000 0000 | 00c5 f877 | 4981 7f08 | 0000 0000 | 0f84 0500 | 0000 e9e1 | 55fe ff49 
  0x000002355802b920: 8b87 f002 | 0000 49c7 | 87f0 0200 | 0000 0000 | 004c 8b6d | c04c 8b75 | c8c3 410f | b65d 0349 
  0x000002355802b940: 83c5 0349 | ba10 4cc5 | 17fa 7f00 | 0041 ff24 | da0f 1f80 | 0000 0000 | 0000 0000 | 0000 0000 
[/MachCode]

---------------  P R O C E S S  ---------------

Threads class SMR info:
_java_thread_list=0x00000235723d6980, length=18, elements={
0x000002354b9b8320, 0x000002356c899880, 0x000002356c89c350, 0x000002356c9e2140,
0x000002356c9e2a10, 0x000002356c9e33d0, 0x000002356c9e3d90, 0x000002356c9e4b30,
0x000002356c9e55e0, 0x000002356c9e7f10, 0x000002356c882ce0, 0x000002356cb9da10,
0x000002356cb2e080, 0x0000023571459ee0, 0x00000235717cb460, 0x00000235722a9030,
0x0000023572667210, 0x000002357278e5b0
}

Java Threads: ( => current thread )
  0x000002354b9b8320 JavaThread "main" [_thread_blocked, id=23920, stack(0x000000a168600000,0x000000a168700000)]
  0x000002356c899880 JavaThread "Reference Handler" daemon [_thread_blocked, id=22472, stack(0x000000a168d00000,0x000000a168e00000)]
  0x000002356c89c350 JavaThread "Finalizer" daemon [_thread_blocked, id=7252, stack(0x000000a168e00000,0x000000a168f00000)]
  0x000002356c9e2140 JavaThread "Signal Dispatcher" daemon [_thread_blocked, id=15048, stack(0x000000a168f00000,0x000000a169000000)]
  0x000002356c9e2a10 JavaThread "Attach Listener" daemon [_thread_blocked, id=8056, stack(0x000000a169000000,0x000000a169100000)]
  0x000002356c9e33d0 JavaThread "Service Thread" daemon [_thread_blocked, id=24856, stack(0x000000a169100000,0x000000a169200000)]
  0x000002356c9e3d90 JavaThread "Monitor Deflation Thread" daemon [_thread_blocked, id=25568, stack(0x000000a169200000,0x000000a169300000)]
  0x000002356c9e4b30 JavaThread "C2 CompilerThread0" daemon [_thread_blocked, id=22524, stack(0x000000a169300000,0x000000a169400000)]
  0x000002356c9e55e0 JavaThread "C1 CompilerThread0" daemon [_thread_blocked, id=1440, stack(0x000000a169400000,0x000000a169500000)]
  0x000002356c9e7f10 JavaThread "Sweeper thread" daemon [_thread_blocked, id=23084, stack(0x000000a169500000,0x000000a169600000)]
  0x000002356c882ce0 JavaThread "Common-Cleaner" daemon [_thread_blocked, id=19716, stack(0x000000a169600000,0x000000a169700000)]
  0x000002356cb9da10 JavaThread "C2 CompilerThread1" daemon [_thread_in_native, id=4456, stack(0x000000a169700000,0x000000a169800000)]
  0x000002356cb2e080 JavaThread "Notification Thread" daemon [_thread_blocked, id=7864, stack(0x000000a169900000,0x000000a169a00000)]
  0x0000023571459ee0 JavaThread "QuantumRenderer-0" daemon [_thread_blocked, id=17792, stack(0x000000a169b00000,0x000000a169c00000)]
  0x00000235717cb460 JavaThread "InvokeLaterDispatcher" daemon [_thread_blocked, id=7424, stack(0x000000a169c00000,0x000000a169d00000)]
=>0x00000235722a9030 JavaThread "JavaFX Application Thread" [_thread_in_vm, id=26876, stack(0x000000a169d00000,0x000000a169e00000)]
  0x0000023572667210 JavaThread "JavaFX-Launcher" [_thread_blocked, id=22848, stack(0x000000a16ae00000,0x000000a16af00000)]
  0x000002357278e5b0 JavaThread "Thread-2" daemon [_thread_in_native, id=21788, stack(0x000000a16ad00000,0x000000a16ae00000)]

Other Threads:
  0x000002356c895d80 VMThread "VM Thread" [stack: 0x000000a168c00000,0x000000a168d00000] [id=26004]
  0x00000235710213e0 WatcherThread [stack: 0x000000a169a00000,0x000000a169b00000] [id=23816]
  0x000002354ba264b0 GCTaskThread "GC Thread#0" [stack: 0x000000a168700000,0x000000a168800000] [id=19040]
  0x000002357278d140 GCTaskThread "GC Thread#1" [stack: 0x000000a169800000,0x000000a169900000] [id=25860]
  0x000002357278c0c0 GCTaskThread "GC Thread#2" [stack: 0x000000a16af00000,0x000000a16b000000] [id=23128]
  0x000002357278bb40 GCTaskThread "GC Thread#3" [stack: 0x000000a16b000000,0x000000a16b100000] [id=24720]
  0x000002357278c380 GCTaskThread "GC Thread#4" [stack: 0x000000a16b100000,0x000000a16b200000] [id=17856]
  0x000002357278d400 GCTaskThread "GC Thread#5" [stack: 0x000000a16b200000,0x000000a16b300000] [id=3212]
  0x000002354ba36e80 ConcurrentGCThread "G1 Main Marker" [stack: 0x000000a168800000,0x000000a168900000] [id=25316]
  0x000002354ba378a0 ConcurrentGCThread "G1 Conc#0" [stack: 0x000000a168900000,0x000000a168a00000] [id=27412]
  0x000002356c74c6f0 ConcurrentGCThread "G1 Refine#0" [stack: 0x000000a168a00000,0x000000a168b00000] [id=4080]
  0x000002356c74dfd0 ConcurrentGCThread "G1 Service" [stack: 0x000000a168b00000,0x000000a168c00000] [id=12056]

Threads with active compile tasks:
C2 CompilerThread1      542  975       4       java.lang.StringBuilder::append (8 bytes)

VM state: not at safepoint (normal execution)

VM Mutex/Monitor currently owned by a thread:  ([mutex/lock_event])
[0x000002354b9b4480] Metaspace_lock - owner thread: 0x00000235722a9030

Heap address: 0x0000000705800000, size: 4008 MB, Compressed Oops mode: Zero based, Oop shift amount: 3

CDS archive(s) mapped at: [0x0000023500000000-0x0000023500c00000-0x0000023500c00000), size 12582912, SharedBaseAddress: 0x0000023500000000, ArchiveRelocationMode: 1.
Compressed class space mapped at: 0x0000023501000000-0x0000023541000000, reserved size: 1073741824
Narrow klass base: 0x0000023500000000, Narrow klass shift: 0, Narrow klass range: 0x100000000

GC Precious Log:
 CPUs: 12 total, 12 available
 Memory: 16027M
 Large Page Support: Disabled
 NUMA Support: Disabled
 Compressed Oops: Enabled (Zero based)
 Heap Region Size: 2M
 Heap Min Capacity: 8M
 Heap Initial Capacity: 252M
 Heap Max Capacity: 4008M
 Pre-touch: Disabled
 Parallel Workers: 10
 Concurrent Workers: 3
 Concurrent Refinement Workers: 10
 Periodic GC: Disabled

Heap:
 garbage-first heap   total 258048K, used 3204K [0x0000000705800000, 0x0000000800000000)
  region size 2048K, 3 young (6144K), 2 survivors (4096K)
 Metaspace       used 5324K, committed 5440K, reserved 1114112K
  class space    used 676K, committed 704K, reserved 1048576K

Heap Regions: E=young(eden), S=young(survivor), O=old, HS=humongous(starts), HC=humongous(continues), CS=collection set, F=free, OA=open archive, CA=closed archive, TAMS=top-at-mark-start (previous, next)
|   0|0x0000000705800000, 0x0000000705800000, 0x0000000705a00000|  0%| F|  |TAMS 0x0000000705800000, 0x0000000705800000| Untracked 
|   1|0x0000000705a00000, 0x0000000705a00000, 0x0000000705c00000|  0%| F|  |TAMS 0x0000000705a00000, 0x0000000705a00000| Untracked 
|   2|0x0000000705c00000, 0x0000000705c00000, 0x0000000705e00000|  0%| F|  |TAMS 0x0000000705c00000, 0x0000000705c00000| Untracked 
|   3|0x0000000705e00000, 0x0000000705e00000, 0x0000000706000000|  0%| F|  |TAMS 0x0000000705e00000, 0x0000000705e00000| Untracked 
|   4|0x0000000706000000, 0x0000000706000000, 0x0000000706200000|  0%| F|  |TAMS 0x0000000706000000, 0x0000000706000000| Untracked 
|   5|0x0000000706200000, 0x0000000706200000, 0x0000000706400000|  0%| F|  |TAMS 0x0000000706200000, 0x0000000706200000| Untracked 
|   6|0x0000000706400000, 0x0000000706400000, 0x0000000706600000|  0%| F|  |TAMS 0x0000000706400000, 0x0000000706400000| Untracked 
|   7|0x0000000706600000, 0x0000000706600000, 0x0000000706800000|  0%| F|  |TAMS 0x0000000706600000, 0x0000000706600000| Untracked 
|   8|0x0000000706800000, 0x0000000706800000, 0x0000000706a00000|  0%| F|  |TAMS 0x0000000706800000, 0x0000000706800000| Untracked 
|   9|0x0000000706a00000, 0x0000000706a00000, 0x0000000706c00000|  0%| F|  |TAMS 0x0000000706a00000, 0x0000000706a00000| Untracked 
|  10|0x0000000706c00000, 0x0000000706c00000, 0x0000000706e00000|  0%| F|  |TAMS 0x0000000706c00000, 0x0000000706c00000| Untracked 
|  11|0x0000000706e00000, 0x0000000706e00000, 0x0000000707000000|  0%| F|  |TAMS 0x0000000706e00000, 0x0000000706e00000| Untracked 
|  12|0x0000000707000000, 0x0000000707000000, 0x0000000707200000|  0%| F|  |TAMS 0x0000000707000000, 0x0000000707000000| Untracked 
|  13|0x0000000707200000, 0x0000000707200000, 0x0000000707400000|  0%| F|  |TAMS 0x0000000707200000, 0x0000000707200000| Untracked 
|  14|0x0000000707400000, 0x0000000707400000, 0x0000000707600000|  0%| F|  |TAMS 0x0000000707400000, 0x0000000707400000| Untracked 
|  15|0x0000000707600000, 0x0000000707600000, 0x0000000707800000|  0%| F|  |TAMS 0x0000000707600000, 0x0000000707600000| Untracked 
|  16|0x0000000707800000, 0x0000000707800000, 0x0000000707a00000|  0%| F|  |TAMS 0x0000000707800000, 0x0000000707800000| Untracked 
|  17|0x0000000707a00000, 0x0000000707a00000, 0x0000000707c00000|  0%| F|  |TAMS 0x0000000707a00000, 0x0000000707a00000| Untracked 
|  18|0x0000000707c00000, 0x0000000707c00000, 0x0000000707e00000|  0%| F|  |TAMS 0x0000000707c00000, 0x0000000707c00000| Untracked 
|  19|0x0000000707e00000, 0x0000000707e00000, 0x0000000708000000|  0%| F|  |TAMS 0x0000000707e00000, 0x0000000707e00000| Untracked 
|  20|0x0000000708000000, 0x0000000708000000, 0x0000000708200000|  0%| F|  |TAMS 0x0000000708000000, 0x0000000708000000| Untracked 
|  21|0x0000000708200000, 0x0000000708200000, 0x0000000708400000|  0%| F|  |TAMS 0x0000000708200000, 0x0000000708200000| Untracked 
|  22|0x0000000708400000, 0x0000000708400000, 0x0000000708600000|  0%| F|  |TAMS 0x0000000708400000, 0x0000000708400000| Untracked 
|  23|0x0000000708600000, 0x0000000708600000, 0x0000000708800000|  0%| F|  |TAMS 0x0000000708600000, 0x0000000708600000| Untracked 
|  24|0x0000000708800000, 0x0000000708800000, 0x0000000708a00000|  0%| F|  |TAMS 0x0000000708800000, 0x0000000708800000| Untracked 
|  25|0x0000000708a00000, 0x0000000708a00000, 0x0000000708c00000|  0%| F|  |TAMS 0x0000000708a00000, 0x0000000708a00000| Untracked 
|  26|0x0000000708c00000, 0x0000000708c00000, 0x0000000708e00000|  0%| F|  |TAMS 0x0000000708c00000, 0x0000000708c00000| Untracked 
|  27|0x0000000708e00000, 0x0000000708e00000, 0x0000000709000000|  0%| F|  |TAMS 0x0000000708e00000, 0x0000000708e00000| Untracked 
|  28|0x0000000709000000, 0x0000000709000000, 0x0000000709200000|  0%| F|  |TAMS 0x0000000709000000, 0x0000000709000000| Untracked 
|  29|0x0000000709200000, 0x0000000709200000, 0x0000000709400000|  0%| F|  |TAMS 0x0000000709200000, 0x0000000709200000| Untracked 
|  30|0x0000000709400000, 0x0000000709400000, 0x0000000709600000|  0%| F|  |TAMS 0x0000000709400000, 0x0000000709400000| Untracked 
|  31|0x0000000709600000, 0x0000000709600000, 0x0000000709800000|  0%| F|  |TAMS 0x0000000709600000, 0x0000000709600000| Untracked 
|  32|0x0000000709800000, 0x0000000709800000, 0x0000000709a00000|  0%| F|  |TAMS 0x0000000709800000, 0x0000000709800000| Untracked 
|  33|0x0000000709a00000, 0x0000000709a00000, 0x0000000709c00000|  0%| F|  |TAMS 0x0000000709a00000, 0x0000000709a00000| Untracked 
|  34|0x0000000709c00000, 0x0000000709c00000, 0x0000000709e00000|  0%| F|  |TAMS 0x0000000709c00000, 0x0000000709c00000| Untracked 
|  35|0x0000000709e00000, 0x0000000709e00000, 0x000000070a000000|  0%| F|  |TAMS 0x0000000709e00000, 0x0000000709e00000| Untracked 
|  36|0x000000070a000000, 0x000000070a000000, 0x000000070a200000|  0%| F|  |TAMS 0x000000070a000000, 0x000000070a000000| Untracked 
|  37|0x000000070a200000, 0x000000070a200000, 0x000000070a400000|  0%| F|  |TAMS 0x000000070a200000, 0x000000070a200000| Untracked 
|  38|0x000000070a400000, 0x000000070a400000, 0x000000070a600000|  0%| F|  |TAMS 0x000000070a400000, 0x000000070a400000| Untracked 
|  39|0x000000070a600000, 0x000000070a600000, 0x000000070a800000|  0%| F|  |TAMS 0x000000070a600000, 0x000000070a600000| Untracked 
|  40|0x000000070a800000, 0x000000070a800000, 0x000000070aa00000|  0%| F|  |TAMS 0x000000070a800000, 0x000000070a800000| Untracked 
|  41|0x000000070aa00000, 0x000000070aa00000, 0x000000070ac00000|  0%| F|  |TAMS 0x000000070aa00000, 0x000000070aa00000| Untracked 
|  42|0x000000070ac00000, 0x000000070ac00000, 0x000000070ae00000|  0%| F|  |TAMS 0x000000070ac00000, 0x000000070ac00000| Untracked 
|  43|0x000000070ae00000, 0x000000070ae00000, 0x000000070b000000|  0%| F|  |TAMS 0x000000070ae00000, 0x000000070ae00000| Untracked 
|  44|0x000000070b000000, 0x000000070b000000, 0x000000070b200000|  0%| F|  |TAMS 0x000000070b000000, 0x000000070b000000| Untracked 
|  45|0x000000070b200000, 0x000000070b200000, 0x000000070b400000|  0%| F|  |TAMS 0x000000070b200000, 0x000000070b200000| Untracked 
|  46|0x000000070b400000, 0x000000070b400000, 0x000000070b600000|  0%| F|  |TAMS 0x000000070b400000, 0x000000070b400000| Untracked 
|  47|0x000000070b600000, 0x000000070b600000, 0x000000070b800000|  0%| F|  |TAMS 0x000000070b600000, 0x000000070b600000| Untracked 
|  48|0x000000070b800000, 0x000000070b800000, 0x000000070ba00000|  0%| F|  |TAMS 0x000000070b800000, 0x000000070b800000| Untracked 
|  49|0x000000070ba00000, 0x000000070ba00000, 0x000000070bc00000|  0%| F|  |TAMS 0x000000070ba00000, 0x000000070ba00000| Untracked 
|  50|0x000000070bc00000, 0x000000070bc00000, 0x000000070be00000|  0%| F|  |TAMS 0x000000070bc00000, 0x000000070bc00000| Untracked 
|  51|0x000000070be00000, 0x000000070be00000, 0x000000070c000000|  0%| F|  |TAMS 0x000000070be00000, 0x000000070be00000| Untracked 
|  52|0x000000070c000000, 0x000000070c000000, 0x000000070c200000|  0%| F|  |TAMS 0x000000070c000000, 0x000000070c000000| Untracked 
|  53|0x000000070c200000, 0x000000070c200000, 0x000000070c400000|  0%| F|  |TAMS 0x000000070c200000, 0x000000070c200000| Untracked 
|  54|0x000000070c400000, 0x000000070c400000, 0x000000070c600000|  0%| F|  |TAMS 0x000000070c400000, 0x000000070c400000| Untracked 
|  55|0x000000070c600000, 0x000000070c600000, 0x000000070c800000|  0%| F|  |TAMS 0x000000070c600000, 0x000000070c600000| Untracked 
|  56|0x000000070c800000, 0x000000070c800000, 0x000000070ca00000|  0%| F|  |TAMS 0x000000070c800000, 0x000000070c800000| Untracked 
|  57|0x000000070ca00000, 0x000000070ca00000, 0x000000070cc00000|  0%| F|  |TAMS 0x000000070ca00000, 0x000000070ca00000| Untracked 
|  58|0x000000070cc00000, 0x000000070cc00000, 0x000000070ce00000|  0%| F|  |TAMS 0x000000070cc00000, 0x000000070cc00000| Untracked 
|  59|0x000000070ce00000, 0x000000070ce00000, 0x000000070d000000|  0%| F|  |TAMS 0x000000070ce00000, 0x000000070ce00000| Untracked 
|  60|0x000000070d000000, 0x000000070d000000, 0x000000070d200000|  0%| F|  |TAMS 0x000000070d000000, 0x000000070d000000| Untracked 
|  61|0x000000070d200000, 0x000000070d200000, 0x000000070d400000|  0%| F|  |TAMS 0x000000070d200000, 0x000000070d200000| Untracked 
|  62|0x000000070d400000, 0x000000070d400000, 0x000000070d600000|  0%| F|  |TAMS 0x000000070d400000, 0x000000070d400000| Untracked 
|  63|0x000000070d600000, 0x000000070d600000, 0x000000070d800000|  0%| F|  |TAMS 0x000000070d600000, 0x000000070d600000| Untracked 
|  64|0x000000070d800000, 0x000000070d800000, 0x000000070da00000|  0%| F|  |TAMS 0x000000070d800000, 0x000000070d800000| Untracked 
|  65|0x000000070da00000, 0x000000070da00000, 0x000000070dc00000|  0%| F|  |TAMS 0x000000070da00000, 0x000000070da00000| Untracked 
|  66|0x000000070dc00000, 0x000000070dc00000, 0x000000070de00000|  0%| F|  |TAMS 0x000000070dc00000, 0x000000070dc00000| Untracked 
|  67|0x000000070de00000, 0x000000070de00000, 0x000000070e000000|  0%| F|  |TAMS 0x000000070de00000, 0x000000070de00000| Untracked 
|  68|0x000000070e000000, 0x000000070e000000, 0x000000070e200000|  0%| F|  |TAMS 0x000000070e000000, 0x000000070e000000| Untracked 
|  69|0x000000070e200000, 0x000000070e200000, 0x000000070e400000|  0%| F|  |TAMS 0x000000070e200000, 0x000000070e200000| Untracked 
|  70|0x000000070e400000, 0x000000070e400000, 0x000000070e600000|  0%| F|  |TAMS 0x000000070e400000, 0x000000070e400000| Untracked 
|  71|0x000000070e600000, 0x000000070e600000, 0x000000070e800000|  0%| F|  |TAMS 0x000000070e600000, 0x000000070e600000| Untracked 
|  72|0x000000070e800000, 0x000000070e800000, 0x000000070ea00000|  0%| F|  |TAMS 0x000000070e800000, 0x000000070e800000| Untracked 
|  73|0x000000070ea00000, 0x000000070ea00000, 0x000000070ec00000|  0%| F|  |TAMS 0x000000070ea00000, 0x000000070ea00000| Untracked 
|  74|0x000000070ec00000, 0x000000070ec00000, 0x000000070ee00000|  0%| F|  |TAMS 0x000000070ec00000, 0x000000070ec00000| Untracked 
|  75|0x000000070ee00000, 0x000000070ee00000, 0x000000070f000000|  0%| F|  |TAMS 0x000000070ee00000, 0x000000070ee00000| Untracked 
|  76|0x000000070f000000, 0x000000070f000000, 0x000000070f200000|  0%| F|  |TAMS 0x000000070f000000, 0x000000070f000000| Untracked 
|  77|0x000000070f200000, 0x000000070f200000, 0x000000070f400000|  0%| F|  |TAMS 0x000000070f200000, 0x000000070f200000| Untracked 
|  78|0x000000070f400000, 0x000000070f400000, 0x000000070f600000|  0%| F|  |TAMS 0x000000070f400000, 0x000000070f400000| Untracked 
|  79|0x000000070f600000, 0x000000070f600000, 0x000000070f800000|  0%| F|  |TAMS 0x000000070f600000, 0x000000070f600000| Untracked 
|  80|0x000000070f800000, 0x000000070f800000, 0x000000070fa00000|  0%| F|  |TAMS 0x000000070f800000, 0x000000070f800000| Untracked 
|  81|0x000000070fa00000, 0x000000070fa00000, 0x000000070fc00000|  0%| F|  |TAMS 0x000000070fa00000, 0x000000070fa00000| Untracked 
|  82|0x000000070fc00000, 0x000000070fc00000, 0x000000070fe00000|  0%| F|  |TAMS 0x000000070fc00000, 0x000000070fc00000| Untracked 
|  83|0x000000070fe00000, 0x000000070fe00000, 0x0000000710000000|  0%| F|  |TAMS 0x000000070fe00000, 0x000000070fe00000| Untracked 
|  84|0x0000000710000000, 0x0000000710000000, 0x0000000710200000|  0%| F|  |TAMS 0x0000000710000000, 0x0000000710000000| Untracked 
|  85|0x0000000710200000, 0x0000000710200000, 0x0000000710400000|  0%| F|  |TAMS 0x0000000710200000, 0x0000000710200000| Untracked 
|  86|0x0000000710400000, 0x0000000710400000, 0x0000000710600000|  0%| F|  |TAMS 0x0000000710400000, 0x0000000710400000| Untracked 
|  87|0x0000000710600000, 0x0000000710600000, 0x0000000710800000|  0%| F|  |TAMS 0x0000000710600000, 0x0000000710600000| Untracked 
|  88|0x0000000710800000, 0x0000000710800000, 0x0000000710a00000|  0%| F|  |TAMS 0x0000000710800000, 0x0000000710800000| Untracked 
|  89|0x0000000710a00000, 0x0000000710a00000, 0x0000000710c00000|  0%| F|  |TAMS 0x0000000710a00000, 0x0000000710a00000| Untracked 
|  90|0x0000000710c00000, 0x0000000710c00000, 0x0000000710e00000|  0%| F|  |TAMS 0x0000000710c00000, 0x0000000710c00000| Untracked 
|  91|0x0000000710e00000, 0x0000000710e00000, 0x0000000711000000|  0%| F|  |TAMS 0x0000000710e00000, 0x0000000710e00000| Untracked 
|  92|0x0000000711000000, 0x0000000711000000, 0x0000000711200000|  0%| F|  |TAMS 0x0000000711000000, 0x0000000711000000| Untracked 
|  93|0x0000000711200000, 0x0000000711200000, 0x0000000711400000|  0%| F|  |TAMS 0x0000000711200000, 0x0000000711200000| Untracked 
|  94|0x0000000711400000, 0x0000000711400000, 0x0000000711600000|  0%| F|  |TAMS 0x0000000711400000, 0x0000000711400000| Untracked 
|  95|0x0000000711600000, 0x0000000711600000, 0x0000000711800000|  0%| F|  |TAMS 0x0000000711600000, 0x0000000711600000| Untracked 
|  96|0x0000000711800000, 0x0000000711800000, 0x0000000711a00000|  0%| F|  |TAMS 0x0000000711800000, 0x0000000711800000| Untracked 
|  97|0x0000000711a00000, 0x0000000711a00000, 0x0000000711c00000|  0%| F|  |TAMS 0x0000000711a00000, 0x0000000711a00000| Untracked 
|  98|0x0000000711c00000, 0x0000000711c00000, 0x0000000711e00000|  0%| F|  |TAMS 0x0000000711c00000, 0x0000000711c00000| Untracked 
|  99|0x0000000711e00000, 0x0000000711e00000, 0x0000000712000000|  0%| F|  |TAMS 0x0000000711e00000, 0x0000000711e00000| Untracked 
| 100|0x0000000712000000, 0x0000000712000000, 0x0000000712200000|  0%| F|  |TAMS 0x0000000712000000, 0x0000000712000000| Untracked 
| 101|0x0000000712200000, 0x0000000712200000, 0x0000000712400000|  0%| F|  |TAMS 0x0000000712200000, 0x0000000712200000| Untracked 
| 102|0x0000000712400000, 0x0000000712400000, 0x0000000712600000|  0%| F|  |TAMS 0x0000000712400000, 0x0000000712400000| Untracked 
| 103|0x0000000712600000, 0x0000000712600000, 0x0000000712800000|  0%| F|  |TAMS 0x0000000712600000, 0x0000000712600000| Untracked 
| 104|0x0000000712800000, 0x0000000712800000, 0x0000000712a00000|  0%| F|  |TAMS 0x0000000712800000, 0x0000000712800000| Untracked 
| 105|0x0000000712a00000, 0x0000000712a00000, 0x0000000712c00000|  0%| F|  |TAMS 0x0000000712a00000, 0x0000000712a00000| Untracked 
| 106|0x0000000712c00000, 0x0000000712c00000, 0x0000000712e00000|  0%| F|  |TAMS 0x0000000712c00000, 0x0000000712c00000| Untracked 
| 107|0x0000000712e00000, 0x0000000712e00000, 0x0000000713000000|  0%| F|  |TAMS 0x0000000712e00000, 0x0000000712e00000| Untracked 
| 108|0x0000000713000000, 0x0000000713000000, 0x0000000713200000|  0%| F|  |TAMS 0x0000000713000000, 0x0000000713000000| Untracked 
| 109|0x0000000713200000, 0x0000000713200000, 0x0000000713400000|  0%| F|  |TAMS 0x0000000713200000, 0x0000000713200000| Untracked 
| 110|0x0000000713400000, 0x0000000713400000, 0x0000000713600000|  0%| F|  |TAMS 0x0000000713400000, 0x0000000713400000| Untracked 
| 111|0x0000000713600000, 0x0000000713600000, 0x0000000713800000|  0%| F|  |TAMS 0x0000000713600000, 0x0000000713600000| Untracked 
| 112|0x0000000713800000, 0x0000000713800000, 0x0000000713a00000|  0%| F|  |TAMS 0x0000000713800000, 0x0000000713800000| Untracked 
| 113|0x0000000713a00000, 0x0000000713b212a8, 0x0000000713c00000| 56%| S|CS|TAMS 0x0000000713a00000, 0x0000000713a00000| Complete 
| 114|0x0000000713c00000, 0x0000000713e00000, 0x0000000713e00000|100%| S|CS|TAMS 0x0000000713c00000, 0x0000000713c00000| Complete 
| 115|0x0000000713e00000, 0x0000000713e00000, 0x0000000714000000|  0%| F|  |TAMS 0x0000000713e00000, 0x0000000713e00000| Untracked 
| 116|0x0000000714000000, 0x0000000714000000, 0x0000000714200000|  0%| F|  |TAMS 0x0000000714000000, 0x0000000714000000| Untracked 
| 117|0x0000000714200000, 0x0000000714200000, 0x0000000714400000|  0%| F|  |TAMS 0x0000000714200000, 0x0000000714200000| Untracked 
| 118|0x0000000714400000, 0x0000000714400000, 0x0000000714600000|  0%| F|  |TAMS 0x0000000714400000, 0x0000000714400000| Untracked 
| 119|0x0000000714600000, 0x0000000714600000, 0x0000000714800000|  0%| F|  |TAMS 0x0000000714600000, 0x0000000714600000| Untracked 
| 120|0x0000000714800000, 0x0000000714800000, 0x0000000714a00000|  0%| F|  |TAMS 0x0000000714800000, 0x0000000714800000| Untracked 
| 121|0x0000000714a00000, 0x0000000714a00000, 0x0000000714c00000|  0%| F|  |TAMS 0x0000000714a00000, 0x0000000714a00000| Untracked 
| 122|0x0000000714c00000, 0x0000000714c00000, 0x0000000714e00000|  0%| F|  |TAMS 0x0000000714c00000, 0x0000000714c00000| Untracked 
| 123|0x0000000714e00000, 0x0000000714e00000, 0x0000000715000000|  0%| F|  |TAMS 0x0000000714e00000, 0x0000000714e00000| Untracked 
| 124|0x0000000715000000, 0x0000000715000000, 0x0000000715200000|  0%| F|  |TAMS 0x0000000715000000, 0x0000000715000000| Untracked 
| 125|0x0000000715200000, 0x00000007153852a0, 0x0000000715400000| 76%| E|  |TAMS 0x0000000715200000, 0x0000000715200000| Complete 

Card table byte_map: [0x0000023560e60000,0x0000023561640000] _byte_map_base: 0x000002355d634000

Marking Bits (Prev, Next): (CMBitMap*) 0x000002354ba26ad0, (CMBitMap*) 0x000002354ba26b10
 Prev Bits: [0x0000023561e20000, 0x0000023565cc0000)
 Next Bits: [0x0000023565cc0000, 0x0000023569b60000)

Polling page: 0x000002354b700000

Metaspace:

Usage:
  Non-class:      4.54 MB used.
      Class:    676.24 KB used.
       Both:      5.20 MB used.

Virtual space:
  Non-class space:       64.00 MB reserved,       4.62 MB (  7%) committed,  1 nodes.
      Class space:        1.00 GB reserved,     704.00 KB ( <1%) committed,  1 nodes.
             Both:        1.06 GB reserved,       5.31 MB ( <1%) committed. 

Chunk freelists:
   Non-Class:  9.36 MB
       Class:  15.25 MB
        Both:  24.61 MB

MaxMetaspaceSize: unlimited
CompressedClassSpaceSize: 1.00 GB
Initial GC threshold: 21.00 MB
Current GC threshold: 21.00 MB
CDS: on
MetaspaceReclaimPolicy: balanced
 - commit_granule_bytes: 65536.
 - commit_granule_words: 8192.
 - virtual_space_node_default_size: 8388608.
 - enlarge_chunks_in_place: 1.
 - new_chunks_are_fully_committed: 0.
 - uncommit_free_chunks: 1.
 - use_allocation_guard: 0.
 - handle_deallocations: 1.


Internal statistics:

num_allocs_failed_limit: 0.
num_arena_births: 92.
num_arena_deaths: 0.
num_vsnodes_births: 2.
num_vsnodes_deaths: 0.
num_space_committed: 85.
num_space_uncommitted: 0.
num_chunks_returned_to_freelist: 0.
num_chunks_taken_from_freelist: 250.
num_chunk_merges: 0.
num_chunk_splits: 167.
num_chunks_enlarged: 112.
num_inconsistent_stats: 0.

CodeHeap 'non-profiled nmethods': size=120000Kb used=325Kb max_used=325Kb free=119674Kb
 bounds [0x00000235585b0000, 0x0000023558820000, 0x000002355fae0000]
CodeHeap 'profiled nmethods': size=120000Kb used=1464Kb max_used=1464Kb free=118535Kb
 bounds [0x0000023550ae0000, 0x0000023550d50000, 0x0000023558010000]
CodeHeap 'non-nmethods': size=5760Kb used=1204Kb max_used=1218Kb free=4555Kb
 bounds [0x0000023558010000, 0x0000023558280000, 0x00000235585b0000]
 total_blobs=1483 nmethods=975 adapters=421
 compilation: enabled
              stopped_count=0, restarted_count=0
 full_count=0

Compilation events (20 events):
Event: 0.497 Thread 0x000002356cb9da10 nmethod 966 0x0000023558600890 code [0x0000023558600a00, 0x0000023558600a78]
Event: 0.497 Thread 0x000002356cb9da10  967       4       jdk.internal.org.objectweb.asm.ClassReader::readUnsignedShort (26 bytes)
Event: 0.497 Thread 0x000002356c9e55e0  968       3       java.lang.invoke.DirectMethodHandle::allocateInstance (16 bytes)
Event: 0.497 Thread 0x000002356c9e55e0 nmethod 968 0x0000023550c4ac90 code [0x0000023550c4ae40, 0x0000023550c4b068]
Event: 0.497 Thread 0x000002356c9e55e0  969       3       java.lang.invoke.DirectMethodHandle::constructorMethod (10 bytes)
Event: 0.497 Thread 0x000002356c9e55e0 nmethod 969 0x0000023550c4b190 code [0x0000023550c4b320, 0x0000023550c4b518]
Event: 0.497 Thread 0x000002356c9e55e0  970       3       java.security.AccessController::executePrivileged (65 bytes)
Event: 0.497 Thread 0x000002356c9e55e0 nmethod 970 0x0000023550c4b610 code [0x0000023550c4b7e0, 0x0000023550c4bad8]
Event: 0.497 Thread 0x000002356cb9da10 nmethod 967 0x0000023558600b90 code [0x0000023558600d00, 0x0000023558600dd8]
Event: 0.498 Thread 0x000002356c9e55e0  971       3       sun.invoke.util.VerifyAccess::isTypeVisible (47 bytes)
Event: 0.498 Thread 0x000002356c9e55e0 nmethod 971 0x0000023550c4bc10 code [0x0000023550c4be00, 0x0000023550c4c218]
Event: 0.498 Thread 0x000002356c9e55e0  972       1       java.lang.invoke.MethodHandleNatives::isPullModeBSM (2 bytes)
Event: 0.498 Thread 0x000002356c9e55e0 nmethod 972 0x0000023558600e90 code [0x0000023558601020, 0x00000235586010d8]
Event: 0.498 Thread 0x000002356c9e55e0  973       1       java.lang.invoke.MethodHandleImpl::isCompileConstant (2 bytes)
Event: 0.498 Thread 0x000002356c9e55e0 nmethod 973 0x0000023558601190 code [0x0000023558601320, 0x00000235586013d8]
Event: 0.498 Thread 0x000002356c9e55e0  974       3       java.security.AccessController::doPrivileged (9 bytes)
Event: 0.498 Thread 0x000002356c9e55e0 nmethod 974 0x0000023550c4c410 code [0x0000023550c4c5e0, 0x0000023550c4c918]
Event: 0.499 Thread 0x000002356cb9da10  975       4       java.lang.StringBuilder::append (8 bytes)
Event: 0.499 Thread 0x000002356c9e55e0  976       3       java.lang.invoke.MethodHandles$Lookup::checkAccess (232 bytes)
Event: 0.500 Thread 0x000002356c9e55e0 nmethod 976 0x0000023550c4ca90 code [0x0000023550c4cd80, 0x0000023550c4dd98]

GC Heap History (2 events):
Event: 0.490 GC heap before
{Heap before GC invocations=0 (full 0):
 garbage-first heap   total 258048K, used 20480K [0x0000000705800000, 0x0000000800000000)
  region size 2048K, 11 young (22528K), 0 survivors (0K)
 Metaspace       used 5048K, committed 5184K, reserved 1114112K
  class space    used 644K, committed 704K, reserved 1048576K
}
Event: 0.492 GC heap after
{Heap after GC invocations=1 (full 0):
 garbage-first heap   total 258048K, used 3204K [0x0000000705800000, 0x0000000800000000)
  region size 2048K, 2 young (4096K), 2 survivors (4096K)
 Metaspace       used 5048K, committed 5184K, reserved 1114112K
  class space    used 644K, committed 704K, reserved 1048576K
}

Dll operation events (2 events):
Event: 0.010 Loaded shared library C:\Users\tu\.jdks\jbr-17.0.14\bin\java.dll
Event: 0.026 Loaded shared library C:\Users\tu\.jdks\jbr-17.0.14\bin\jsvml.dll

Deoptimization events (20 events):
Event: 0.177 Thread 0x000002354b9b8320 DEOPT PACKING pc=0x00000235585d4458 sp=0x000000a1686fdcb0
Event: 0.177 Thread 0x000002354b9b8320 DEOPT UNPACKING pc=0x00000235580669a3 sp=0x000000a1686fdbc0 mode 2
Event: 0.177 Thread 0x000002354b9b8320 Uncommon trap: trap_request=0xffffffde fr.pc=0x00000235585d4458 relative=0x0000000000000c58
Event: 0.177 Thread 0x000002354b9b8320 Uncommon trap: reason=class_check action=maybe_recompile pc=0x00000235585d4458 method=java.util.HashMap.putVal(ILjava/lang/Object;Ljava/lang/Object;ZZ)Ljava/lang/Object; @ 152 c2
Event: 0.177 Thread 0x000002354b9b8320 DEOPT PACKING pc=0x00000235585d4458 sp=0x000000a1686fdca0
Event: 0.177 Thread 0x000002354b9b8320 DEOPT UNPACKING pc=0x00000235580669a3 sp=0x000000a1686fdbb0 mode 2
Event: 0.177 Thread 0x000002354b9b8320 Uncommon trap: trap_request=0xffffffde fr.pc=0x00000235585d2bc8 relative=0x0000000000000d48
Event: 0.177 Thread 0x000002354b9b8320 Uncommon trap: reason=class_check action=maybe_recompile pc=0x00000235585d2bc8 method=java.util.HashMap.putVal(ILjava/lang/Object;Ljava/lang/Object;ZZ)Ljava/lang/Object; @ 152 c2
Event: 0.177 Thread 0x000002354b9b8320 DEOPT PACKING pc=0x00000235585d2bc8 sp=0x000000a1686fdbe0
Event: 0.177 Thread 0x000002354b9b8320 DEOPT UNPACKING pc=0x00000235580669a3 sp=0x000000a1686fdba0 mode 2
Event: 0.261 Thread 0x000002354b9b8320 DEOPT PACKING pc=0x0000023550bb88b7 sp=0x000000a1686fdf70
Event: 0.261 Thread 0x000002354b9b8320 DEOPT UNPACKING pc=0x0000023558067143 sp=0x000000a1686fd390 mode 0
Event: 0.385 Thread 0x00000235722a9030 Uncommon trap: trap_request=0xffffff45 fr.pc=0x00000235585eb2dc relative=0x000000000000029c
Event: 0.385 Thread 0x00000235722a9030 Uncommon trap: reason=unstable_if action=reinterpret pc=0x00000235585eb2dc method=java.lang.invoke.VarHandle.checkExactAccessMode(Ljava/lang/invoke/VarHandle$AccessDescriptor;)V @ 4 c2
Event: 0.385 Thread 0x00000235722a9030 DEOPT PACKING pc=0x00000235585eb2dc sp=0x000000a169dfeaf0
Event: 0.385 Thread 0x00000235722a9030 DEOPT UNPACKING pc=0x00000235580669a3 sp=0x000000a169dfea60 mode 2
Event: 0.478 Thread 0x00000235722a9030 Uncommon trap: trap_request=0xffffff45 fr.pc=0x00000235585d7e8c relative=0x000000000000064c
Event: 0.478 Thread 0x00000235722a9030 Uncommon trap: reason=unstable_if action=reinterpret pc=0x00000235585d7e8c method=java.util.zip.ZipFile$Source.checkAndAddEntry(II)I @ 128 c2
Event: 0.478 Thread 0x00000235722a9030 DEOPT PACKING pc=0x00000235585d7e8c sp=0x000000a169dfc3e0
Event: 0.478 Thread 0x00000235722a9030 DEOPT UNPACKING pc=0x00000235580669a3 sp=0x000000a169dfc350 mode 2

Classes loaded (20 events):
Event: 0.498 Loading class com/sun/org/apache/xerces/internal/utils/XMLSecurityPropertyManager$State done
Event: 0.498 Loading class com/sun/org/apache/xerces/internal/utils/XMLSecurityPropertyManager$Property
Event: 0.498 Loading class com/sun/org/apache/xerces/internal/utils/XMLSecurityPropertyManager$Property done
Event: 0.498 Loading class jdk/xml/internal/JdkXmlUtils
Event: 0.498 Loading class jdk/xml/internal/JdkXmlUtils done
Event: 0.498 Loading class javax/xml/catalog/CatalogFeatures$Feature
Event: 0.499 Loading class javax/xml/catalog/CatalogFeatures$Feature done
Event: 0.499 Loading class com/sun/org/apache/xerces/internal/jaxp/SAXParserFactoryImpl
Event: 0.499 Loading class javax/xml/parsers/SAXParserFactory
Event: 0.499 Loading class javax/xml/parsers/SAXParserFactory done
Event: 0.499 Loading class com/sun/org/apache/xerces/internal/jaxp/SAXParserFactoryImpl done
Event: 0.499 Loading class jdk/xml/internal/JdkConstants
Event: 0.499 Loading class jdk/xml/internal/JdkConstants done
Event: 0.499 Loading class jdk/xml/internal/JdkProperty$ImplPropMap
Event: 0.499 Loading class jdk/xml/internal/JdkProperty$ImplPropMap done
Event: 0.499 Loading class javax/xml/stream/util/StreamReaderDelegate
Event: 0.499 Loading class javax/xml/stream/util/StreamReaderDelegate done
Event: 0.499 Loading class com/sun/org/apache/xerces/internal/xni/parser/XMLInputSource
Event: 0.499 Loading class com/sun/org/apache/xerces/internal/xni/parser/XMLInputSource done
Event: 0.499 Loading class com/sun/org/apache/xerces/internal/impl/XMLStreamReaderImpl

Classes unloaded (0 events):
No events

Classes redefined (0 events):
No events

Internal exceptions (11 events):
Event: 0.138 Thread 0x000002354b9b8320 Exception <a 'java/lang/NoSuchMethodError'{0x0000000714cfeaf8}: 'java.lang.Object java.lang.invoke.DirectMethodHandle$Holder.invokeStaticInit(java.lang.Object)'> (0x0000000714cfeaf8) 
thrown [s\src\hotspot\share\interpreter\linkResolver.cpp, line 771]
Event: 0.139 Thread 0x000002354b9b8320 Exception <a 'java/lang/NoSuchMethodError'{0x0000000714d06310}: 'void java.lang.invoke.DirectMethodHandle$Holder.invokeStatic(java.lang.Object, java.lang.Object)'> (0x0000000714d06310) 
thrown [s\src\hotspot\share\interpreter\linkResolver.cpp, line 771]
Event: 0.290 Thread 0x000002354b9b8320 Exception <a 'java/lang/NoSuchMethodError'{0x00000007146fb600}: 'void java.lang.invoke.DirectMethodHandle$Holder.invokeSpecial(java.lang.Object, java.lang.Object, java.lang.Object)'> (0x00000007146fb600) 
thrown [s\src\hotspot\share\interpreter\linkResolver.cpp, line 771]
Event: 0.297 Thread 0x000002354b9b8320 Exception <a 'java/lang/NoSuchMethodError'{0x0000000714734328}: 'void java.lang.invoke.DirectMethodHandle$Holder.invokeStatic(java.lang.Object, java.lang.Object, java.lang.Object)'> (0x0000000714734328) 
thrown [s\src\hotspot\share\interpreter\linkResolver.cpp, line 771]
Event: 0.363 Thread 0x000002354b9b8320 Exception <a 'java/lang/NoSuchMethodError'{0x0000000714750e70}: 'int java.lang.invoke.DirectMethodHandle$Holder.invokeStaticInit(java.lang.Object, java.lang.Object, java.lang.Object)'> (0x0000000714750e70) 
thrown [s\src\hotspot\share\interpreter\linkResolver.cpp, line 771]
Event: 0.378 Thread 0x000002354b9b8320 Exception <a 'java/lang/NoSuchMethodError'{0x0000000714480790}: 'java.lang.Object java.lang.invoke.DirectMethodHandle$Holder.newInvokeSpecial(java.lang.Object, java.lang.Object, int, java.lang.Object)'> (0x0000000714480790) 
thrown [s\src\hotspot\share\interpreter\linkResolver.cpp, line 771]
Event: 0.378 Thread 0x000002354b9b8320 Exception <a 'java/lang/NoSuchMethodError'{0x0000000714484b70}: 'java.lang.Object java.lang.invoke.DirectMethodHandle$Holder.invokeSpecial(java.lang.Object, java.lang.Object, java.lang.Object, int, java.lang.Object)'> (0x0000000714484b70) 
thrown [s\src\hotspot\share\interpreter\linkResolver.cpp, line 771]
Event: 0.447 Thread 0x00000235722a9030 Exception <a 'java/lang/NoSuchMethodError'{0x0000000714381c70}: 'void java.lang.invoke.DirectMethodHandle$Holder.invokeStaticInit(java.lang.Object)'> (0x0000000714381c70) 
thrown [s\src\hotspot\share\interpreter\linkResolver.cpp, line 771]
Event: 0.450 Thread 0x000002354b9b8320 Exception <a 'java/lang/NoSuchMethodError'{0x0000000714499c00}: 'java.lang.Object java.lang.invoke.DirectMethodHandle$Holder.newInvokeSpecial(java.lang.Object, java.lang.Object, java.lang.Object, java.lang.Object, java.lang.Object, java.lang.Object)'> (0x0000000714499c00) 
thrown [s\src\hotspot\share\interpreter\linkResolver.cpp, line 771]
Event: 0.455 Thread 0x000002354b9b8320 Exception <a 'java/lang/NoSuchMethodError'{0x00000007144ca568}: 'java.lang.Object java.lang.invoke.DirectMethodHandle$Holder.newInvokeSpecial(java.lang.Object, java.lang.Object, java.lang.Object, java.lang.Object, java.lang.Object)'> (0x00000007144ca568) 
thrown [s\src\hotspot\share\interpreter\linkResolver.cpp, line 771]
Event: 0.456 Thread 0x0000023572667210 Exception <a 'java/lang/NoSuchMethodError'{0x00000007143d5348}: 'void java.lang.invoke.DirectMethodHandle$Holder.invokeStatic(java.lang.Object, java.lang.Object, java.lang.Object, java.lang.Object)'> (0x00000007143d5348) 
thrown [s\src\hotspot\share\interpreter\linkResolver.cpp, line 771]

VM Operations (8 events):
Event: 0.071 Executing VM operation: HandshakeAllThreads
Event: 0.071 Executing VM operation: HandshakeAllThreads done
Event: 0.117 Executing VM operation: HandshakeAllThreads
Event: 0.117 Executing VM operation: HandshakeAllThreads done
Event: 0.370 Executing VM operation: HandshakeAllThreads
Event: 0.370 Executing VM operation: HandshakeAllThreads done
Event: 0.489 Executing VM operation: G1CollectForAllocation
Event: 0.492 Executing VM operation: G1CollectForAllocation done

Memory protections (0 events):
No events

Nmethod flushes (0 events):
No events

Events (20 events):
Event: 0.244 Loaded shared library C:\Users\tu\.openjfx\cache\21+31\amd64\api-ms-win-crt-runtime-l1-1-0.dll
Event: 0.245 Loaded shared library C:\Users\tu\.openjfx\cache\21+31\amd64\api-ms-win-crt-stdio-l1-1-0.dll
Event: 0.247 Loaded shared library C:\Users\tu\.openjfx\cache\21+31\amd64\api-ms-win-crt-string-l1-1-0.dll
Event: 0.248 Loaded shared library C:\Users\tu\.openjfx\cache\21+31\amd64\api-ms-win-crt-time-l1-1-0.dll
Event: 0.250 Loaded shared library C:\Users\tu\.openjfx\cache\21+31\amd64\api-ms-win-crt-utility-l1-1-0.dll
Event: 0.259 Loaded shared library C:\Users\tu\.openjfx\cache\21+31\amd64\ucrtbase.dll
Event: 0.262 Loaded shared library C:\Users\tu\.openjfx\cache\21+31\amd64\vcruntime140.dll
Event: 0.264 Loaded shared library C:\Users\tu\.openjfx\cache\21+31\amd64\vcruntime140_1.dll
Event: 0.271 Loaded shared library C:\Users\tu\.openjfx\cache\21+31\amd64\msvcp140.dll
Event: 0.273 Loaded shared library C:\Users\tu\.openjfx\cache\21+31\amd64\msvcp140_1.dll
Event: 0.276 Loaded shared library C:\Users\tu\.openjfx\cache\21+31\amd64\msvcp140_2.dll
Event: 0.298 Thread 0x000002354b9b8320 Thread added: 0x0000023571459ee0
Event: 0.304 Loaded shared library C:\Users\tu\.openjfx\cache\21+31\amd64\prism_d3d.dll
Event: 0.374 Loaded shared library C:\Users\tu\.openjfx\cache\21+31\amd64\glass.dll
Event: 0.376 Thread 0x000002354b9b8320 Thread added: 0x00000235717cb460
Event: 0.379 Thread 0x000002354b9b8320 Thread added: 0x00000235722a9030
Event: 0.455 Thread 0x000002354b9b8320 Thread added: 0x0000023572667210
Event: 0.468 Thread 0x000002357278e5b0 Thread added: 0x000002357278e5b0
Event: 0.469 Thread 0x000002356cb9df30 Thread exited: 0x000002356cb9df30
Event: 0.470 Loaded shared library C:\Users\tu\.jdks\jbr-17.0.14\bin\jimage.dll


Dynamic libraries:
0x00007ff7d9400000 - 0x00007ff7d940a000 	C:\Users\tu\.jdks\jbr-17.0.14\bin\java.exe
0x00007ffb03680000 - 0x00007ffb038e7000 	C:\WINDOWS\SYSTEM32\ntdll.dll
0x00007ffb016e0000 - 0x00007ffb017a9000 	C:\WINDOWS\System32\KERNEL32.DLL
0x00007ffafff50000 - 0x00007ffb00344000 	C:\WINDOWS\System32\KERNELBASE.dll
0x00007ffb004a0000 - 0x00007ffb005eb000 	C:\WINDOWS\System32\ucrtbase.dll
0x00007ffae09d0000 - 0x00007ffae09e7000 	C:\Users\tu\.jdks\jbr-17.0.14\bin\jli.dll
0x00007ffaddb70000 - 0x00007ffaddb8b000 	C:\Users\tu\.jdks\jbr-17.0.14\bin\VCRUNTIME140.dll
0x00007ffb02da0000 - 0x00007ffb02f65000 	C:\WINDOWS\System32\USER32.dll
0x00007ffadc270000 - 0x00007ffadc503000 	C:\WINDOWS\WinSxS\amd64_microsoft.windows.common-controls_6595b64144ccf1df_6.0.26100.8115_none_3e075c82e3354f9c\COMCTL32.dll
0x00007ffb01330000 - 0x00007ffb01357000 	C:\WINDOWS\System32\win32u.dll
0x00007ffb02d70000 - 0x00007ffb02d9b000 	C:\WINDOWS\System32\GDI32.dll
0x00007ffb02aa0000 - 0x00007ffb02b49000 	C:\WINDOWS\System32\msvcrt.dll
0x00007ffb01080000 - 0x00007ffb011ab000 	C:\WINDOWS\System32\gdi32full.dll
0x00007ffb00760000 - 0x00007ffb00803000 	C:\WINDOWS\System32\msvcp_win.dll
0x00007ffb02060000 - 0x00007ffb02092000 	C:\WINDOWS\System32\IMM32.DLL
0x00007ffaef840000 - 0x00007ffaef84c000 	C:\Users\tu\.jdks\jbr-17.0.14\bin\vcruntime140_1.dll
0x00007ffad6050000 - 0x00007ffad60dd000 	C:\Users\tu\.jdks\jbr-17.0.14\bin\msvcp140.dll
0x00007ffa17090000 - 0x00007ffa17d1e000 	C:\Users\tu\.jdks\jbr-17.0.14\bin\server\jvm.dll
0x00007ffb02f70000 - 0x00007ffb03026000 	C:\WINDOWS\System32\ADVAPI32.dll
0x00007ffb017b0000 - 0x00007ffb01857000 	C:\WINDOWS\System32\sechost.dll
0x00007ffb028f0000 - 0x00007ffb02a08000 	C:\WINDOWS\System32\RPCRT4.dll
0x00007ffb01fd0000 - 0x00007ffb02050000 	C:\WINDOWS\System32\WS2_32.dll
0x00007ffaffdb0000 - 0x00007ffaffe0e000 	C:\WINDOWS\SYSTEM32\POWRPROF.dll
0x00007ffafcac0000 - 0x00007ffafcaf6000 	C:\WINDOWS\SYSTEM32\WINMM.dll
0x00007ffaece10000 - 0x00007ffaece1b000 	C:\WINDOWS\SYSTEM32\VERSION.dll
0x00007ffaffd90000 - 0x00007ffaffda4000 	C:\WINDOWS\SYSTEM32\UMPDC.dll
0x00007ffafeca0000 - 0x00007ffafecbb000 	C:\WINDOWS\SYSTEM32\kernel.appcore.dll
0x00007ffaef7c0000 - 0x00007ffaef7ca000 	C:\Users\tu\.jdks\jbr-17.0.14\bin\jimage.dll
0x00007ffafdf40000 - 0x00007ffafe182000 	C:\WINDOWS\SYSTEM32\DBGHELP.DLL
0x00007ffb03290000 - 0x00007ffb03612000 	C:\WINDOWS\System32\combase.dll
0x00007ffb02310000 - 0x00007ffb023e8000 	C:\WINDOWS\System32\OLEAUT32.dll
0x00007ffadb610000 - 0x00007ffadb64b000 	C:\WINDOWS\SYSTEM32\dbgcore.DLL
0x00007ffb01360000 - 0x00007ffb01405000 	C:\WINDOWS\System32\bcryptPrimitives.dll
0x00007ffadc960000 - 0x00007ffadc985000 	C:\Users\tu\.jdks\jbr-17.0.14\bin\java.dll
0x00007ffad5f50000 - 0x00007ffad6027000 	C:\Users\tu\.jdks\jbr-17.0.14\bin\jsvml.dll
0x00007ffb01860000 - 0x00007ffb01fc7000 	C:\WINDOWS\System32\SHELL32.dll
0x00007ffb005f0000 - 0x00007ffb0075a000 	C:\WINDOWS\System32\wintypes.dll
0x00007ffb00810000 - 0x00007ffb01078000 	C:\WINDOWS\System32\windows.storage.dll
0x00007ffb02100000 - 0x00007ffb021f8000 	C:\WINDOWS\System32\SHCORE.dll
0x00007ffb02880000 - 0x00007ffb028e6000 	C:\WINDOWS\System32\shlwapi.dll
0x00007ffaffe70000 - 0x00007ffaffe99000 	C:\WINDOWS\SYSTEM32\profapi.dll
0x00007ffadca90000 - 0x00007ffadcaa8000 	C:\Users\tu\.jdks\jbr-17.0.14\bin\zip.dll
0x00007ffadc940000 - 0x00007ffadc959000 	C:\Users\tu\.jdks\jbr-17.0.14\bin\net.dll
0x00007ffaf7090000 - 0x00007ffaf71bd000 	C:\WINDOWS\SYSTEM32\WINHTTP.dll
0x00007ffaff1f0000 - 0x00007ffaff25c000 	C:\WINDOWS\system32\mswsock.dll
0x00007ffadc920000 - 0x00007ffadc936000 	C:\Users\tu\.jdks\jbr-17.0.14\bin\nio.dll
0x000002354ba90000 - 0x000002354ba93000 	C:\Users\tu\.openjfx\cache\21+31\amd64\api-ms-win-core-console-l1-1-0.dll
0x000002354baa0000 - 0x000002354baa3000 	C:\Users\tu\.openjfx\cache\21+31\amd64\api-ms-win-core-console-l1-2-0.dll
0x000002354bdb0000 - 0x000002354bdb3000 	C:\Users\tu\.openjfx\cache\21+31\amd64\api-ms-win-core-datetime-l1-1-0.dll
0x000002354bdc0000 - 0x000002354bdc3000 	C:\Users\tu\.openjfx\cache\21+31\amd64\api-ms-win-core-debug-l1-1-0.dll
0x000002354bdd0000 - 0x000002354bdd3000 	C:\Users\tu\.openjfx\cache\21+31\amd64\api-ms-win-core-errorhandling-l1-1-0.dll
0x000002354bde0000 - 0x000002354bde4000 	C:\Users\tu\.openjfx\cache\21+31\amd64\api-ms-win-core-file-l1-1-0.dll
0x000002354bdf0000 - 0x000002354bdf3000 	C:\Users\tu\.openjfx\cache\21+31\amd64\api-ms-win-core-file-l1-2-0.dll
0x000002356cf00000 - 0x000002356cf03000 	C:\Users\tu\.openjfx\cache\21+31\amd64\api-ms-win-core-file-l2-1-0.dll
0x000002356cf10000 - 0x000002356cf13000 	C:\Users\tu\.openjfx\cache\21+31\amd64\api-ms-win-core-handle-l1-1-0.dll
0x000002356cf20000 - 0x000002356cf23000 	C:\Users\tu\.openjfx\cache\21+31\amd64\api-ms-win-core-heap-l1-1-0.dll
0x000002356cf30000 - 0x000002356cf33000 	C:\Users\tu\.openjfx\cache\21+31\amd64\api-ms-win-core-interlocked-l1-1-0.dll
0x000002356cf40000 - 0x000002356cf43000 	C:\Users\tu\.openjfx\cache\21+31\amd64\api-ms-win-core-libraryloader-l1-1-0.dll
0x000002356cf50000 - 0x000002356cf53000 	C:\Users\tu\.openjfx\cache\21+31\amd64\api-ms-win-core-localization-l1-2-0.dll
0x000002356cf60000 - 0x000002356cf63000 	C:\Users\tu\.openjfx\cache\21+31\amd64\api-ms-win-core-memory-l1-1-0.dll
0x000002356cf70000 - 0x000002356cf73000 	C:\Users\tu\.openjfx\cache\21+31\amd64\api-ms-win-core-namedpipe-l1-1-0.dll
0x000002356cf80000 - 0x000002356cf83000 	C:\Users\tu\.openjfx\cache\21+31\amd64\api-ms-win-core-processenvironment-l1-1-0.dll
0x000002356cf90000 - 0x000002356cf93000 	C:\Users\tu\.openjfx\cache\21+31\amd64\api-ms-win-core-processthreads-l1-1-0.dll
0x000002356cfa0000 - 0x000002356cfa3000 	C:\Users\tu\.openjfx\cache\21+31\amd64\api-ms-win-core-processthreads-l1-1-1.dll
0x000002356cfb0000 - 0x000002356cfb3000 	C:\Users\tu\.openjfx\cache\21+31\amd64\api-ms-win-core-profile-l1-1-0.dll
0x000002356cfc0000 - 0x000002356cfc3000 	C:\Users\tu\.openjfx\cache\21+31\amd64\api-ms-win-core-rtlsupport-l1-1-0.dll
0x000002356cfd0000 - 0x000002356cfd3000 	C:\Users\tu\.openjfx\cache\21+31\amd64\api-ms-win-core-string-l1-1-0.dll
0x000002356cfe0000 - 0x000002356cfe3000 	C:\Users\tu\.openjfx\cache\21+31\amd64\api-ms-win-core-synch-l1-1-0.dll
0x000002356cff0000 - 0x000002356cff3000 	C:\Users\tu\.openjfx\cache\21+31\amd64\api-ms-win-core-synch-l1-2-0.dll
0x0000023571800000 - 0x0000023571803000 	C:\Users\tu\.openjfx\cache\21+31\amd64\api-ms-win-core-sysinfo-l1-1-0.dll
0x0000023571810000 - 0x0000023571813000 	C:\Users\tu\.openjfx\cache\21+31\amd64\api-ms-win-core-timezone-l1-1-0.dll
0x0000023571820000 - 0x0000023571823000 	C:\Users\tu\.openjfx\cache\21+31\amd64\api-ms-win-core-util-l1-1-0.dll
0x0000023571830000 - 0x0000023571833000 	C:\Users\tu\.openjfx\cache\21+31\amd64\api-ms-win-crt-conio-l1-1-0.dll
0x0000023571840000 - 0x0000023571844000 	C:\Users\tu\.openjfx\cache\21+31\amd64\api-ms-win-crt-convert-l1-1-0.dll
0x0000023571850000 - 0x0000023571853000 	C:\Users\tu\.openjfx\cache\21+31\amd64\api-ms-win-crt-environment-l1-1-0.dll
0x0000023571860000 - 0x0000023571863000 	C:\Users\tu\.openjfx\cache\21+31\amd64\api-ms-win-crt-filesystem-l1-1-0.dll
0x0000023571870000 - 0x0000023571873000 	C:\Users\tu\.openjfx\cache\21+31\amd64\api-ms-win-crt-heap-l1-1-0.dll
0x0000023571880000 - 0x0000023571883000 	C:\Users\tu\.openjfx\cache\21+31\amd64\api-ms-win-crt-locale-l1-1-0.dll
0x0000023571890000 - 0x0000023571895000 	C:\Users\tu\.openjfx\cache\21+31\amd64\api-ms-win-crt-math-l1-1-0.dll
0x00000235718a0000 - 0x00000235718a5000 	C:\Users\tu\.openjfx\cache\21+31\amd64\api-ms-win-crt-multibyte-l1-1-0.dll
0x00000235718b0000 - 0x00000235718c0000 	C:\Users\tu\.openjfx\cache\21+31\amd64\api-ms-win-crt-private-l1-1-0.dll
0x00000235718c0000 - 0x00000235718c3000 	C:\Users\tu\.openjfx\cache\21+31\amd64\api-ms-win-crt-process-l1-1-0.dll
0x00000235718d0000 - 0x00000235718d4000 	C:\Users\tu\.openjfx\cache\21+31\amd64\api-ms-win-crt-runtime-l1-1-0.dll
0x00000235718e0000 - 0x00000235718e4000 	C:\Users\tu\.openjfx\cache\21+31\amd64\api-ms-win-crt-stdio-l1-1-0.dll
0x00000235718f0000 - 0x00000235718f4000 	C:\Users\tu\.openjfx\cache\21+31\amd64\api-ms-win-crt-string-l1-1-0.dll
0x0000023571900000 - 0x0000023571903000 	C:\Users\tu\.openjfx\cache\21+31\amd64\api-ms-win-crt-time-l1-1-0.dll
0x0000023571910000 - 0x0000023571913000 	C:\Users\tu\.openjfx\cache\21+31\amd64\api-ms-win-crt-utility-l1-1-0.dll
0x00007ffaba150000 - 0x00007ffaba24c000 	C:\Users\tu\.openjfx\cache\21+31\amd64\ucrtbase.dll
0x00007ffad5dc0000 - 0x00007ffad5ddb000 	C:\Users\tu\.openjfx\cache\21+31\amd64\vcruntime140.dll
0x00007ffae09c0000 - 0x00007ffae09cc000 	C:\Users\tu\.openjfx\cache\21+31\amd64\vcruntime140_1.dll
0x00007ffabb3c0000 - 0x00007ffabb44e000 	C:\Users\tu\.openjfx\cache\21+31\amd64\msvcp140.dll
0x00007ffb01530000 - 0x00007ffb016c7000 	C:\WINDOWS\System32\ole32.dll
0x00007ffadc830000 - 0x00007ffadc839000 	C:\Users\tu\.openjfx\cache\21+31\amd64\msvcp140_1.dll
0x00007ffad5d90000 - 0x00007ffad5dbf000 	C:\Users\tu\.openjfx\cache\21+31\amd64\msvcp140_2.dll
0x00007ffad5d60000 - 0x00007ffad5d8f000 	C:\Users\tu\.openjfx\cache\21+31\amd64\prism_d3d.dll
0x00007ffa4ea40000 - 0x00007ffa4ebf2000 	C:\WINDOWS\system32\d3d9.dll
0x00007ffafd7a0000 - 0x00007ffafd7cf000 	C:\WINDOWS\SYSTEM32\dwmapi.dll
0x00007ffafd5c0000 - 0x00007ffafd603000 	C:\WINDOWS\SYSTEM32\dxcore.dll
0x00007ffafd4f0000 - 0x00007ffafd599000 	C:\WINDOWS\system32\uxtheme.dll
0x00007ffa47f00000 - 0x00007ffa4819f000 	C:\WINDOWS\System32\DriverStore\FileRepository\iigd_dch.inf_amd64_c9b9aa9621425518\igdumdim64.dll
0x00007ffa07fe0000 - 0x00007ffa09c7a000 	C:\WINDOWS\System32\DriverStore\FileRepository\iigd_dch.inf_amd64_c9b9aa9621425518\igd9trinity64.dll
0x00007ffafd630000 - 0x00007ffafd771000 	C:\WINDOWS\system32\dxgi.dll
0x00007ffaf5610000 - 0x00007ffaf5bbb000 	C:\WINDOWS\System32\DriverStore\FileRepository\iigd_dch.inf_amd64_c9b9aa9621425518\igdgmm64.dll
0x00007ffaf02a0000 - 0x00007ffaf5554000 	C:\WINDOWS\System32\DriverStore\FileRepository\iigd_dch.inf_amd64_c9b9aa9621425518\igc64.dll
0x00007ffab63a0000 - 0x00007ffab63ee000 	C:\WINDOWS\SYSTEM32\ControlLib.dll
0x00007ffaffac0000 - 0x00007ffaffb11000 	C:\WINDOWS\SYSTEM32\CFGMGR32.dll
0x00007ffac70f0000 - 0x00007ffac719f000 	C:\WINDOWS\System32\DriverStore\FileRepository\iigd_dch.inf_amd64_c9b9aa9621425518\IntelControlLib.dll
0x00007ffafc1e0000 - 0x00007ffafc443000 	C:\WINDOWS\SYSTEM32\d3d11.dll
0x00007ffaf8340000 - 0x00007ffaf83a1000 	C:\WINDOWS\SYSTEM32\directxdatabasehelper.dll
0x00007ffa06870000 - 0x00007ffa07fdb000 	C:\WINDOWS\System32\DriverStore\FileRepository\iigd_dch.inf_amd64_c9b9aa9621425518\igd9dxva64.dll
0x00007ffb023f0000 - 0x00007ffb02877000 	C:\WINDOWS\System32\SETUPAPI.dll
0x00007ffae2fb0000 - 0x00007ffae5083000 	C:\WINDOWS\System32\DriverStore\FileRepository\iigd_dch.inf_amd64_c9b9aa9621425518\media_bin_64.dll
0x00007ffac89e0000 - 0x00007ffac8a22000 	C:\Users\tu\.openjfx\cache\21+31\amd64\glass.dll
0x00007ffb02210000 - 0x00007ffb022ff000 	C:\WINDOWS\System32\COMDLG32.dll
0x00007ffb02c10000 - 0x00007ffb02d6c000 	C:\WINDOWS\System32\MSCTF.dll
0x00007ffa47d50000 - 0x00007ffa47ef1000 	C:\WINDOWS\System32\DriverStore\FileRepository\iigd_dch.inf_amd64_c9b9aa9621425518\igdml64.dll
0x00007ffae2ef0000 - 0x00007ffae2f18000 	C:\WINDOWS\System32\DriverStore\FileRepository\iigd_dch.inf_amd64_c9b9aa9621425518\igdinfo64.dll

dbghelp: loaded successfully - version: 4.0.5 - missing functions: none
symbol engine: initialized successfully - sym options: 0x614 - pdb path: .;C:\Users\tu\.jdks\jbr-17.0.14\bin;C:\WINDOWS\SYSTEM32;C:\WINDOWS\WinSxS\amd64_microsoft.windows.common-controls_6595b64144ccf1df_6.0.26100.8115_none_3e075c82e3354f9c;C:\Users\tu\.jdks\jbr-17.0.14\bin\server;C:\Users\tu\.openjfx\cache\21+31\amd64;C:\WINDOWS\System32\DriverStore\FileRepository\iigd_dch.inf_amd64_c9b9aa9621425518

VM Arguments:
jvm_args: -Dfile.encoding=IBM850 --module-path=C:\Users\tu\.m2\repository\org\openjfx\javafx-base\21\javafx-base-21-win.jar;C:\Users\tu\.m2\repository\org\openjfx\javafx-base\21\javafx-base-21.jar;C:\Users\tu\.m2\repository\org\openjfx\javafx-controls\21\javafx-controls-21-win.jar;C:\Users\tu\.m2\repository\org\openjfx\javafx-controls\21\javafx-controls-21.jar;C:\Users\tu\.m2\repository\org\openjfx\javafx-fxml\21\javafx-fxml-21-win.jar;C:\Users\tu\.m2\repository\org\openjfx\javafx-fxml\21\javafx-fxml-21.jar;C:\Users\tu\.m2\repository\org\openjfx\javafx-graphics\21\javafx-graphics-21-win.jar;C:\Users\tu\.m2\repository\org\openjfx\javafx-graphics\21\javafx-graphics-21.jar --add-modules=javafx.base,javafx.controls,javafx.fxml,javafx.graphics 
java_command: utilies.MainApp
java_class_path (initial): C:\monjava\smoka_user\target\classes;C:\Users\tu\.m2\repository\com\google\protobuf\protobuf-java\3.25.1\protobuf-java-3.25.1.jar;C:\Users\tu\.m2\repository\com\mysql\mysql-connector-j\8.3.0\mysql-connector-j-8.3.0.jar
Launcher Type: SUN_STANDARD

[Global flags]
     intx CICompilerCount                          = 4                                         {product} {ergonomic}
     uint ConcGCThreads                            = 3                                         {product} {ergonomic}
     uint G1ConcRefinementThreads                  = 10                                        {product} {ergonomic}
   size_t G1HeapRegionSize                         = 2097152                                   {product} {ergonomic}
    uintx GCDrainStackTargetSize                   = 64                                        {product} {ergonomic}
   size_t InitialHeapSize                          = 264241152                                 {product} {ergonomic}
   size_t MarkStackSize                            = 4194304                                   {product} {ergonomic}
   size_t MaxHeapSize                              = 4202692608                                {product} {ergonomic}
   size_t MaxNewSize                               = 2520776704                                {product} {ergonomic}
   size_t MinHeapDeltaBytes                        = 2097152                                   {product} {ergonomic}
   size_t MinHeapSize                              = 8388608                                   {product} {ergonomic}
    uintx NonNMethodCodeHeapSize                   = 5839372                                {pd product} {ergonomic}
    uintx NonProfiledCodeHeapSize                  = 122909434                              {pd product} {ergonomic}
    uintx ProfiledCodeHeapSize                     = 122909434                              {pd product} {ergonomic}
    uintx ReservedCodeCacheSize                    = 251658240                              {pd product} {ergonomic}
     bool SegmentedCodeCache                       = true                                      {product} {ergonomic}
   size_t SoftMaxHeapSize                          = 4202692608                             {manageable} {ergonomic}
     bool UseCompressedClassPointers               = true                           {product lp64_product} {ergonomic}
     bool UseCompressedOops                        = true                           {product lp64_product} {ergonomic}
     bool UseG1GC                                  = true                                      {product} {ergonomic}
     bool UseLargePagesIndividualAllocation        = false                                  {pd product} {ergonomic}

Logging:
Log output configuration:
 #0: stdout all=warning uptime,level,tags
 #1: stderr all=off uptime,level,tags

Environment Variables:
JAVA_HOME=C:\Users\tu\.jdks\jbr-17.0.14
JAVA_TOOL_OPTIONS=-Dfile.encoding=IBM850
PATH=C:\oraclexe\app\oracle\product\11.2.0\server\bin;;C:\Program Files (x86)\Common Files\Oracle\Java\javapath;C:\Program Files (x86)\VMware\VMware Workstation\bin\;C:\WINDOWS\system32;C:\WINDOWS;C:\WINDOWS\System32\Wbem;C:\WINDOWS\System32\WindowsPowerShell\v1.0\;C:\WINDOWS\System32\OpenSSH\;C:\Program Files (x86)\Microsoft SQL Server\160\Tools\Binn\;C:\Program Files\Microsoft SQL Server\160\Tools\Binn\;C:\Program Files\Microsoft SQL Server\Client SDK\ODBC\170\Tools\Binn\;C:\Program Files\Microsoft SQL Server\160\DTS\Binn\;C:\Program Files (x86)\Windows Kits\8.1\Windows Performance Toolkit\;C:\Program Files (x86)\Microchip\MPLAB C32 Suite\bin;C:\Program Files\Git\cmd;C:\Users\tu\AppData\Local\Microsoft\WindowsApps;C:\Users\tu\AppData\Local\Programs\Microsoft VS Code\bin;C:\Users\tu\AppData\Local\Programs\Windsurf\bin
USERNAME=tu
OS=Windows_NT
PROCESSOR_IDENTIFIER=Intel64 Family 6 Model 186 Stepping 3, GenuineIntel
TMP=C:\Users\tu\AppData\Local\Temp
TEMP=C:\Users\tu\AppData\Local\Temp



Periodic native trim disabled

JNI global refs:
JNI global refs: 14, weak refs: 0

JNI global refs memory usage: 843, weak refs: 209

Process memory usage:
Resident Set Size: 124792K (0% of 16412432K total physical memory with 1722940K free physical memory)

OOME stack traces (most recent first):
Classloader memory used:
Loader jdk.internal.loader.ClassLoaders$AppClassLoader                                 : 382K
Loader bootstrap                                                                       : 282K
Loader jdk.internal.loader.ClassLoaders$PlatformClassLoader                            : 509B
Loader jdk.internal.reflect.DelegatingClassLoader                                      : 432B


---------------  S Y S T E M  ---------------

OS:
 Windows 11 , 64 bit Build 26100 (10.0.26100.8246)
OS uptime: 0 days 4:53 hours
Hyper-V role detected

CPU: total 12 (initial active 12) (6 cores per cpu, 2 threads per core) family 6 model 186 stepping 3 microcode 0x4121, cx8, cmov, fxsr, ht, mmx, 3dnowpref, sse, sse2, sse3, ssse3, sse4.1, sse4.2, popcnt, lzcnt, tsc, tscinvbit, avx, avx2, aes, erms, clmul, bmi1, bmi2, adx, sha, fma, vzeroupper, clflush, clflushopt, clwb, hv
Processor Information for processor 0
  Max Mhz: 1700, Current Mhz: 1700, Mhz Limit: 1700
Processor Information for processor 1
  Max Mhz: 1700, Current Mhz: 1700, Mhz Limit: 1700
Processor Information for processor 2
  Max Mhz: 1700, Current Mhz: 1700, Mhz Limit: 1700
Processor Information for processor 3
  Max Mhz: 1700, Current Mhz: 1700, Mhz Limit: 1700
Processor Information for processor 4
  Max Mhz: 1700, Current Mhz: 1200, Mhz Limit: 1190
Processor Information for processor 5
  Max Mhz: 1700, Current Mhz: 1200, Mhz Limit: 1190
Processor Information for processor 6
  Max Mhz: 1700, Current Mhz: 1200, Mhz Limit: 1190
Processor Information for processor 7
  Max Mhz: 1700, Current Mhz: 1200, Mhz Limit: 1190
Processor Information for processor 8
  Max Mhz: 1700, Current Mhz: 1200, Mhz Limit: 1190
Processor Information for processor 9
  Max Mhz: 1700, Current Mhz: 1200, Mhz Limit: 1190
Processor Information for processor 10
  Max Mhz: 1700, Current Mhz: 1200, Mhz Limit: 1190
Processor Information for processor 11
  Max Mhz: 1700, Current Mhz: 1200, Mhz Limit: 1190

Memory: 4k page, system-wide physical 16027M (1682M free)
TotalPageFile size 20867M (AvailPageFile size 3M)
current process WorkingSet (physical memory assigned to process): 121M, peak: 121M
current process commit charge ("private bytes"): 407M, peak: 409M

vm_info: OpenJDK 64-Bit Server VM (17.0.14+1-b1367.22) for windows-amd64 JRE (17.0.14+1-b1367.22), built on 2025-01-30 by "builduser" with MS VC++ 16.10 / 16.11 (VS2019)

END.
